2025-11-05 14:26:06.269 [info] Extension host with pid 5706 started
2025-11-05 14:26:06.280 [info] Lock '/home/coder/.local/share/code-server/User/workspaceStorage/7e737501/vscode.lock': Lock acquired.
2025-11-05 14:26:10.995 [info] ExtensionService#_doActivateExtension ms-python.python, startup: false, activationEvent: 'onLanguage:python', root cause: ms-python.debugpy
2025-11-05 14:26:10.997 [info] ExtensionService#_doActivateExtension ms-python.vscode-python-envs, startup: false, activationEvent: 'onLanguage:python'
2025-11-05 14:26:10.997 [info] ExtensionService#_doActivateExtension vscode.emmet, startup: false, activationEvent: 'onLanguage'
2025-11-05 14:26:12.207 [info] ExtensionService#_doActivateExtension vscode.git-base, startup: true, activationEvent: '*', root cause: vscode.git
2025-11-05 14:26:12.769 [info] ExtensionService#_doActivateExtension vscode.git, startup: true, activationEvent: '*'
2025-11-05 14:26:12.770 [info] ExtensionService#_doActivateExtension vscode.github, startup: true, activationEvent: '*'
2025-11-05 14:26:22.210 [info] ExtensionService#_doActivateExtension vscode.debug-auto-launch, startup: false, activationEvent: 'onStartupFinished'
2025-11-05 14:26:22.211 [info] ExtensionService#_doActivateExtension vscode.merge-conflict, startup: false, activationEvent: 'onStartupFinished'
2025-11-05 14:26:26.897 [info] ExtensionService#_doActivateExtension ms-python.debugpy, startup: false, activationEvent: 'onLanguage:python'
2025-11-05 14:26:27.085 [info] Eager extensions activated
2025-11-05 14:28:08.393 [info] ExtensionService#_doActivateExtension vscode.terminal-suggest, startup: false, activationEvent: 'onTerminalShellIntegration:*'
2025-11-05 14:28:10.445 [info] ExtensionService#_doActivateExtension vscode.npm, startup: false, activationEvent: 'onTerminalQuickFixRequest:ms-vscode.npm-command'
2025-11-05 14:28:32.487 [info] ExtensionService#_doActivateExtension vscode.configuration-editing, startup: false, activationEvent: 'onLanguage:json'
2025-11-05 14:28:32.487 [info] ExtensionService#_doActivateExtension vscode.extension-editing, startup: false, activationEvent: 'onLanguage:json'
2025-11-05 14:28:32.487 [info] ExtensionService#_doActivateExtension vscode.json-language-features, startup: false, activationEvent: 'onLanguage:json'
2025-11-05 14:44:05.306 [error] [ms-python.python] provider FAILED
2025-11-05 14:44:05.306 [error] Error: UnboundLocalError: cannot access local variable 'end_index' where it is not associated with a value
	at ae (/home/coder/.local/share/code-server/extensions/ms-python.python-2025.16.0-universal/out/client/extension.js:2:2018252)
	at oe (/home/coder/.local/share/code-server/extensions/ms-python.python-2025.16.0-universal/out/client/extension.js:2:2016212)
	at Immediate.<anonymous> (/home/coder/.local/share/code-server/extensions/ms-python.python-2025.16.0-universal/out/client/extension.js:2:2012506)
	at process.processImmediate (node:internal/timers:485:21)
2025-11-05 14:44:11.138 [error] [ms-python.python] provider FAILED
2025-11-05 14:44:11.138 [error] Error: UnboundLocalError: cannot access local variable 'end_index' where it is not associated with a value
	at ae (/home/coder/.local/share/code-server/extensions/ms-python.python-2025.16.0-universal/out/client/extension.js:2:2018252)
	at oe (/home/coder/.local/share/code-server/extensions/ms-python.python-2025.16.0-universal/out/client/extension.js:2:2016212)
	at Immediate.<anonymous> (/home/coder/.local/share/code-server/extensions/ms-python.python-2025.16.0-universal/out/client/extension.js:2:2012506)
	at process.processImmediate (node:internal/timers:485:21)
2025-11-05 14:47:42.115 [error] [ms-python.python] provider FAILED
2025-11-05 14:47:42.116 [error] Error: UnboundLocalError: cannot access local variable 'start_index' where it is not associated with a value
	at ae (/home/coder/.local/share/code-server/extensions/ms-python.python-2025.16.0-universal/out/client/extension.js:2:2018252)
	at oe (/home/coder/.local/share/code-server/extensions/ms-python.python-2025.16.0-universal/out/client/extension.js:2:2016212)
	at Immediate.<anonymous> (/home/coder/.local/share/code-server/extensions/ms-python.python-2025.16.0-universal/out/client/extension.js:2:2012506)
	at process.processImmediate (node:internal/timers:485:21)
2025-11-05 14:47:47.632 [error] [ms-python.python] provider FAILED
2025-11-05 14:47:47.632 [error] Error: UnboundLocalError: cannot access local variable 'start_index' where it is not associated with a value
	at ae (/home/coder/.local/share/code-server/extensions/ms-python.python-2025.16.0-universal/out/client/extension.js:2:2018252)
	at oe (/home/coder/.local/share/code-server/extensions/ms-python.python-2025.16.0-universal/out/client/extension.js:2:2016212)
	at Immediate.<anonymous> (/home/coder/.local/share/code-server/extensions/ms-python.python-2025.16.0-universal/out/client/extension.js:2:2012506)
	at process.processImmediate (node:internal/timers:485:21)
2025-11-05 14:47:51.926 [error] [ms-python.python] provider FAILED
2025-11-05 14:47:51.926 [error] Error: UnboundLocalError: cannot access local variable 'start_index' where it is not associated with a value
	at ae (/home/coder/.local/share/code-server/extensions/ms-python.python-2025.16.0-universal/out/client/extension.js:2:2018252)
	at oe (/home/coder/.local/share/code-server/extensions/ms-python.python-2025.16.0-universal/out/client/extension.js:2:2016212)
	at Immediate.<anonymous> (/home/coder/.local/share/code-server/extensions/ms-python.python-2025.16.0-universal/out/client/extension.js:2:2012506)
	at process.processImmediate (node:internal/timers:485:21)
2025-11-05 14:47:56.062 [error] [ms-python.python] provider FAILED
2025-11-05 14:47:56.062 [error] Error: UnboundLocalError: cannot access local variable 'start_index' where it is not associated with a value
	at ae (/home/coder/.local/share/code-server/extensions/ms-python.python-2025.16.0-universal/out/client/extension.js:2:2018252)
	at oe (/home/coder/.local/share/code-server/extensions/ms-python.python-2025.16.0-universal/out/client/extension.js:2:2016212)
	at Immediate.<anonymous> (/home/coder/.local/share/code-server/extensions/ms-python.python-2025.16.0-universal/out/client/extension.js:2:2012506)
	at process.processImmediate (node:internal/timers:485:21)
2025-11-05 17:31:40.603 [info] Extension host terminating: received terminate message from renderer
2025-11-05 17:31:40.605 [info] Lock '/home/coder/.local/share/code-server/User/workspaceStorage/7e737501/vscode.lock': Marking the lockfile as scheduled to be released in 6000 ms.
2025-11-05 17:31:40.687 [error] TypeError: Cannot read properties of undefined (reading 'subscriptions')
	at Object.X [as deactivate] (/home/coder/.local/share/code-server/extensions/ms-python.vscode-python-envs-1.10.0-universal/dist/extension.js:2:668378)
	at lJ.eb (file:///usr/lib/code-server/lib/vscode/out/vs/workbench/api/node/extensionHostProcess.js:116:11836)
	at file:///usr/lib/code-server/lib/vscode/out/vs/workbench/api/node/extensionHostProcess.js:116:9986
	at Array.map (<anonymous>)
	at lJ.$ (file:///usr/lib/code-server/lib/vscode/out/vs/workbench/api/node/extensionHostProcess.js:116:9974)
	at lJ.terminate (file:///usr/lib/code-server/lib/vscode/out/vs/workbench/api/node/extensionHostProcess.js:116:10217)
	at R3.terminate (file:///usr/lib/code-server/lib/vscode/out/vs/workbench/api/node/extensionHostProcess.js:118:914)
	at ys (file:///usr/lib/code-server/lib/vscode/out/vs/workbench/api/node/extensionHostProcess.js:391:10411)
	at od.value (file:///usr/lib/code-server/lib/vscode/out/vs/workbench/api/node/extensionHostProcess.js:391:8562)
	at $.C (file:///usr/lib/code-server/lib/vscode/out/vs/workbench/api/node/extensionHostProcess.js:27:2373)
	at $.fire (file:///usr/lib/code-server/lib/vscode/out/vs/workbench/api/node/extensionHostProcess.js:27:2591)
	at wo.fire (file:///usr/lib/code-server/lib/vscode/out/vs/workbench/api/node/extensionHostProcess.js:29:9458)
	at iv.A (file:///usr/lib/code-server/lib/vscode/out/vs/workbench/api/node/extensionHostProcess.js:29:12574)
	at od.value (file:///usr/lib/code-server/lib/vscode/out/vs/workbench/api/node/extensionHostProcess.js:29:10994)
	at $.C (file:///usr/lib/code-server/lib/vscode/out/vs/workbench/api/node/extensionHostProcess.js:27:2373)
	at $.fire (file:///usr/lib/code-server/lib/vscode/out/vs/workbench/api/node/extensionHostProcess.js:27:2591)
	at yE.acceptChunk (file:///usr/lib/code-server/lib/vscode/out/vs/workbench/api/node/extensionHostProcess.js:29:7941)
	at od.value (file:///usr/lib/code-server/lib/vscode/out/vs/workbench/api/node/extensionHostProcess.js:29:7227)
	at $.C (file:///usr/lib/code-server/lib/vscode/out/vs/workbench/api/node/extensionHostProcess.js:27:2373)
	at $.fire (file:///usr/lib/code-server/lib/vscode/out/vs/workbench/api/node/extensionHostProcess.js:27:2591)
	at gN.z (file:///usr/lib/code-server/lib/vscode/out/vs/workbench/api/node/extensionHostProcess.js:29:21724)
2025-11-05 17:31:40.702 [info] Extension host with pid 5706 exiting with code 0
