2025-11-08 02:05:33.269 [info] Extension host with pid 439 started
2025-11-08 02:05:33.269 [error] Error: EEXIST: file already exists, open '/home/coder/.local/share/code-server/User/workspaceStorage/1cebbed7/vscode.lock'
2025-11-08 02:05:33.272 [info] Lock '/home/coder/.local/share/code-server/User/workspaceStorage/1cebbed7/vscode.lock': Could not acquire lock, checking if the file is stale.
2025-11-08 02:05:33.370 [info] Lock '/home/coder/.local/share/code-server/User/workspaceStorage/1cebbed7/vscode.lock': The pid 20629 appears to be gone.
2025-11-08 02:05:33.372 [info] Lock '/home/coder/.local/share/code-server/User/workspaceStorage/1cebbed7/vscode.lock': Deleting a stale lock.
2025-11-08 02:05:33.379 [info] Lock '/home/coder/.local/share/code-server/User/workspaceStorage/1cebbed7/vscode.lock': Lock acquired.
2025-11-08 02:05:34.884 [info] ExtensionService#_doActivateExtension ms-python.python, startup: false, activationEvent: 'onLanguage:python', root cause: ms-python.debugpy
2025-11-08 02:05:34.972 [info] ExtensionService#_doActivateExtension ms-python.vscode-python-envs, startup: false, activationEvent: 'onLanguage:python'
2025-11-08 02:05:34.973 [info] ExtensionService#_doActivateExtension vscode.emmet, startup: false, activationEvent: 'onLanguage'
2025-11-08 02:05:38.593 [info] ExtensionService#_doActivateExtension vscode.git-base, startup: true, activationEvent: '*', root cause: vscode.git
2025-11-08 02:05:38.782 [info] ExtensionService#_doActivateExtension vscode.terminal-suggest, startup: false, activationEvent: 'onTerminalShellIntegration:*'
2025-11-08 02:05:40.066 [info] ExtensionService#_doActivateExtension vscode.git, startup: true, activationEvent: '*'
2025-11-08 02:05:40.067 [info] ExtensionService#_doActivateExtension vscode.github, startup: true, activationEvent: '*'
2025-11-08 02:05:44.968 [info] ExtensionService#_doActivateExtension ms-python.debugpy, startup: false, activationEvent: 'onLanguage:python'
2025-11-08 02:05:45.381 [info] Eager extensions activated
2025-11-08 02:05:45.381 [info] ExtensionService#_doActivateExtension vscode.debug-auto-launch, startup: false, activationEvent: 'onStartupFinished'
2025-11-08 02:05:45.382 [info] ExtensionService#_doActivateExtension vscode.merge-conflict, startup: false, activationEvent: 'onStartupFinished'
2025-11-08 02:19:38.773 [info] ExtensionService#_doActivateExtension vscode.npm, startup: false, activationEvent: 'onTerminalQuickFixRequest:ms-vscode.npm-command'
2025-11-08 02:19:44.914 [info] ExtensionService#_doActivateExtension vscode.configuration-editing, startup: false, activationEvent: 'onLanguage:json'
2025-11-08 02:19:44.914 [info] ExtensionService#_doActivateExtension vscode.extension-editing, startup: false, activationEvent: 'onLanguage:json'
2025-11-08 02:19:44.914 [info] ExtensionService#_doActivateExtension vscode.json-language-features, startup: false, activationEvent: 'onLanguage:json'
2025-11-08 02:40:27.380 [error] [ms-python.python] provider FAILED
2025-11-08 02:40:27.382 [error] Error: UnboundLocalError: cannot access local variable 'start_index' where it is not associated with a value
	at ae (/home/coder/.local/share/code-server/extensions/ms-python.python-2025.16.0-universal/out/client/extension.js:2:2018252)
	at oe (/home/coder/.local/share/code-server/extensions/ms-python.python-2025.16.0-universal/out/client/extension.js:2:2016212)
	at Immediate.<anonymous> (/home/coder/.local/share/code-server/extensions/ms-python.python-2025.16.0-universal/out/client/extension.js:2:2012506)
	at process.processImmediate (node:internal/timers:485:21)
2025-11-08 02:40:28.272 [error] [ms-python.python] provider FAILED
2025-11-08 02:40:28.272 [error] Error: UnboundLocalError: cannot access local variable 'start_index' where it is not associated with a value
	at ae (/home/coder/.local/share/code-server/extensions/ms-python.python-2025.16.0-universal/out/client/extension.js:2:2018252)
	at oe (/home/coder/.local/share/code-server/extensions/ms-python.python-2025.16.0-universal/out/client/extension.js:2:2016212)
	at Immediate.<anonymous> (/home/coder/.local/share/code-server/extensions/ms-python.python-2025.16.0-universal/out/client/extension.js:2:2012506)
	at process.processImmediate (node:internal/timers:485:21)
2025-11-08 02:52:53.904 [error] [ms-python.python] provider FAILED
2025-11-08 02:52:53.904 [error] Error: UnboundLocalError: cannot access local variable 'start_index' where it is not associated with a value
	at ae (/home/coder/.local/share/code-server/extensions/ms-python.python-2025.16.0-universal/out/client/extension.js:2:2018252)
	at oe (/home/coder/.local/share/code-server/extensions/ms-python.python-2025.16.0-universal/out/client/extension.js:2:2016212)
	at Immediate.<anonymous> (/home/coder/.local/share/code-server/extensions/ms-python.python-2025.16.0-universal/out/client/extension.js:2:2012506)
	at process.processImmediate (node:internal/timers:485:21)
2025-11-08 02:53:24.002 [error] [ms-python.python] provider FAILED
2025-11-08 02:53:24.002 [error] Error: UnboundLocalError: cannot access local variable 'start_index' where it is not associated with a value
	at ae (/home/coder/.local/share/code-server/extensions/ms-python.python-2025.16.0-universal/out/client/extension.js:2:2018252)
	at oe (/home/coder/.local/share/code-server/extensions/ms-python.python-2025.16.0-universal/out/client/extension.js:2:2016212)
	at Immediate.<anonymous> (/home/coder/.local/share/code-server/extensions/ms-python.python-2025.16.0-universal/out/client/extension.js:2:2012506)
	at process.processImmediate (node:internal/timers:485:21)
2025-11-08 02:53:25.177 [error] [ms-python.python] provider FAILED
2025-11-08 02:53:25.178 [error] Error: UnboundLocalError: cannot access local variable 'start_index' where it is not associated with a value
	at ae (/home/coder/.local/share/code-server/extensions/ms-python.python-2025.16.0-universal/out/client/extension.js:2:2018252)
	at oe (/home/coder/.local/share/code-server/extensions/ms-python.python-2025.16.0-universal/out/client/extension.js:2:2016212)
	at Immediate.<anonymous> (/home/coder/.local/share/code-server/extensions/ms-python.python-2025.16.0-universal/out/client/extension.js:2:2012506)
	at process.processImmediate (node:internal/timers:485:21)
2025-11-08 02:53:26.581 [error] [ms-python.python] provider FAILED
2025-11-08 02:53:26.581 [error] Error: UnboundLocalError: cannot access local variable 'start_index' where it is not associated with a value
	at ae (/home/coder/.local/share/code-server/extensions/ms-python.python-2025.16.0-universal/out/client/extension.js:2:2018252)
	at oe (/home/coder/.local/share/code-server/extensions/ms-python.python-2025.16.0-universal/out/client/extension.js:2:2016212)
	at Immediate.<anonymous> (/home/coder/.local/share/code-server/extensions/ms-python.python-2025.16.0-universal/out/client/extension.js:2:2012506)
	at process.processImmediate (node:internal/timers:485:21)
2025-11-08 03:24:55.870 [info] Extension host terminating: received terminate message from renderer
2025-11-08 03:24:55.880 [info] Lock '/home/coder/.local/share/code-server/User/workspaceStorage/1cebbed7/vscode.lock': Marking the lockfile as scheduled to be released in 6000 ms.
2025-11-08 03:24:56.377 [error] TypeError: Cannot read properties of undefined (reading 'subscriptions')
	at Object.X [as deactivate] (/home/coder/.local/share/code-server/extensions/ms-python.vscode-python-envs-1.10.0-universal/dist/extension.js:2:668378)
	at lJ.eb (file:///usr/lib/code-server/lib/vscode/out/vs/workbench/api/node/extensionHostProcess.js:116:11836)
	at file:///usr/lib/code-server/lib/vscode/out/vs/workbench/api/node/extensionHostProcess.js:116:9986
	at Array.map (<anonymous>)
	at lJ.$ (file:///usr/lib/code-server/lib/vscode/out/vs/workbench/api/node/extensionHostProcess.js:116:9974)
	at lJ.terminate (file:///usr/lib/code-server/lib/vscode/out/vs/workbench/api/node/extensionHostProcess.js:116:10217)
	at R3.terminate (file:///usr/lib/code-server/lib/vscode/out/vs/workbench/api/node/extensionHostProcess.js:118:914)
	at ys (file:///usr/lib/code-server/lib/vscode/out/vs/workbench/api/node/extensionHostProcess.js:391:10411)
	at od.value (file:///usr/lib/code-server/lib/vscode/out/vs/workbench/api/node/extensionHostProcess.js:391:8562)
	at $.C (file:///usr/lib/code-server/lib/vscode/out/vs/workbench/api/node/extensionHostProcess.js:27:2373)
	at $.fire (file:///usr/lib/code-server/lib/vscode/out/vs/workbench/api/node/extensionHostProcess.js:27:2591)
	at wo.fire (file:///usr/lib/code-server/lib/vscode/out/vs/workbench/api/node/extensionHostProcess.js:29:9458)
	at iv.A (file:///usr/lib/code-server/lib/vscode/out/vs/workbench/api/node/extensionHostProcess.js:29:12574)
	at od.value (file:///usr/lib/code-server/lib/vscode/out/vs/workbench/api/node/extensionHostProcess.js:29:10994)
	at $.C (file:///usr/lib/code-server/lib/vscode/out/vs/workbench/api/node/extensionHostProcess.js:27:2373)
	at $.fire (file:///usr/lib/code-server/lib/vscode/out/vs/workbench/api/node/extensionHostProcess.js:27:2591)
	at yE.acceptChunk (file:///usr/lib/code-server/lib/vscode/out/vs/workbench/api/node/extensionHostProcess.js:29:7941)
	at od.value (file:///usr/lib/code-server/lib/vscode/out/vs/workbench/api/node/extensionHostProcess.js:29:7227)
	at $.C (file:///usr/lib/code-server/lib/vscode/out/vs/workbench/api/node/extensionHostProcess.js:27:2373)
	at $.fire (file:///usr/lib/code-server/lib/vscode/out/vs/workbench/api/node/extensionHostProcess.js:27:2591)
	at gN.z (file:///usr/lib/code-server/lib/vscode/out/vs/workbench/api/node/extensionHostProcess.js:29:21724)
2025-11-08 03:24:56.588 [info] Extension host with pid 439 exiting with code 0
