File not found: /usr/lib/code-server/lib/vscode/node_modules/vsda/rust/web/vsda.js
File not found: /usr/lib/code-server/lib/vscode/node_modules/vsda/rust/web/vsda_bg.wasm
[00:22:14] #3: https://open-vsx.org/vscode/gallery/vscode/ms-python/debugpy/latest - error GET connect ECONNREFUSED 127.0.0.1:80
[00:22:14] Error while getting the latest version for the extension ms-python.debugpy from https://open-vsx.org/vscode/gallery/vscode/{publisher}/{name}/latest. Trying the fallback https://open-vsx.org/vscode/gallery/{publisher}/{name}/latest Failed
[00:22:14] #2: https://open-vsx.org/vscode/gallery/vscode/ms-python/vscode-pylance/latest - error GET connect ECONNREFUSED 127.0.0.1:80
[00:22:14] Error while getting the latest version for the extension ms-python.vscode-pylance from https://open-vsx.org/vscode/gallery/vscode/{publisher}/{name}/latest. Trying the fallback https://open-vsx.org/vscode/gallery/{publisher}/{name}/latest Failed
[00:22:14] #4: https://open-vsx.org/vscode/gallery/vscode/ms-python/vscode-python-envs/latest - error GET connect ECONNREFUSED 127.0.0.1:80
[00:22:14] Error while getting the latest version for the extension ms-python.vscode-python-envs from https://open-vsx.org/vscode/gallery/vscode/{publisher}/{name}/latest. Trying the fallback https://open-vsx.org/vscode/gallery/{publisher}/{name}/latest Failed
File not found: /usr/lib/code-server/lib/vscode/node_modules/vsda/rust/web/vsda_bg.wasm
File not found: /usr/lib/code-server/lib/vscode/node_modules/vsda/rust/web/vsda.js
File not found: /usr/lib/code-server/lib/vscode/node_modules/vsda/rust/web/vsda.js
File not found: /usr/lib/code-server/lib/vscode/node_modules/vsda/rust/web/vsda_bg.wasm
File not found: /usr/lib/code-server/lib/vscode/node_modules/vsda/rust/web/vsda_bg.wasm
File not found: /usr/lib/code-server/lib/vscode/node_modules/vsda/rust/web/vsda.js
Error: Unexpected SIGPIPE
    at process.<anonymous> (file:///usr/lib/code-server/lib/vscode/out/server-main.js:207:10123)
    at process.emit (node:events:530:35)
[21:33:29] Error: Unexpected SIGPIPE
    at process.<anonymous> (file:///usr/lib/code-server/lib/vscode/out/server-main.js:191:1301)
    at process.emit (node:events:530:35)
[23:48:49] No ptyHost heartbeat after 6 seconds
[02:48:20] No ptyHost heartbeat after 6 seconds
[02:48:20] [104.28.231.162][b989d1ef][ExtensionHostConnection] <1450> Extension Host Process had an error
[02:48:21] Error: write EPIPE
    at target._send (node:internal/child_process:877:20)
    at SocketListSend._request (node:internal/socket_list:20:16)
    at SocketListSend.getConnections (node:internal/socket_list:47:10)
    at Server.getConnections (node:net:2347:22)
    at /usr/lib/code-server/out/node/routes/index.js:84:24
    at new Promise (<anonymous>)
    at /usr/lib/code-server/out/node/routes/index.js:76:16
    at Generator.next (<anonymous>)
    at /usr/lib/code-server/out/node/routes/index.js:41:71
    at new Promise (<anonymous>)
    at __awaiter (/usr/lib/code-server/out/node/routes/index.js:37:12)
    at /usr/lib/code-server/out/node/routes/index.js:75:86
    at /usr/lib/code-server/out/node/heart.js:76:23
    at Generator.next (<anonymous>)
    at /usr/lib/code-server/out/node/heart.js:8:71
    at new Promise (<anonymous>)
    at __awaiter (/usr/lib/code-server/out/node/heart.js:4:12)
    at heartbeatTimer (/usr/lib/code-server/out/node/heart.js:74:12)
    at Timeout._onTimeout (/usr/lib/code-server/out/node/heart.js:47:52)
    at listOnTimeout (node:internal/timers:588:17)
    at process.processTimers (node:internal/timers:523:7) {
  errno: -32,
  code: 'EPIPE',
  syscall: 'write'
}
[2025-10-17T02:48:21.785Z] warn  Child closed before reply received
[02:48:33] [104.28.231.162][b989d1ef][ExtensionHostConnection] Unknown reconnection token (seen before).
[17:12:42] [104.28.231.162][7cfc0ea5][ManagementConnection] Unknown reconnection token (seen before).
File not found: /usr/lib/code-server/lib/vscode/node_modules/vsda/rust/web/vsda_bg.wasm
File not found: /usr/lib/code-server/lib/vscode/node_modules/vsda/rust/web/vsda.js
File not found: /usr/lib/code-server/lib/vscode/node_modules/vsda/rust/web/vsda.js
File not found: /usr/lib/code-server/lib/vscode/node_modules/vsda/rust/web/vsda_bg.wasm
[20:30:36] No ptyHost heartbeat after 6 seconds
File not found: /usr/lib/code-server/lib/vscode/node_modules/vsda/rust/web/vsda_bg.wasm
File not found: /usr/lib/code-server/lib/vscode/node_modules/vsda/rust/web/vsda.js
File not found: /usr/lib/code-server/lib/vscode/node_modules/vsda/rust/web/vsda.js
File not found: /usr/lib/code-server/lib/vscode/node_modules/vsda/rust/web/vsda_bg.wasm
File not found: /usr/lib/code-server/lib/vscode/node_modules/vsda/rust/web/vsda_bg.wasm
File not found: /usr/lib/code-server/lib/vscode/node_modules/vsda/rust/web/vsda.js
[00:34:56] [104.28.231.162][5cd6de7b][ExtensionHostConnection] Unknown reconnection token (never seen).
[00:34:57] [104.28.231.160][36a8aa83][ManagementConnection] Unknown reconnection token (never seen).
File not found: /usr/lib/code-server/lib/vscode/node_modules/vsda/rust/web/vsda_bg.wasm
File not found: /usr/lib/code-server/lib/vscode/node_modules/vsda/rust/web/vsda.js
[14:11:04] [104.28.231.161][c004bec0][ExtensionHostConnection] Unknown reconnection token (seen before).
[14:11:05] [104.28.199.161][569bebff][ManagementConnection] Unknown reconnection token (seen before).
File not found: /usr/lib/code-server/lib/vscode/node_modules/vsda/rust/web/vsda.js
File not found: /usr/lib/code-server/lib/vscode/node_modules/vsda/rust/web/vsda_bg.wasm
File not found: /usr/lib/code-server/lib/vscode/node_modules/vsda/rust/web/vsda_bg.wasm
File not found: /usr/lib/code-server/lib/vscode/node_modules/vsda/rust/web/vsda.js
[02:18:15] No ptyHost heartbeat after 6 seconds
File not found: /usr/lib/code-server/lib/vscode/node_modules/vsda/rust/web/vsda_bg.wasm
File not found: /usr/lib/code-server/lib/vscode/node_modules/vsda/rust/web/vsda.js
[04:57:55] No ptyHost heartbeat after 6 seconds
[05:02:23] No ptyHost heartbeat after 6 seconds
File not found: /usr/lib/code-server/lib/vscode/node_modules/vsda/rust/web/vsda.js
File not found: /usr/lib/code-server/lib/vscode/node_modules/vsda/rust/web/vsda_bg.wasm
[17:13:52] [137.131.128.153][8b55e6f5][ExtensionHostConnection] Unknown reconnection token (never seen).
[17:13:54] [137.131.128.153][335415bb][ManagementConnection] Unknown reconnection token (never seen).
File not found: /usr/lib/code-server/lib/vscode/node_modules/vsda/rust/web/vsda.js
File not found: /usr/lib/code-server/lib/vscode/node_modules/vsda/rust/web/vsda_bg.wasm
File not found: /usr/lib/code-server/lib/vscode/node_modules/vsda/rust/web/vsda.js
File not found: /usr/lib/code-server/lib/vscode/node_modules/vsda/rust/web/vsda_bg.wasm
File not found: /usr/lib/code-server/lib/vscode/node_modules/vsda/rust/web/vsda_bg.wasm
File not found: /usr/lib/code-server/lib/vscode/node_modules/vsda/rust/web/vsda.js
File not found: /usr/lib/code-server/lib/vscode/node_modules/vsda/rust/web/vsda_bg.wasm
File not found: /usr/lib/code-server/lib/vscode/node_modules/vsda/rust/web/vsda.js
[03:37:26] Error: read ECONNRESET
    at TCP.onStreamRead (node:internal/stream_base_commons:216:20) {
  errno: -104,
  code: 'ECONNRESET',
  syscall: 'read'
}
[20:27:55] [45.164.141.242][5230378d][ManagementConnection] Unknown reconnection token (seen before).
[20:27:56] [45.164.141.242][ca506bb5][ExtensionHostConnection] Unknown reconnection token (seen before).
File not found: /usr/lib/code-server/lib/vscode/node_modules/vsda/rust/web/vsda_bg.wasm
File not found: /usr/lib/code-server/lib/vscode/node_modules/vsda/rust/web/vsda.js
[02:03:37] Error: read ECONNRESET
    at TCP.onStreamRead (node:internal/stream_base_commons:216:20) {
  errno: -104,
  code: 'ECONNRESET',
  syscall: 'read'
}
[20:41:42] [45.164.141.242][92d2ce0e][ManagementConnection] Unknown reconnection token (seen before).
[20:41:43] [45.164.141.242][59984a71][ExtensionHostConnection] Unknown reconnection token (seen before).
File not found: /usr/lib/code-server/lib/vscode/node_modules/vsda/rust/web/vsda_bg.wasm
File not found: /usr/lib/code-server/lib/vscode/node_modules/vsda/rust/web/vsda.js
File not found: /usr/lib/code-server/lib/vscode/node_modules/vsda/rust/web/vsda.js
File not found: /usr/lib/code-server/lib/vscode/node_modules/vsda/rust/web/vsda_bg.wasm
File not found: /usr/lib/code-server/lib/vscode/node_modules/vsda/rust/web/vsda_bg.wasm
File not found: /usr/lib/code-server/lib/vscode/node_modules/vsda/rust/web/vsda.js
[13:35:29] No ptyHost heartbeat after 6 seconds
[13:57:08] No ptyHost heartbeat after 6 seconds
Error: Unexpected SIGPIPE
    at process.<anonymous> (file:///usr/lib/code-server/lib/vscode/out/server-main.js:207:10123)
    at process.emit (node:events:530:35)
[13:58:23] Error: Unexpected SIGPIPE
    at process.<anonymous> (file:///usr/lib/code-server/lib/vscode/out/server-main.js:191:1301)
    at process.emit (node:events:530:35)
File not found: /usr/lib/code-server/lib/vscode/node_modules/vsda/rust/web/vsda_bg.wasm
File not found: /usr/lib/code-server/lib/vscode/node_modules/vsda/rust/web/vsda.js
[14:04:04] No ptyHost heartbeat after 6 seconds
[14:06:05] No ptyHost heartbeat after 6 seconds
File not found: /usr/lib/code-server/lib/vscode/node_modules/vsda/rust/web/vsda.js
File not found: /usr/lib/code-server/lib/vscode/node_modules/vsda/rust/web/vsda_bg.wasm
[18:11:38] [104.28.231.159][68ba7ce5][ManagementConnection] Unknown reconnection token (never seen).
[18:11:39] [104.28.231.159][73f3194f][ExtensionHostConnection] Unknown reconnection token (never seen).
File not found: /usr/lib/code-server/lib/vscode/node_modules/vsda/rust/web/vsda_bg.wasm
File not found: /usr/lib/code-server/lib/vscode/node_modules/vsda/rust/web/vsda.js
File not found: /usr/lib/code-server/lib/vscode/node_modules/vsda/rust/web/vsda_bg.wasm
File not found: /usr/lib/code-server/lib/vscode/node_modules/vsda/rust/web/vsda.js
Failed login attempt {"remoteAddress":"146.190.109.223","userAgent":"Mozilla/5.0 Chrome/136.0.0.0","timestamp":1761414334}
File not found: /usr/lib/code-server/lib/vscode/node_modules/vsda/rust/web/vsda_bg.wasm
File not found: /usr/lib/code-server/lib/vscode/node_modules/vsda/rust/web/vsda.js
[15:10:37] [45.164.140.21][ae941187][ExtensionHostConnection] Unknown reconnection token (seen before).
[15:11:36] [38.41.122.174][7cdc82a1][ManagementConnection] Unknown reconnection token (seen before).
File not found: /usr/lib/code-server/lib/vscode/node_modules/vsda/rust/web/vsda.js
File not found: /usr/lib/code-server/lib/vscode/node_modules/vsda/rust/web/vsda_bg.wasm
File not found: /usr/lib/code-server/lib/vscode/node_modules/vsda/rust/web/vsda.js
File not found: /usr/lib/code-server/lib/vscode/node_modules/vsda/rust/web/vsda_bg.wasm
Failed login attempt {"xForwardedFor":"138.219.129.253","remoteAddress":"137.131.128.153","userAgent":"Mozilla/5.0 (Windows NT 10.0; Win64; x64) AppleWebKit/537.36 (KHTML, like Gecko) Chrome/141.0.0.0 Safari/537.36 Edg/141.0.0.0","timestamp":1761835233}
File not found: /usr/lib/code-server/lib/vscode/node_modules/vsda/rust/web/vsda.js
File not found: /usr/lib/code-server/lib/vscode/node_modules/vsda/rust/web/vsda_bg.wasm
File not found: /usr/lib/code-server/lib/vscode/node_modules/vsda/rust/web/vsda.js
File not found: /usr/lib/code-server/lib/vscode/node_modules/vsda/rust/web/vsda_bg.wasm
File not found: /usr/lib/code-server/lib/vscode/node_modules/vsda/rust/web/vsda_bg.wasm
File not found: /usr/lib/code-server/lib/vscode/node_modules/vsda/rust/web/vsda.js
File not found: /usr/lib/code-server/lib/vscode/node_modules/vsda/rust/web/vsda.js
File not found: /usr/lib/code-server/lib/vscode/node_modules/vsda/rust/web/vsda_bg.wasm
[15:02:13] [137.131.128.153][787fbe07][ManagementConnection] Unknown reconnection token (never seen).
[15:02:13] [137.131.128.153][96db3ed8][ExtensionHostConnection] Unknown reconnection token (never seen).
File not found: /usr/lib/code-server/lib/vscode/node_modules/vsda/rust/web/vsda.js
File not found: /usr/lib/code-server/lib/vscode/node_modules/vsda/rust/web/vsda_bg.wasm
File not found: /usr/lib/code-server/lib/vscode/node_modules/vsda/rust/web/vsda.js
File not found: /usr/lib/code-server/lib/vscode/node_modules/vsda/rust/web/vsda_bg.wasm
File not found: /usr/lib/code-server/lib/vscode/node_modules/vsda/rust/web/vsda_bg.wasm
File not found: /usr/lib/code-server/lib/vscode/node_modules/vsda/rust/web/vsda.js
File not found: /usr/lib/code-server/lib/vscode/node_modules/vsda/rust/web/vsda.js
File not found: /usr/lib/code-server/lib/vscode/node_modules/vsda/rust/web/vsda_bg.wasm
File not found: /usr/lib/code-server/lib/vscode/node_modules/vsda/rust/web/vsda_bg.wasm
File not found: /usr/lib/code-server/lib/vscode/node_modules/vsda/rust/web/vsda.js
File not found: /usr/lib/code-server/lib/vscode/node_modules/vsda/rust/web/vsda_bg.wasm
File not found: /usr/lib/code-server/lib/vscode/node_modules/vsda/rust/web/vsda.js
File not found: /usr/lib/code-server/lib/vscode/node_modules/vsda/rust/web/vsda.js
File not found: /usr/lib/code-server/lib/vscode/node_modules/vsda/rust/web/vsda_bg.wasm
File not found: /usr/lib/code-server/lib/vscode/node_modules/vsda/rust/web/vsda.js
File not found: /usr/lib/code-server/lib/vscode/node_modules/vsda/rust/web/vsda_bg.wasm
File not found: /usr/lib/code-server/lib/vscode/node_modules/vsda/rust/web/vsda.js
File not found: /usr/lib/code-server/lib/vscode/node_modules/vsda/rust/web/vsda_bg.wasm
File not found: /usr/lib/code-server/lib/vscode/node_modules/vsda/rust/web/vsda.js
File not found: /usr/lib/code-server/lib/vscode/node_modules/vsda/rust/web/vsda_bg.wasm
File not found: /usr/lib/code-server/lib/vscode/node_modules/vsda/rust/web/vsda_bg.wasm
File not found: /usr/lib/code-server/lib/vscode/node_modules/vsda/rust/web/vsda.js
File not found: /usr/lib/code-server/lib/vscode/node_modules/vsda/rust/web/vsda_bg.wasm
File not found: /usr/lib/code-server/lib/vscode/node_modules/vsda/rust/web/vsda.js
File not found: /usr/lib/code-server/lib/vscode/node_modules/vsda/rust/web/vsda.js
File not found: /usr/lib/code-server/lib/vscode/node_modules/vsda/rust/web/vsda_bg.wasm
File not found: /usr/lib/code-server/lib/vscode/node_modules/vsda/rust/web/vsda_bg.wasm
File not found: /usr/lib/code-server/lib/vscode/node_modules/vsda/rust/web/vsda.js
File not found: /usr/lib/code-server/lib/vscode/node_modules/vsda/rust/web/vsda_bg.wasm
File not found: /usr/lib/code-server/lib/vscode/node_modules/vsda/rust/web/vsda.js
[03:39:21] No ptyHost heartbeat after 6 seconds
[03:40:05] [104.28.231.159][771a0da9][ExtensionHostConnection] Unknown reconnection token (never seen).
[03:40:06] [104.28.231.159][9c4d5fca][ManagementConnection] Unknown reconnection token (never seen).
File not found: /usr/lib/code-server/lib/vscode/node_modules/vsda/rust/web/vsda.js
File not found: /usr/lib/code-server/lib/vscode/node_modules/vsda/rust/web/vsda_bg.wasm
[15:56:08] [104.28.231.162][bf8e8d3f][ManagementConnection] Unknown reconnection token (seen before).
File not found: /usr/lib/code-server/lib/vscode/node_modules/vsda/rust/web/vsda_bg.wasm
File not found: /usr/lib/code-server/lib/vscode/node_modules/vsda/rust/web/vsda.js
File not found: /usr/lib/code-server/lib/vscode/node_modules/vsda/rust/web/vsda.js
File not found: /usr/lib/code-server/lib/vscode/node_modules/vsda/rust/web/vsda_bg.wasm
File not found: /usr/lib/code-server/lib/vscode/node_modules/vsda/rust/web/vsda_bg.wasm
File not found: /usr/lib/code-server/lib/vscode/node_modules/vsda/rust/web/vsda.js
[02:19:45] No ptyHost heartbeat after 6 seconds
File not found: /usr/lib/code-server/lib/vscode/node_modules/vsda/rust/web/vsda.js
File not found: /usr/lib/code-server/lib/vscode/node_modules/vsda/rust/web/vsda_bg.wasm
File not found: /usr/lib/code-server/lib/vscode/node_modules/vsda/rust/web/vsda_bg.wasm
File not found: /usr/lib/code-server/lib/vscode/node_modules/vsda/rust/web/vsda.js
[20:29:58] [104.28.199.159][e93ee711][ManagementConnection] Unknown reconnection token (seen before).
[20:29:58] [104.28.199.159][7c3eefe3][ExtensionHostConnection] Unknown reconnection token (seen before).
File not found: /usr/lib/code-server/lib/vscode/node_modules/vsda/rust/web/vsda_bg.wasm
File not found: /usr/lib/code-server/lib/vscode/node_modules/vsda/rust/web/vsda.js
File not found: /usr/lib/code-server/lib/vscode/node_modules/vsda/rust/web/vsda_bg.wasm
File not found: /usr/lib/code-server/lib/vscode/node_modules/vsda/rust/web/vsda.js
[01:24:19] No ptyHost heartbeat after 6 seconds
File not found: /usr/lib/code-server/lib/vscode/node_modules/vsda/rust/web/vsda_bg.wasm
File not found: /usr/lib/code-server/lib/vscode/node_modules/vsda/rust/web/vsda.js
File not found: /usr/lib/code-server/lib/vscode/node_modules/vsda/rust/web/vsda.js
File not found: /usr/lib/code-server/lib/vscode/node_modules/vsda/rust/web/vsda_bg.wasm
File not found: /usr/lib/code-server/lib/vscode/node_modules/vsda/rust/web/vsda_bg.wasm
File not found: /usr/lib/code-server/lib/vscode/node_modules/vsda/rust/web/vsda.js
[13:50:40] [137.131.128.153][5a645e18][ManagementConnection] Unknown reconnection token (never seen).
[13:50:41] [137.131.128.153][5bd5def5][ExtensionHostConnection] Unknown reconnection token (never seen).
File not found: /usr/lib/code-server/lib/vscode/node_modules/vsda/rust/web/vsda_bg.wasm
File not found: /usr/lib/code-server/lib/vscode/node_modules/vsda/rust/web/vsda.js
File not found: /usr/lib/code-server/lib/vscode/node_modules/vsda/rust/web/vsda.js
File not found: /usr/lib/code-server/lib/vscode/node_modules/vsda/rust/web/vsda_bg.wasm
File not found: /usr/lib/code-server/lib/vscode/node_modules/vsda/rust/web/vsda_bg.wasm
File not found: /usr/lib/code-server/lib/vscode/node_modules/vsda/rust/web/vsda.js
File not found: /usr/lib/code-server/lib/vscode/node_modules/vsda/rust/web/vsda.js
File not found: /usr/lib/code-server/lib/vscode/node_modules/vsda/rust/web/vsda_bg.wasm
[22:34:55] [104.28.231.162][9fa05a8c][ExtensionHostConnection] Unknown reconnection token (never seen).
[22:34:56] [104.28.231.162][d3a96810][ManagementConnection] Unknown reconnection token (never seen).
File not found: /usr/lib/code-server/lib/vscode/node_modules/vsda/rust/web/vsda_bg.wasm
File not found: /usr/lib/code-server/lib/vscode/node_modules/vsda/rust/web/vsda.js
File not found: /usr/lib/code-server/lib/vscode/node_modules/vsda/rust/web/vsda_bg.wasm
File not found: /usr/lib/code-server/lib/vscode/node_modules/vsda/rust/web/vsda.js
Failed login attempt {"remoteAddress":"176.65.148.99","userAgent":"Mozilla/5.0 (Windows NT 10.0; Win64; x64) AppleWebKit/537.36 (KHTML, like Gecko) Chrome/106.0.0.0 Safari/537.36","timestamp":1762455538}
[22:06:51] [104.28.231.162][68bd7e53][ExtensionHostConnection] Unknown reconnection token (seen before).
[22:06:52] [104.28.231.162][f69fdae6][ManagementConnection] Unknown reconnection token (seen before).
File not found: /usr/lib/code-server/lib/vscode/node_modules/vsda/rust/web/vsda_bg.wasm
File not found: /usr/lib/code-server/lib/vscode/node_modules/vsda/rust/web/vsda.js
File not found: /usr/lib/code-server/lib/vscode/node_modules/vsda/rust/web/vsda_bg.wasm
File not found: /usr/lib/code-server/lib/vscode/node_modules/vsda/rust/web/vsda.js
[02:45:28] No ptyHost heartbeat after 6 seconds
File not found: /usr/lib/code-server/lib/vscode/node_modules/vsda/rust/web/vsda_bg.wasm
File not found: /usr/lib/code-server/lib/vscode/node_modules/vsda/rust/web/vsda.js
[17:47:57] [104.28.199.159][ccdd7e1d][ExtensionHostConnection] Unknown reconnection token (seen before).
[17:47:57] [104.28.199.159][abaa4977][ManagementConnection] Unknown reconnection token (seen before).
File not found: /usr/lib/code-server/lib/vscode/node_modules/vsda/rust/web/vsda_bg.wasm
File not found: /usr/lib/code-server/lib/vscode/node_modules/vsda/rust/web/vsda.js
[01:56:19] No ptyHost heartbeat after 6 seconds
[02:00:19] No ptyHost heartbeat after 6 seconds
File not found: /usr/lib/code-server/lib/vscode/node_modules/vsda/rust/web/vsda_bg.wasm
File not found: /usr/lib/code-server/lib/vscode/node_modules/vsda/rust/web/vsda.js
File not found: /usr/lib/code-server/lib/vscode/node_modules/vsda/rust/web/vsda_bg.wasm
File not found: /usr/lib/code-server/lib/vscode/node_modules/vsda/rust/web/vsda.js
[04:25:08] No ptyHost heartbeat after 6 seconds
[04:25:21] No ptyHost heartbeat after 6 seconds
[04:25:30] No ptyHost heartbeat after 6 seconds
[04:26:32] No ptyHost heartbeat after 12 seconds
[04:27:20] No ptyHost heartbeat after 6 seconds
File not found: /usr/lib/code-server/lib/vscode/node_modules/vsda/rust/web/vsda_bg.wasm
File not found: /usr/lib/code-server/lib/vscode/node_modules/vsda/rust/web/vsda.js
File not found: /usr/lib/code-server/lib/vscode/node_modules/vsda/rust/web/vsda_bg.wasm
File not found: /usr/lib/code-server/lib/vscode/node_modules/vsda/rust/web/vsda.js
File not found: /usr/lib/code-server/lib/vscode/node_modules/vsda/rust/web/vsda_bg.wasm
File not found: /usr/lib/code-server/lib/vscode/node_modules/vsda/rust/web/vsda.js
[06:58:21] No ptyHost heartbeat after 6 seconds
[16:09:24] [38.41.122.74][35ed0f01][ManagementConnection] Unknown reconnection token (seen before).
[16:25:27] Error: read ETIMEDOUT
    at TCP.onStreamRead (node:internal/stream_base_commons:216:20) {
  errno: -110,
  code: 'ETIMEDOUT',
  syscall: 'read'
}
File not found: /usr/lib/code-server/lib/vscode/node_modules/vsda/rust/web/vsda.js
File not found: /usr/lib/code-server/lib/vscode/node_modules/vsda/rust/web/vsda_bg.wasm
