2025-11-05 01:24:17.579 [info] [main] Log level: Info
2025-11-05 01:24:17.579 [info] [main] Validating found git in: "git"
2025-11-05 01:24:17.579 [info] [main] Using git "2.39.5" from "git"
2025-11-05 01:24:17.579 [info] [Model][doInitialScan] Initial repository scan started
2025-11-05 01:24:17.579 [info] > git rev-parse --show-toplevel [104ms]
2025-11-05 01:24:17.579 [info] fatal: not a git repository (or any of the parent directories): .git
2025-11-05 01:24:17.579 [info] > git rev-parse --show-toplevel [20ms]
2025-11-05 01:24:17.579 [info] fatal: not a git repository (or any of the parent directories): .git
2025-11-05 01:24:17.579 [info] > git rev-parse --show-toplevel [15ms]
2025-11-05 01:24:17.579 [info] fatal: not a git repository (or any of the parent directories): .git
2025-11-05 01:24:17.579 [info] > git rev-parse --show-toplevel [87ms]
2025-11-05 01:24:17.579 [info] fatal: not a git repository (or any of the parent directories): .git
2025-11-05 01:24:17.579 [info] > git rev-parse --show-toplevel [402ms]
2025-11-05 01:24:17.579 [info] fatal: not a git repository (or any of the parent directories): .git
2025-11-05 01:24:17.586 [info] > git rev-parse --show-toplevel [12ms]
2025-11-05 01:24:17.586 [info] fatal: not a git repository (or any of the parent directories): .git
2025-11-05 01:24:17.671 [info] > git rev-parse --show-toplevel [4ms]
2025-11-05 01:24:17.671 [info] fatal: not a git repository (or any parent up to mount point /home/coder)
Stopping at filesystem boundary (GIT_DISCOVERY_ACROSS_FILESYSTEM not set).
2025-11-05 01:24:17.773 [info] [Model][doInitialScan] Initial repository scan completed - repositories (0), closed repositories (0), parent repositories (0), unsafe repositories (0)
2025-11-05 01:24:23.669 [info] > git rev-parse --show-toplevel [92ms]
2025-11-05 01:24:23.670 [info] fatal: not a git repository (or any of the parent directories): .git
2025-11-05 01:24:48.288 [info] > git rev-parse --show-toplevel [122ms]
2025-11-05 01:24:48.289 [info] fatal: not a git repository (or any of the parent directories): .git
2025-11-05 01:24:48.586 [info] > git rev-parse --show-toplevel [5ms]
2025-11-05 01:24:48.586 [info] fatal: not a git repository (or any of the parent directories): .git
2025-11-05 01:30:33.208 [info] > git rev-parse --show-toplevel [5ms]
2025-11-05 01:30:33.209 [info] fatal: not a git repository (or any of the parent directories): .git
2025-11-05 01:32:05.573 [info] > git rev-parse --show-toplevel [29ms]
2025-11-05 01:32:05.573 [info] fatal: not a git repository (or any of the parent directories): .git
2025-11-05 01:32:31.298 [info] > git rev-parse --show-toplevel [9ms]
2025-11-05 01:32:31.298 [info] fatal: not a git repository (or any of the parent directories): .git
2025-11-05 01:33:25.383 [info] > git rev-parse --show-toplevel [7ms]
2025-11-05 01:33:25.384 [info] fatal: not a git repository (or any of the parent directories): .git
2025-11-05 01:36:08.986 [info] > git rev-parse --show-toplevel [7ms]
2025-11-05 01:36:08.986 [info] fatal: not a git repository (or any of the parent directories): .git
2025-11-05 01:36:16.468 [info] > git rev-parse --show-toplevel [83ms]
2025-11-05 01:36:16.468 [info] fatal: not a git repository (or any of the parent directories): .git
