2025-11-07 23:42:42.170 [info] [main] Log level: Info
2025-11-07 23:42:42.171 [info] [main] Validating found git in: "git"
2025-11-07 23:42:42.171 [info] [main] Using git "2.39.5" from "git"
2025-11-07 23:42:42.171 [info] [Model][doInitialScan] Initial repository scan started
2025-11-07 23:42:42.171 [info] > git rev-parse --show-toplevel [395ms]
2025-11-07 23:42:42.171 [info] fatal: not a git repository (or any of the parent directories): .git
2025-11-07 23:42:42.171 [info] > git rev-parse --show-toplevel [4427ms]
2025-11-07 23:42:42.171 [info] fatal: not a git repository (or any of the parent directories): .git
2025-11-07 23:42:42.171 [info] > git rev-parse --show-toplevel [91ms]
2025-11-07 23:42:42.171 [info] fatal: not a git repository (or any of the parent directories): .git
2025-11-07 23:42:42.171 [info] > git rev-parse --show-toplevel [110ms]
2025-11-07 23:42:42.171 [info] fatal: not a git repository (or any of the parent directories): .git
2025-11-07 23:42:42.171 [info] > git rev-parse --show-toplevel [3ms]
2025-11-07 23:42:42.171 [info] fatal: not a git repository (or any of the parent directories): .git
2025-11-07 23:42:42.271 [info] > git rev-parse --show-toplevel [103ms]
2025-11-07 23:42:42.271 [info] fatal: not a git repository (or any of the parent directories): .git
2025-11-07 23:42:42.367 [info] > git rev-parse --show-toplevel [3ms]
2025-11-07 23:42:42.367 [info] fatal: not a git repository (or any parent up to mount point /home/coder)
Stopping at filesystem boundary (GIT_DISCOVERY_ACROSS_FILESYSTEM not set).
2025-11-07 23:42:42.395 [info] [Model][doInitialScan] Initial repository scan completed - repositories (0), closed repositories (0), parent repositories (0), unsafe repositories (0)
2025-11-07 23:42:47.375 [info] > git rev-parse --show-toplevel [90ms]
2025-11-07 23:42:47.375 [info] fatal: not a git repository (or any of the parent directories): .git
2025-11-08 01:55:17.686 [info] > git rev-parse --show-toplevel [216ms]
2025-11-08 01:55:17.687 [info] fatal: not a git repository (or any of the parent directories): .git
2025-11-08 01:55:28.989 [info] > git rev-parse --show-toplevel [90ms]
2025-11-08 01:55:28.989 [info] fatal: not a git repository (or any of the parent directories): .git
2025-11-08 01:56:21.776 [info] > git rev-parse --show-toplevel [2198ms]
2025-11-08 01:56:21.781 [info] fatal: not a git repository (or any of the parent directories): .git
2025-11-08 01:56:22.979 [info] > git rev-parse --show-toplevel [693ms]
2025-11-08 01:56:22.979 [info] fatal: not a git repository (or any of the parent directories): .git
2025-11-08 01:56:25.979 [info] > git rev-parse --show-toplevel [480ms]
2025-11-08 01:56:25.979 [info] fatal: not a git repository (or any of the parent directories): .git
2025-11-08 01:57:47.892 [info] > git rev-parse --show-toplevel [794ms]
2025-11-08 01:57:47.970 [info] fatal: not a git repository (or any of the parent directories): .git
