2025-11-07 01:05:39.187 [info] Extension host with pid 780 started
2025-11-07 01:05:39.188 [error] Error: EEXIST: file already exists, open '/home/coder/.local/share/code-server/User/workspaceStorage/1cebbed7/vscode.lock'
2025-11-07 01:05:39.368 [error] SyntaxError: Unexpected end of JSON input
    at JSON.parse (<anonymous>)
    at M4 (file:///usr/lib/code-server/lib/vscode/out/vs/workbench/api/node/extensionHostProcess.js:248:6337)
    at async WP (file:///usr/lib/code-server/lib/vscode/out/vs/workbench/api/node/extensionHostProcess.js:248:5973)
    at async JJ.g (file:///usr/lib/code-server/lib/vscode/out/vs/workbench/api/node/extensionHostProcess.js:248:4834)
    at async JJ.h (file:///usr/lib/code-server/lib/vscode/out/vs/workbench/api/node/extensionHostProcess.js:112:19484)
2025-11-07 01:05:39.369 [info] Lock '/home/coder/.local/share/code-server/User/workspaceStorage/1cebbed7/vscode.lock': Could not acquire lock, checking if the file is stale.
2025-11-07 01:05:39.383 [error] SyntaxError: Unexpected end of JSON input
    at JSON.parse (<anonymous>)
    at M4 (file:///usr/lib/code-server/lib/vscode/out/vs/workbench/api/node/extensionHostProcess.js:248:6337)
    at async eZ (file:///usr/lib/code-server/lib/vscode/out/vs/workbench/api/node/extensionHostProcess.js:248:6596)
    at async JJ.g (file:///usr/lib/code-server/lib/vscode/out/vs/workbench/api/node/extensionHostProcess.js:248:4834)
    at async JJ.h (file:///usr/lib/code-server/lib/vscode/out/vs/workbench/api/node/extensionHostProcess.js:112:19484)
2025-11-07 01:05:39.383 [info] Lock '/home/coder/.local/share/code-server/User/workspaceStorage/1cebbed7/vscode.lock': Could not read pid of lock holder.
2025-11-07 01:05:39.383 [info] Lock '/home/coder/.local/share/code-server/User/workspaceStorage/1cebbed7/vscode.lock': Deleting a stale lock.
2025-11-07 01:05:40.079 [info] Lock '/home/coder/.local/share/code-server/User/workspaceStorage/1cebbed7/vscode.lock': Lock acquired.
2025-11-07 01:05:42.584 [info] ExtensionService#_doActivateExtension ms-python.python, startup: false, activationEvent: 'onLanguage:python', root cause: ms-python.debugpy
2025-11-07 01:05:42.591 [info] ExtensionService#_doActivateExtension ms-python.vscode-python-envs, startup: false, activationEvent: 'onLanguage:python'
2025-11-07 01:05:42.872 [info] ExtensionService#_doActivateExtension vscode.emmet, startup: false, activationEvent: 'onLanguage'
2025-11-07 01:05:48.584 [info] ExtensionService#_doActivateExtension vscode.git-base, startup: true, activationEvent: '*', root cause: vscode.git
2025-11-07 01:05:49.696 [info] ExtensionService#_doActivateExtension vscode.git, startup: true, activationEvent: '*'
2025-11-07 01:05:49.696 [info] ExtensionService#_doActivateExtension vscode.github, startup: true, activationEvent: '*'
2025-11-07 01:06:01.889 [info] Not activating extension 'ms-python.python': Timed out while searching for 'workspaceContains' pattern **/pylock.*.toml
2025-11-07 01:06:01.967 [info] ExtensionService#_doActivateExtension vscode.debug-auto-launch, startup: false, activationEvent: 'onStartupFinished'
2025-11-07 01:06:01.968 [info] ExtensionService#_doActivateExtension vscode.merge-conflict, startup: false, activationEvent: 'onStartupFinished'
2025-11-07 01:06:08.886 [info] ExtensionService#_doActivateExtension vscode.terminal-suggest, startup: false, activationEvent: 'onTerminalShellIntegration:*'
2025-11-07 01:06:12.070 [info] ExtensionService#_doActivateExtension ms-python.debugpy, startup: false, activationEvent: 'onLanguage:python'
2025-11-07 01:06:12.393 [info] Eager extensions activated
2025-11-07 01:28:42.631 [info] ExtensionService#_doActivateExtension vscode.npm, startup: false, activationEvent: 'onTerminalQuickFixRequest:ms-vscode.npm-command'
2025-11-07 01:28:50.201 [info] ExtensionService#_doActivateExtension vscode.configuration-editing, startup: false, activationEvent: 'onLanguage:json'
2025-11-07 01:28:50.201 [info] ExtensionService#_doActivateExtension vscode.extension-editing, startup: false, activationEvent: 'onLanguage:json'
2025-11-07 01:28:50.201 [info] ExtensionService#_doActivateExtension vscode.json-language-features, startup: false, activationEvent: 'onLanguage:json'
