2025-11-07 02:56:24.684 [info] [main] Log level: Info
2025-11-07 02:56:24.684 [info] [main] Validating found git in: "git"
2025-11-07 02:56:24.684 [info] [main] Using git "2.39.5" from "git"
2025-11-07 02:56:24.684 [info] [Model][doInitialScan] Initial repository scan started
2025-11-07 02:56:24.684 [info] > git rev-parse --show-toplevel [1211ms]
2025-11-07 02:56:24.684 [info] fatal: not a git repository (or any of the parent directories): .git
2025-11-07 02:56:24.684 [info] > git rev-parse --show-toplevel [3ms]
2025-11-07 02:56:24.684 [info] fatal: not a git repository (or any of the parent directories): .git
2025-11-07 02:56:24.684 [info] > git rev-parse --show-toplevel [8ms]
2025-11-07 02:56:24.684 [info] fatal: not a git repository (or any of the parent directories): .git
2025-11-07 02:56:24.684 [info] > git rev-parse --show-toplevel [114ms]
2025-11-07 02:56:24.684 [info] fatal: not a git repository (or any of the parent directories): .git
2025-11-07 02:56:24.684 [info] > git rev-parse --show-toplevel [2ms]
2025-11-07 02:56:24.684 [info] fatal: not a git repository (or any of the parent directories): .git
2025-11-07 02:56:24.684 [info] > git rev-parse --show-toplevel [7ms]
2025-11-07 02:56:24.684 [info] fatal: not a git repository (or any of the parent directories): .git
2025-11-07 02:56:24.690 [info] > git rev-parse --show-toplevel [7ms]
2025-11-07 02:56:24.690 [info] fatal: not a git repository (or any parent up to mount point /home/coder)
Stopping at filesystem boundary (GIT_DISCOVERY_ACROSS_FILESYSTEM not set).
2025-11-07 02:56:24.766 [info] [Model][doInitialScan] Initial repository scan completed - repositories (0), closed repositories (0), parent repositories (0), unsafe repositories (0)
2025-11-07 02:56:27.780 [info] > git rev-parse --show-toplevel [289ms]
2025-11-07 02:56:27.780 [info] fatal: not a git repository (or any of the parent directories): .git
2025-11-07 02:56:31.975 [info] > git rev-parse --show-toplevel [2ms]
2025-11-07 02:56:31.975 [info] fatal: not a git repository (or any of the parent directories): .git
