2025-11-08 14:01:29.871 [info] [main] Log level: Info
2025-11-08 14:01:29.871 [info] [main] Validating found git in: "git"
2025-11-08 14:01:29.871 [info] [main] Using git "2.39.5" from "git"
2025-11-08 14:01:29.871 [info] [Model][doInitialScan] Initial repository scan started
2025-11-08 14:01:29.871 [info] > git rev-parse --show-toplevel [1109ms]
2025-11-08 14:01:29.871 [info] fatal: not a git repository (or any of the parent directories): .git
2025-11-08 14:01:29.871 [info] > git rev-parse --show-toplevel [8ms]
2025-11-08 14:01:29.871 [info] fatal: not a git repository (or any of the parent directories): .git
2025-11-08 14:01:29.871 [info] > git rev-parse --show-toplevel [9ms]
2025-11-08 14:01:29.871 [info] fatal: not a git repository (or any of the parent directories): .git
2025-11-08 14:01:29.871 [info] > git rev-parse --show-toplevel [19ms]
2025-11-08 14:01:29.871 [info] fatal: not a git repository (or any of the parent directories): .git
2025-11-08 14:01:29.888 [info] > git rev-parse --show-toplevel [96ms]
2025-11-08 14:01:29.888 [info] fatal: not a git repository (or any of the parent directories): .git
2025-11-08 14:01:30.067 [info] > git rev-parse --show-toplevel [95ms]
2025-11-08 14:01:30.067 [info] fatal: not a git repository (or any of the parent directories): .git
2025-11-08 14:01:30.105 [info] > git rev-parse --show-toplevel [19ms]
2025-11-08 14:01:30.105 [info] fatal: not a git repository (or any parent up to mount point /home/coder)
Stopping at filesystem boundary (GIT_DISCOVERY_ACROSS_FILESYSTEM not set).
2025-11-08 14:01:30.183 [info] [Model][doInitialScan] Initial repository scan completed - repositories (0), closed repositories (0), parent repositories (0), unsafe repositories (0)
2025-11-08 14:01:30.274 [info] > git rev-parse --show-toplevel [3ms]
2025-11-08 14:01:30.275 [info] fatal: not a git repository (or any of the parent directories): .git
