2025-11-03 23:40:58.870 [info] Extension host with pid 68479 started
2025-11-03 23:40:58.872 [info] Lock '/home/coder/.local/share/code-server/User/workspaceStorage/1cebbed7/vscode.lock': Lock acquired.
2025-11-03 23:40:59.684 [info] ExtensionService#_doActivateExtension ms-python.python, startup: false, activationEvent: 'onLanguage:python', root cause: ms-python.debugpy
2025-11-03 23:40:59.686 [info] ExtensionService#_doActivateExtension ms-python.vscode-python-envs, startup: false, activationEvent: 'onLanguage:python'
2025-11-03 23:40:59.686 [info] ExtensionService#_doActivateExtension vscode.emmet, startup: false, activationEvent: 'onLanguage'
2025-11-03 23:41:02.871 [info] ExtensionService#_doActivateExtension vscode.git-base, startup: true, activationEvent: '*', root cause: vscode.git
2025-11-03 23:41:02.990 [info] ExtensionService#_doActivateExtension vscode.terminal-suggest, startup: false, activationEvent: 'onTerminalShellIntegration:*'
2025-11-03 23:41:03.984 [info] ExtensionService#_doActivateExtension vscode.git, startup: true, activationEvent: '*'
2025-11-03 23:41:03.984 [info] ExtensionService#_doActivateExtension vscode.github, startup: true, activationEvent: '*'
2025-11-03 23:41:08.429 [info] ExtensionService#_doActivateExtension ms-python.debugpy, startup: false, activationEvent: 'onLanguage:python'
2025-11-03 23:41:08.604 [info] Eager extensions activated
2025-11-03 23:41:08.604 [info] ExtensionService#_doActivateExtension vscode.debug-auto-launch, startup: false, activationEvent: 'onStartupFinished'
2025-11-03 23:41:08.605 [info] ExtensionService#_doActivateExtension vscode.merge-conflict, startup: false, activationEvent: 'onStartupFinished'
2025-11-03 23:41:17.784 [info] ExtensionService#_doActivateExtension vscode.npm, startup: false, activationEvent: 'onTerminalQuickFixRequest:ms-vscode.npm-command'
2025-11-03 23:41:23.823 [info] ExtensionService#_doActivateExtension vscode.configuration-editing, startup: false, activationEvent: 'onLanguage:json'
2025-11-03 23:41:23.823 [info] ExtensionService#_doActivateExtension vscode.extension-editing, startup: false, activationEvent: 'onLanguage:json'
2025-11-03 23:41:23.824 [info] ExtensionService#_doActivateExtension vscode.json-language-features, startup: false, activationEvent: 'onLanguage:json'
2025-11-04 01:03:45.587 [error] [ms-python.python] provider FAILED
2025-11-04 01:03:45.590 [error] Error: KeyError: 'nome'
	at ae (/home/coder/.local/share/code-server/extensions/ms-python.python-2025.16.0-universal/out/client/extension.js:2:2018252)
	at oe (/home/coder/.local/share/code-server/extensions/ms-python.python-2025.16.0-universal/out/client/extension.js:2:2016212)
	at Immediate.<anonymous> (/home/coder/.local/share/code-server/extensions/ms-python.python-2025.16.0-universal/out/client/extension.js:2:2012506)
	at process.processImmediate (node:internal/timers:485:21)
2025-11-04 01:03:45.691 [error] [ms-python.python] provider FAILED
2025-11-04 01:03:45.691 [error] Error: KeyError: 'quantidade'
	at ae (/home/coder/.local/share/code-server/extensions/ms-python.python-2025.16.0-universal/out/client/extension.js:2:2018252)
	at oe (/home/coder/.local/share/code-server/extensions/ms-python.python-2025.16.0-universal/out/client/extension.js:2:2016212)
	at Immediate.<anonymous> (/home/coder/.local/share/code-server/extensions/ms-python.python-2025.16.0-universal/out/client/extension.js:2:2012506)
	at process.processImmediate (node:internal/timers:485:21)
2025-11-04 01:03:45.822 [error] [ms-python.python] provider FAILED
2025-11-04 01:03:45.822 [error] Error: KeyError: 'quantidade'
	at ae (/home/coder/.local/share/code-server/extensions/ms-python.python-2025.16.0-universal/out/client/extension.js:2:2018252)
	at oe (/home/coder/.local/share/code-server/extensions/ms-python.python-2025.16.0-universal/out/client/extension.js:2:2016212)
	at Immediate.<anonymous> (/home/coder/.local/share/code-server/extensions/ms-python.python-2025.16.0-universal/out/client/extension.js:2:2012506)
	at process.processImmediate (node:internal/timers:485:21)
2025-11-04 01:08:32.606 [info] Extension host terminating: received terminate message from renderer
2025-11-04 01:08:32.612 [info] Lock '/home/coder/.local/share/code-server/User/workspaceStorage/1cebbed7/vscode.lock': Marking the lockfile as scheduled to be released in 6000 ms.
2025-11-04 01:08:35.870 [error] TypeError: Cannot read properties of undefined (reading 'subscriptions')
	at Object.X [as deactivate] (/home/coder/.local/share/code-server/extensions/ms-python.vscode-python-envs-1.10.0-universal/dist/extension.js:2:668378)
	at lJ.eb (file:///usr/lib/code-server/lib/vscode/out/vs/workbench/api/node/extensionHostProcess.js:116:11836)
	at file:///usr/lib/code-server/lib/vscode/out/vs/workbench/api/node/extensionHostProcess.js:116:9986
	at Array.map (<anonymous>)
	at lJ.$ (file:///usr/lib/code-server/lib/vscode/out/vs/workbench/api/node/extensionHostProcess.js:116:9974)
	at lJ.terminate (file:///usr/lib/code-server/lib/vscode/out/vs/workbench/api/node/extensionHostProcess.js:116:10217)
	at R3.terminate (file:///usr/lib/code-server/lib/vscode/out/vs/workbench/api/node/extensionHostProcess.js:118:914)
	at ys (file:///usr/lib/code-server/lib/vscode/out/vs/workbench/api/node/extensionHostProcess.js:391:10411)
	at od.value (file:///usr/lib/code-server/lib/vscode/out/vs/workbench/api/node/extensionHostProcess.js:391:8562)
	at $.C (file:///usr/lib/code-server/lib/vscode/out/vs/workbench/api/node/extensionHostProcess.js:27:2373)
	at $.fire (file:///usr/lib/code-server/lib/vscode/out/vs/workbench/api/node/extensionHostProcess.js:27:2591)
	at wo.fire (file:///usr/lib/code-server/lib/vscode/out/vs/workbench/api/node/extensionHostProcess.js:29:9458)
	at iv.A (file:///usr/lib/code-server/lib/vscode/out/vs/workbench/api/node/extensionHostProcess.js:29:12574)
	at od.value (file:///usr/lib/code-server/lib/vscode/out/vs/workbench/api/node/extensionHostProcess.js:29:10994)
	at $.C (file:///usr/lib/code-server/lib/vscode/out/vs/workbench/api/node/extensionHostProcess.js:27:2373)
	at $.fire (file:///usr/lib/code-server/lib/vscode/out/vs/workbench/api/node/extensionHostProcess.js:27:2591)
	at yE.acceptChunk (file:///usr/lib/code-server/lib/vscode/out/vs/workbench/api/node/extensionHostProcess.js:29:7941)
	at od.value (file:///usr/lib/code-server/lib/vscode/out/vs/workbench/api/node/extensionHostProcess.js:29:7227)
	at $.C (file:///usr/lib/code-server/lib/vscode/out/vs/workbench/api/node/extensionHostProcess.js:27:2373)
	at $.fire (file:///usr/lib/code-server/lib/vscode/out/vs/workbench/api/node/extensionHostProcess.js:27:2591)
	at gN.z (file:///usr/lib/code-server/lib/vscode/out/vs/workbench/api/node/extensionHostProcess.js:29:21724)
2025-11-04 01:08:35.978 [error] Error: Channel has been closed
	at n (file:///usr/lib/code-server/lib/vscode/out/vs/workbench/api/node/extensionHostProcess.js:119:2816)
	at Object.error (file:///usr/lib/code-server/lib/vscode/out/vs/workbench/api/node/extensionHostProcess.js:119:3250)
	at T.error (/usr/lib/code-server/lib/vscode/extensions/json-language-features/client/dist/node/jsonClientMain.js:2:44894)
	at /usr/lib/code-server/lib/vscode/extensions/json-language-features/client/dist/node/jsonClientMain.js:2:53365
	at runNextTicks (node:internal/process/task_queues:65:5)
	at process.processTimers (node:internal/timers:520:9)
	at async Object.dispose (/usr/lib/code-server/lib/vscode/extensions/json-language-features/client/dist/node/jsonClientMain.js:2:322471)
	at async Object.dispose (/usr/lib/code-server/lib/vscode/extensions/json-language-features/client/dist/node/jsonClientMain.js:2:313236)
	at async t.deactivate (/usr/lib/code-server/lib/vscode/extensions/json-language-features/client/dist/node/jsonClientMain.js:2:459022)
	at async Promise.all (index 7)
	at async lJ.$ (file:///usr/lib/code-server/lib/vscode/out/vs/workbench/api/node/extensionHostProcess.js:116:10000)
2025-11-04 01:08:37.388 [error] Error: Channel has been closed
	at n (file:///usr/lib/code-server/lib/vscode/out/vs/workbench/api/node/extensionHostProcess.js:119:2816)
	at Object.info (file:///usr/lib/code-server/lib/vscode/out/vs/workbench/api/node/extensionHostProcess.js:119:3161)
	at T.info (/usr/lib/code-server/lib/vscode/extensions/json-language-features/client/dist/node/jsonClientMain.js:2:45257)
	at ChildProcess.<anonymous> (/usr/lib/code-server/lib/vscode/extensions/json-language-features/client/dist/node/jsonClientMain.js:2:600187)
	at ChildProcess.emit (node:events:518:28)
	at ChildProcess._handle.onexit (node:internal/child_process:293:12)
2025-11-04 01:08:37.392 [info] Extension host with pid 68479 exiting with code 0
