2025-11-05 01:24:47.798 [info] WARNING:pygls.protocol.json_rpc:Cancel notification for unknown message id "5"

2025-11-05 01:24:47.800 [info] WARNING:pygls.protocol.json_rpc:Cancel notification for unknown message id "6"

2025-11-05 01:24:47.807 [info] WARNING:pygls.protocol.json_rpc:Cancel notification for unknown message id "7"

2025-11-05 01:24:47.903 [info] WARNING:pygls.protocol.json_rpc:Cancel notification for unknown message id "8"

2025-11-05 01:25:31.890 [info] WARNING:pygls.protocol.json_rpc:Cancel notification for unknown message id "15"

2025-11-05 01:25:49.391 [info] WARNING:pygls.protocol.json_rpc:Cancel notification for unknown message id "39"

2025-11-05 01:25:50.280 [info] WARNING:pygls.protocol.json_rpc:Cancel notification for unknown message id "41"

2025-11-05 01:25:50.706 [info] WARNING:pygls.protocol.json_rpc:Cancel notification for unknown message id "42"

2025-11-05 01:25:51.272 [info] WARNING:pygls.protocol.json_rpc:Cancel notification for unknown message id "40"

2025-11-05 01:25:51.272 [info] WARNING:pygls.protocol.json_rpc:Cancel notification for unknown message id "43"

2025-11-05 01:25:53.282 [info] WARNING:pygls.protocol.json_rpc:Cancel notification for unknown message id "44"

2025-11-05 01:25:53.287 [info] WARNING:pygls.protocol.json_rpc:Cancel notification for unknown message id "46"

2025-11-05 01:25:53.289 [info] WARNING:pygls.protocol.json_rpc:Cancel notification for unknown message id "45"

2025-11-05 01:25:53.298 [info] WARNING:pygls.protocol.json_rpc:Cancel notification for unknown message id "48"

2025-11-05 01:25:53.301 [info] WARNING:pygls.protocol.json_rpc:Cancel notification for unknown message id "50"

2025-11-05 01:25:53.304 [info] WARNING:pygls.protocol.json_rpc:Cancel notification for unknown message id "47"

2025-11-05 01:25:56.274 [info] WARNING:pygls.protocol.json_rpc:Cancel notification for unknown message id "54"

2025-11-05 01:25:56.381 [info] WARNING:pygls.protocol.json_rpc:Cancel notification for unknown message id "55"

2025-11-05 01:27:02.875 [info] WARNING:pygls.protocol.json_rpc:Cancel notification for unknown message id "100"

2025-11-05 01:27:03.267 [info] WARNING:pygls.protocol.json_rpc:Cancel notification for unknown message id "102"

2025-11-05 01:27:03.271 [info] WARNING:pygls.protocol.json_rpc:Cancel notification for unknown message id "103"

2025-11-05 01:27:13.589 [info] WARNING:pygls.protocol.json_rpc:Cancel notification for unknown message id "135"

2025-11-05 01:27:13.591 [info] WARNING:pygls.protocol.json_rpc:Cancel notification for unknown message id "136"

2025-11-05 01:27:16.893 [info] WARNING:pygls.protocol.json_rpc:Cancel notification for unknown message id "150"

2025-11-05 01:27:22.376 [info] WARNING:pygls.protocol.json_rpc:Cancel notification for unknown message id "169"

2025-11-05 01:27:22.384 [info] WARNING:pygls.protocol.json_rpc:Cancel notification for unknown message id "171"

2025-11-05 01:27:22.393 [info] WARNING:pygls.protocol.json_rpc:Cancel notification for unknown message id "170"

2025-11-05 01:29:59.212 [info] WARNING:pygls.protocol.json_rpc:Cancel notification for unknown message id "193"

2025-11-05 01:30:41.000 [info] WARNING:pygls.protocol.json_rpc:Cancel notification for unknown message id "215"

2025-11-05 01:30:41.004 [info] WARNING:pygls.protocol.json_rpc:Cancel notification for unknown message id "216"

2025-11-05 01:31:33.476 [info] WARNING:pygls.protocol.json_rpc:Cancel notification for unknown message id "244"

2025-11-05 01:31:33.477 [info] WARNING:pygls.protocol.json_rpc:Cancel notification for unknown message id "246"

2025-11-05 01:31:39.777 [info] WARNING:pygls.protocol.json_rpc:Cancel notification for unknown message id "245"

2025-11-05 01:31:39.780 [info] WARNING:pygls.protocol.json_rpc:Cancel notification for unknown message id "247"

2025-11-05 01:31:46.387 [info] WARNING:pygls.protocol.json_rpc:Cancel notification for unknown message id "250"

2025-11-05 01:31:46.479 [info] WARNING:pygls.protocol.json_rpc:Cancel notification for unknown message id "249"

2025-11-05 01:31:46.483 [info] WARNING:pygls.protocol.json_rpc:Cancel notification for unknown message id "248"

2025-11-05 01:31:46.592 [info] WARNING:pygls.protocol.json_rpc:Cancel notification for unknown message id "252"

2025-11-05 01:31:47.291 [info] WARNING:pygls.protocol.json_rpc:Cancel notification for unknown message id "251"

2025-11-05 01:31:47.369 [info] WARNING:pygls.protocol.json_rpc:Cancel notification for unknown message id "254"

2025-11-05 01:31:47.374 [info] WARNING:pygls.protocol.json_rpc:Cancel notification for unknown message id "255"

2025-11-05 01:31:47.396 [info] WARNING:pygls.protocol.json_rpc:Cancel notification for unknown message id "256"

2025-11-05 01:31:47.470 [info] WARNING:pygls.protocol.json_rpc:Cancel notification for unknown message id "258"

2025-11-05 01:31:47.480 [info] WARNING:pygls.protocol.json_rpc:Cancel notification for unknown message id "259"

2025-11-05 01:31:47.482 [info] WARNING:pygls.protocol.json_rpc:Cancel notification for unknown message id "257"

2025-11-05 01:31:47.496 [info] WARNING:pygls.protocol.json_rpc:Cancel notification for unknown message id "262"

2025-11-05 01:31:47.569 [info] WARNING:pygls.protocol.json_rpc:Cancel notification for unknown message id "263"

2025-11-05 01:31:47.573 [info] WARNING:pygls.protocol.json_rpc:Cancel notification for unknown message id "261"

2025-11-05 01:31:47.587 [info] WARNING:pygls.protocol.json_rpc:Cancel notification for unknown message id "264"

2025-11-05 01:31:47.672 [info] WARNING:pygls.protocol.json_rpc:Cancel notification for unknown message id "266"

2025-11-05 01:31:47.673 [info] WARNING:pygls.protocol.json_rpc:Cancel notification for unknown message id "253"

2025-11-05 01:31:47.677 [info] WARNING:pygls.protocol.json_rpc:Cancel notification for unknown message id "267"

2025-11-05 01:31:47.678 [info] WARNING:pygls.protocol.json_rpc:Cancel notification for unknown message id "265"

2025-11-05 01:31:47.687 [info] WARNING:pygls.protocol.json_rpc:Cancel notification for unknown message id "260"

2025-11-05 01:31:47.766 [info] WARNING:pygls.protocol.json_rpc:Cancel notification for unknown message id "270"
WARNING:pygls.protocol.json_rpc:Cancel notification for unknown message id "271"
WARNING:pygls.protocol.json_rpc:Cancel notification for unknown message id "269"

2025-11-05 01:31:47.792 [info] WARNING:pygls.protocol.json_rpc:Cancel notification for unknown message id "273"

2025-11-05 01:31:47.876 [info] WARNING:pygls.protocol.json_rpc:Cancel notification for unknown message id "274"

2025-11-05 01:31:47.896 [info] WARNING:pygls.protocol.json_rpc:Cancel notification for unknown message id "275"

2025-11-05 01:31:52.984 [info] WARNING:pygls.protocol.json_rpc:Cancel notification for unknown message id "272"

2025-11-05 01:32:09.702 [info] WARNING:pygls.protocol.json_rpc:Cancel notification for unknown message id "282"

2025-11-05 01:32:09.779 [info] WARNING:pygls.protocol.json_rpc:Cancel notification for unknown message id "285"

2025-11-05 01:32:09.784 [info] WARNING:pygls.protocol.json_rpc:Cancel notification for unknown message id "286"

2025-11-05 01:32:09.788 [info] WARNING:pygls.protocol.json_rpc:Cancel notification for unknown message id "283"

2025-11-05 01:32:09.800 [info] WARNING:pygls.protocol.json_rpc:Cancel notification for unknown message id "289"

2025-11-05 01:32:09.801 [info] WARNING:pygls.protocol.json_rpc:Cancel notification for unknown message id "288"

2025-11-05 01:32:09.801 [info] WARNING:pygls.protocol.json_rpc:Cancel notification for unknown message id "287"

2025-11-05 01:32:09.866 [info] WARNING:pygls.protocol.json_rpc:Cancel notification for unknown message id "284"

2025-11-05 01:32:10.343 [info] ERROR:pygls.protocol.json_rpc:Failed to handle request 295 textDocument/codeAction CodeActionParams(text_document=TextDocumentIdentifier(uri='file:///home/coder/oi.py'), range=10:8-10:8, context=CodeActionContext(diagnostics=[], only=None, trigger_kind=<CodeActionTriggerKind.Automatic: 2>), work_done_token=None, partial_result_token=None)
Traceback (most recent call last):
  File "/home/coder/.local/share/code-server/extensions/ms-python.python-2025.16.0-universal/python_files/lib/jedilsp/pygls/protocol/json_rpc.py", line 266, in _handle_request
    self._execute_request(msg_id, handler, params)
  File "/home/coder/.local/share/code-server/extensions/ms-python.python-2025.16.0-universal/python_files/lib/jedilsp/pygls/protocol/json_rpc.py", line 188, in _execute_request
    self._send_response(msg_id, handler(params))
                                ^^^^^^^^^^^^^^^
  File "/home/coder/.local/share/code-server/extensions/ms-python.python-2025.16.0-universal/python_files/lib/jedilsp/jedi_language_server/notebook_utils.py", line 373, in wrapped
    result = f(notebook_server, notebook_params)
             ^^^^^^^^^^^^^^^^^^^^^^^^^^^^^^^^^^^
  File "/home/coder/.local/share/code-server/extensions/ms-python.python-2025.16.0-universal/python_files/lib/jedilsp/jedi_language_server/server.py", line 693, in code_action
    extract_variable_refactoring = jedi_script.extract_variable(
                                   ^^^^^^^^^^^^^^^^^^^^^^^^^^^^^
  File "/home/coder/.local/share/code-server/extensions/ms-python.python-2025.16.0-universal/python_files/lib/jedilsp/jedi/api/helpers.py", line 487, in wrapper
    return func(self, line, column, *args, **kwargs)
           ^^^^^^^^^^^^^^^^^^^^^^^^^^^^^^^^^^^^^^^^^
  File "/home/coder/.local/share/code-server/extensions/ms-python.python-2025.16.0-universal/python_files/lib/jedilsp/jedi/api/__init__.py", line 628, in extract_variable
    return extract_variable(
           ^^^^^^^^^^^^^^^^^
  File "/home/coder/.local/share/code-server/extensions/ms-python.python-2025.16.0-universal/python_files/lib/jedilsp/jedi/api/refactoring/extract.py", line 19, in extract_variable
    nodes = _find_nodes(module_node, pos, until_pos)
            ^^^^^^^^^^^^^^^^^^^^^^^^^^^^^^^^^^^^^^^^
  File "/home/coder/.local/share/code-server/extensions/ms-python.python-2025.16.0-universal/python_files/lib/jedilsp/jedi/api/refactoring/extract.py", line 87, in _find_nodes
    nodes = _remove_unwanted_expression_nodes(parent_node, pos, until_pos)
            ^^^^^^^^^^^^^^^^^^^^^^^^^^^^^^^^^^^^^^^^^^^^^^^^^^^^^^^^^^^^^^
  File "/home/coder/.local/share/code-server/extensions/ms-python.python-2025.16.0-universal/python_files/lib/jedilsp/jedi/api/refactoring/extract.py", line 198, in _remove_unwanted_expression_nodes
    nodes[0:1] = _remove_unwanted_expression_nodes(nodes[0], pos, until_pos)
                 ^^^^^^^^^^^^^^^^^^^^^^^^^^^^^^^^^^^^^^^^^^^^^^^^^^^^^^^^^^^
  File "/home/coder/.local/share/code-server/extensions/ms-python.python-2025.16.0-universal/python_files/lib/jedilsp/jedi/api/refactoring/extract.py", line 196, in _remove_unwanted_expression_nodes
    nodes = nodes[start_index:end_index + 1]
            ^^^^^
UnboundLocalError: cannot access local variable 'start_index' where it is not associated with a value

2025-11-05 01:32:10.583 [info] [Error - 1:32:10 AM] Request textDocument/codeAction failed.
2025-11-05 01:32:10.583 [info]   Message: UnboundLocalError: cannot access local variable 'start_index' where it is not associated with a value
  Code: -32603 
[object Object]
2025-11-05 01:32:10.871 [info] ERROR:pygls.protocol.json_rpc:Failed to handle request 296 textDocument/codeAction CodeActionParams(text_document=TextDocumentIdentifier(uri='file:///home/coder/oi.py'), range=10:7-10:7, context=CodeActionContext(diagnostics=[], only=None, trigger_kind=<CodeActionTriggerKind.Automatic: 2>), work_done_token=None, partial_result_token=None)
Traceback (most recent call last):
  File "/home/coder/.local/share/code-server/extensions/ms-python.python-2025.16.0-universal/python_files/lib/jedilsp/pygls/protocol/json_rpc.py", line 266, in _handle_request
    self._execute_request(msg_id, handler, params)
  File "/home/coder/.local/share/code-server/extensions/ms-python.python-2025.16.0-universal/python_files/lib/jedilsp/pygls/protocol/json_rpc.py", line 188, in _execute_request
    self._send_response(msg_id, handler(params))
                                ^^^^^^^^^^^^^^^
  File "/home/coder/.local/share/code-server/extensions/ms-python.python-2025.16.0-universal/python_files/lib/jedilsp/jedi_language_server/notebook_utils.py", line 373, in wrapped
    result = f(notebook_server, notebook_params)
             ^^^^^^^^^^^^^^^^^^^^^^^^^^^^^^^^^^^
  File "/home/coder/.local/share/code-server/extensions/ms-python.python-2025.16.0-universal/python_files/lib/jedilsp/jedi_language_server/server.py", line 693, in code_action
    extract_variable_refactoring = jedi_script.extract_variable(
                                   ^^^^^^^^^^^^^^^^^^^^^^^^^^^^^
  File "/home/coder/.local/share/code-server/extensions/ms-python.python-2025.16.0-universal/python_files/lib/jedilsp/jedi/api/helpers.py", line 487, in wrapper
    return func(self, line, column, *args, **kwargs)
           ^^^^^^^^^^^^^^^^^^^^^^^^^^^^^^^^^^^^^^^^^
  File "/home/coder/.local/share/code-server/extensions/ms-python.python-2025.16.0-universal/python_files/lib/jedilsp/jedi/api/__init__.py", line 628, in extract_variable
    return extract_variable(
           ^^^^^^^^^^^^^^^^^
  File "/home/coder/.local/share/code-server/extensions/ms-python.python-2025.16.0-universal/python_files/lib/jedilsp/jedi/api/refactoring/extract.py", line 19, in extract_variable
    nodes = _find_nodes(module_node, pos, until_pos)
            ^^^^^^^^^^^^^^^^^^^^^^^^^^^^^^^^^^^^^^^^
  File "/home/coder/.local/share/code-server/extensions/ms-python.python-2025.16.0-universal/python_files/lib/jedilsp/jedi/api/refactoring/extract.py", line 87, in _find_nodes
    nodes = _remove_unwanted_expression_nodes(parent_node, pos, until_pos)
            ^^^^^^^^^^^^^^^^^^^^^^^^^^^^^^^^^^^^^^^^^^^^^^^^^^^^^^^^^^^^^^
  File "/home/coder/.local/share/code-server/extensions/ms-python.python-2025.16.0-universal/python_files/lib/jedilsp/jedi/api/refactoring/extract.py", line 196, in _remove_unwanted_expression_nodes
    nodes = nodes[start_index:end_index + 1]
                              ^^^^^^^^^
UnboundLocalError: cannot access local variable 'end_index' where it is not associated with a value

2025-11-05 01:32:10.874 [info] [Error - 1:32:10 AM] Request textDocument/codeAction failed.
2025-11-05 01:32:10.874 [info]   Message: UnboundLocalError: cannot access local variable 'end_index' where it is not associated with a value
  Code: -32603 
[object Object]
2025-11-05 01:32:21.364 [info] ERROR:pygls.protocol.json_rpc:Failed to handle request 312 textDocument/codeAction CodeActionParams(text_document=TextDocumentIdentifier(uri='file:///home/coder/oi.py'), range=9:9-9:9, context=CodeActionContext(diagnostics=[], only=None, trigger_kind=<CodeActionTriggerKind.Automatic: 2>), work_done_token=None, partial_result_token=None)
Traceback (most recent call last):
  File "/home/coder/.local/share/code-server/extensions/ms-python.python-2025.16.0-universal/python_files/lib/jedilsp/pygls/protocol/json_rpc.py", line 266, in _handle_request
    self._execute_request(msg_id, handler, params)
  File "/home/coder/.local/share/code-server/extensions/ms-python.python-2025.16.0-universal/python_files/lib/jedilsp/pygls/protocol/json_rpc.py", line 188, in _execute_request
    self._send_response(msg_id, handler(params))
                                ^^^^^^^^^^^^^^^
  File "/home/coder/.local/share/code-server/extensions/ms-python.python-2025.16.0-universal/python_files/lib/jedilsp/jedi_language_server/notebook_utils.py", line 373, in wrapped
    result = f(notebook_server, notebook_params)
             ^^^^^^^^^^^^^^^^^^^^^^^^^^^^^^^^^^^
  File "/home/coder/.local/share/code-server/extensions/ms-python.python-2025.16.0-universal/python_files/lib/jedilsp/jedi_language_server/server.py", line 693, in code_action
    extract_variable_refactoring = jedi_script.extract_variable(
                                   ^^^^^^^^^^^^^^^^^^^^^^^^^^^^^
  File "/home/coder/.local/share/code-server/extensions/ms-python.python-2025.16.0-universal/python_files/lib/jedilsp/jedi/api/helpers.py", line 487, in wrapper
    return func(self, line, column, *args, **kwargs)
           ^^^^^^^^^^^^^^^^^^^^^^^^^^^^^^^^^^^^^^^^^
  File "/home/coder/.local/share/code-server/extensions/ms-python.python-2025.16.0-universal/python_files/lib/jedilsp/jedi/api/__init__.py", line 628, in extract_variable
    return extract_variable(
           ^^^^^^^^^^^^^^^^^
  File "/home/coder/.local/share/code-server/extensions/ms-python.python-2025.16.0-universal/python_files/lib/jedilsp/jedi/api/refactoring/extract.py", line 19, in extract_variable
    nodes = _find_nodes(module_node, pos, until_pos)
            ^^^^^^^^^^^^^^^^^^^^^^^^^^^^^^^^^^^^^^^^
  File "/home/coder/.local/share/code-server/extensions/ms-python.python-2025.16.0-universal/python_files/lib/jedilsp/jedi/api/refactoring/extract.py", line 87, in _find_nodes
    nodes = _remove_unwanted_expression_nodes(parent_node, pos, until_pos)
            ^^^^^^^^^^^^^^^^^^^^^^^^^^^^^^^^^^^^^^^^^^^^^^^^^^^^^^^^^^^^^^
  File "/home/coder/.local/share/code-server/extensions/ms-python.python-2025.16.0-universal/python_files/lib/jedilsp/jedi/api/refactoring/extract.py", line 196, in _remove_unwanted_expression_nodes
    nodes = nodes[start_index:end_index + 1]
                              ^^^^^^^^^
UnboundLocalError: cannot access local variable 'end_index' where it is not associated with a value

2025-11-05 01:32:21.365 [info] [Error - 1:32:21 AM] Request textDocument/codeAction failed.
2025-11-05 01:32:21.365 [info]   Message: UnboundLocalError: cannot access local variable 'end_index' where it is not associated with a value
  Code: -32603 
[object Object]
2025-11-05 01:32:22.453 [info] ERROR:pygls.protocol.json_rpc:Failed to handle request 315 textDocument/codeAction CodeActionParams(text_document=TextDocumentIdentifier(uri='file:///home/coder/oi.py'), range=9:9-9:9, context=CodeActionContext(diagnostics=[], only=None, trigger_kind=<CodeActionTriggerKind.Automatic: 2>), work_done_token=None, partial_result_token=None)
Traceback (most recent call last):
  File "/home/coder/.local/share/code-server/extensions/ms-python.python-2025.16.0-universal/python_files/lib/jedilsp/pygls/protocol/json_rpc.py", line 266, in _handle_request
    self._execute_request(msg_id, handler, params)
  File "/home/coder/.local/share/code-server/extensions/ms-python.python-2025.16.0-universal/python_files/lib/jedilsp/pygls/protocol/json_rpc.py", line 188, in _execute_request
    self._send_response(msg_id, handler(params))
                                ^^^^^^^^^^^^^^^
  File "/home/coder/.local/share/code-server/extensions/ms-python.python-2025.16.0-universal/python_files/lib/jedilsp/jedi_language_server/notebook_utils.py", line 373, in wrapped
    result = f(notebook_server, notebook_params)
             ^^^^^^^^^^^^^^^^^^^^^^^^^^^^^^^^^^^
  File "/home/coder/.local/share/code-server/extensions/ms-python.python-2025.16.0-universal/python_files/lib/jedilsp/jedi_language_server/server.py", line 693, in code_action
    extract_variable_refactoring = jedi_script.extract_variable(
                                   ^^^^^^^^^^^^^^^^^^^^^^^^^^^^^
  File "/home/coder/.local/share/code-server/extensions/ms-python.python-2025.16.0-universal/python_files/lib/jedilsp/jedi/api/helpers.py", line 487, in wrapper
    return func(self, line, column, *args, **kwargs)
           ^^^^^^^^^^^^^^^^^^^^^^^^^^^^^^^^^^^^^^^^^
  File "/home/coder/.local/share/code-server/extensions/ms-python.python-2025.16.0-universal/python_files/lib/jedilsp/jedi/api/__init__.py", line 628, in extract_variable
    return extract_variable(
           ^^^^^^^^^^^^^^^^^
  File "/home/coder/.local/share/code-server/extensions/ms-python.python-2025.16.0-universal/python_files/lib/jedilsp/jedi/api/refactoring/extract.py", line 19, in extract_variable
    nodes = _find_nodes(module_node, pos, until_pos)
            ^^^^^^^^^^^^^^^^^^^^^^^^^^^^^^^^^^^^^^^^
  File "/home/coder/.local/share/code-server/extensions/ms-python.python-2025.16.0-universal/python_files/lib/jedilsp/jedi/api/refactoring/extract.py", line 87, in _find_nodes
    nodes = _remove_unwanted_expression_nodes(parent_node, pos, until_pos)
            ^^^^^^^^^^^^^^^^^^^^^^^^^^^^^^^^^^^^^^^^^^^^^^^^^^^^^^^^^^^^^^
  File "/home/coder/.local/share/code-server/extensions/ms-python.python-2025.16.0-universal/python_files/lib/jedilsp/jedi/api/refactoring/extract.py", line 196, in _remove_unwanted_expression_nodes
    nodes = nodes[start_index:end_index + 1]
                              ^^^^^^^^^
UnboundLocalError: cannot access local variable 'end_index' where it is not associated with a value

2025-11-05 01:32:22.454 [info] [Error - 1:32:22 AM] Request textDocument/codeAction failed.
2025-11-05 01:32:22.454 [info]   Message: UnboundLocalError: cannot access local variable 'end_index' where it is not associated with a value
  Code: -32603 
[object Object]
2025-11-05 01:32:24.231 [info] ERROR:pygls.protocol.json_rpc:Failed to handle request 316 textDocument/codeAction CodeActionParams(text_document=TextDocumentIdentifier(uri='file:///home/coder/oi.py'), range=9:11-9:11, context=CodeActionContext(diagnostics=[], only=None, trigger_kind=<CodeActionTriggerKind.Automatic: 2>), work_done_token=None, partial_result_token=None)
Traceback (most recent call last):
  File "/home/coder/.local/share/code-server/extensions/ms-python.python-2025.16.0-universal/python_files/lib/jedilsp/pygls/protocol/json_rpc.py", line 266, in _handle_request
    self._execute_request(msg_id, handler, params)
  File "/home/coder/.local/share/code-server/extensions/ms-python.python-2025.16.0-universal/python_files/lib/jedilsp/pygls/protocol/json_rpc.py", line 188, in _execute_request
    self._send_response(msg_id, handler(params))
                                ^^^^^^^^^^^^^^^
  File "/home/coder/.local/share/code-server/extensions/ms-python.python-2025.16.0-universal/python_files/lib/jedilsp/jedi_language_server/notebook_utils.py", line 373, in wrapped
    result = f(notebook_server, notebook_params)
             ^^^^^^^^^^^^^^^^^^^^^^^^^^^^^^^^^^^
  File "/home/coder/.local/share/code-server/extensions/ms-python.python-2025.16.0-universal/python_files/lib/jedilsp/jedi_language_server/server.py", line 693, in code_action
    extract_variable_refactoring = jedi_script.extract_variable(
                                   ^^^^^^^^^^^^^^^^^^^^^^^^^^^^^
  File "/home/coder/.local/share/code-server/extensions/ms-python.python-2025.16.0-universal/python_files/lib/jedilsp/jedi/api/helpers.py", line 487, in wrapper
    return func(self, line, column, *args, **kwargs)
           ^^^^^^^^^^^^^^^^^^^^^^^^^^^^^^^^^^^^^^^^^
  File "/home/coder/.local/share/code-server/extensions/ms-python.python-2025.16.0-universal/python_files/lib/jedilsp/jedi/api/__init__.py", line 628, in extract_variable
    return extract_variable(
           ^^^^^^^^^^^^^^^^^
  File "/home/coder/.local/share/code-server/extensions/ms-python.python-2025.16.0-universal/python_files/lib/jedilsp/jedi/api/refactoring/extract.py", line 19, in extract_variable
    nodes = _find_nodes(module_node, pos, until_pos)
            ^^^^^^^^^^^^^^^^^^^^^^^^^^^^^^^^^^^^^^^^
  File "/home/coder/.local/share/code-server/extensions/ms-python.python-2025.16.0-universal/python_files/lib/jedilsp/jedi/api/refactoring/extract.py", line 87, in _find_nodes
    nodes = _remove_unwanted_expression_nodes(parent_node, pos, until_pos)
            ^^^^^^^^^^^^^^^^^^^^^^^^^^^^^^^^^^^^^^^^^^^^^^^^^^^^^^^^^^^^^^
  File "/home/coder/.local/share/code-server/extensions/ms-python.python-2025.16.0-universal/python_files/lib/jedilsp/jedi/api/refactoring/extract.py", line 198, in _remove_unwanted_expression_nodes
    nodes[0:1] = _remove_unwanted_expression_nodes(nodes[0], pos, until_pos)
                 ^^^^^^^^^^^^^^^^^^^^^^^^^^^^^^^^^^^^^^^^^^^^^^^^^^^^^^^^^^^
  File "/home/coder/.local/share/code-server/extensions/ms-python.python-2025.16.0-universal/python_files/lib/jedilsp/jedi/api/refactoring/extract.py", line 196, in _remove_unwanted_expression_nodes
    nodes = nodes[start_index:end_index + 1]
            ^^^^^
UnboundLocalError: cannot access local variable 'start_index' where it is not associated with a value

2025-11-05 01:32:24.232 [info] [Error - 1:32:24 AM] Request textDocument/codeAction failed.
2025-11-05 01:32:24.232 [info]   Message: UnboundLocalError: cannot access local variable 'start_index' where it is not associated with a value
  Code: -32603 
[object Object]
2025-11-05 01:32:25.458 [info] ERROR:pygls.protocol.json_rpc:Failed to handle request 319 textDocument/codeAction CodeActionParams(text_document=TextDocumentIdentifier(uri='file:///home/coder/oi.py'), range=9:11-9:11, context=CodeActionContext(diagnostics=[], only=None, trigger_kind=<CodeActionTriggerKind.Automatic: 2>), work_done_token=None, partial_result_token=None)
Traceback (most recent call last):
  File "/home/coder/.local/share/code-server/extensions/ms-python.python-2025.16.0-universal/python_files/lib/jedilsp/pygls/protocol/json_rpc.py", line 266, in _handle_request
    self._execute_request(msg_id, handler, params)
  File "/home/coder/.local/share/code-server/extensions/ms-python.python-2025.16.0-universal/python_files/lib/jedilsp/pygls/protocol/json_rpc.py", line 188, in _execute_request
    self._send_response(msg_id, handler(params))
                                ^^^^^^^^^^^^^^^
  File "/home/coder/.local/share/code-server/extensions/ms-python.python-2025.16.0-universal/python_files/lib/jedilsp/jedi_language_server/notebook_utils.py", line 373, in wrapped
    result = f(notebook_server, notebook_params)
             ^^^^^^^^^^^^^^^^^^^^^^^^^^^^^^^^^^^
  File "/home/coder/.local/share/code-server/extensions/ms-python.python-2025.16.0-universal/python_files/lib/jedilsp/jedi_language_server/server.py", line 693, in code_action
    extract_variable_refactoring = jedi_script.extract_variable(
                                   ^^^^^^^^^^^^^^^^^^^^^^^^^^^^^
  File "/home/coder/.local/share/code-server/extensions/ms-python.python-2025.16.0-universal/python_files/lib/jedilsp/jedi/api/helpers.py", line 487, in wrapper
    return func(self, line, column, *args, **kwargs)
           ^^^^^^^^^^^^^^^^^^^^^^^^^^^^^^^^^^^^^^^^^
  File "/home/coder/.local/share/code-server/extensions/ms-python.python-2025.16.0-universal/python_files/lib/jedilsp/jedi/api/__init__.py", line 628, in extract_variable
    return extract_variable(
           ^^^^^^^^^^^^^^^^^
  File "/home/coder/.local/share/code-server/extensions/ms-python.python-2025.16.0-universal/python_files/lib/jedilsp/jedi/api/refactoring/extract.py", line 19, in extract_variable
    nodes = _find_nodes(module_node, pos, until_pos)
            ^^^^^^^^^^^^^^^^^^^^^^^^^^^^^^^^^^^^^^^^
  File "/home/coder/.local/share/code-server/extensions/ms-python.python-2025.16.0-universal/python_files/lib/jedilsp/jedi/api/refactoring/extract.py", line 87, in _find_nodes
    nodes = _remove_unwanted_expression_nodes(parent_node, pos, until_pos)
            ^^^^^^^^^^^^^^^^^^^^^^^^^^^^^^^^^^^^^^^^^^^^^^^^^^^^^^^^^^^^^^
  File "/home/coder/.local/share/code-server/extensions/ms-python.python-2025.16.0-universal/python_files/lib/jedilsp/jedi/api/refactoring/extract.py", line 198, in _remove_unwanted_expression_nodes
    nodes[0:1] = _remove_unwanted_expression_nodes(nodes[0], pos, until_pos)
                 ^^^^^^^^^^^^^^^^^^^^^^^^^^^^^^^^^^^^^^^^^^^^^^^^^^^^^^^^^^^
  File "/home/coder/.local/share/code-server/extensions/ms-python.python-2025.16.0-universal/python_files/lib/jedilsp/jedi/api/refactoring/extract.py", line 196, in _remove_unwanted_expression_nodes
    nodes = nodes[start_index:end_index + 1]
            ^^^^^
UnboundLocalError: cannot access local variable 'start_index' where it is not associated with a value

2025-11-05 01:32:25.459 [info] [Error - 1:32:25 AM] Request textDocument/codeAction failed.
2025-11-05 01:32:25.459 [info]   Message: UnboundLocalError: cannot access local variable 'start_index' where it is not associated with a value
  Code: -32603 
[object Object]
2025-11-05 01:32:27.865 [info] ERROR:pygls.protocol.json_rpc:Failed to handle request 324 textDocument/codeAction CodeActionParams(text_document=TextDocumentIdentifier(uri='file:///home/coder/oi.py'), range=10:6-10:6, context=CodeActionContext(diagnostics=[], only=None, trigger_kind=<CodeActionTriggerKind.Automatic: 2>), work_done_token=None, partial_result_token=None)
Traceback (most recent call last):
  File "/home/coder/.local/share/code-server/extensions/ms-python.python-2025.16.0-universal/python_files/lib/jedilsp/pygls/protocol/json_rpc.py", line 266, in _handle_request
    self._execute_request(msg_id, handler, params)
  File "/home/coder/.local/share/code-server/extensions/ms-python.python-2025.16.0-universal/python_files/lib/jedilsp/pygls/protocol/json_rpc.py", line 188, in _execute_request
    self._send_response(msg_id, handler(params))
                                ^^^^^^^^^^^^^^^
  File "/home/coder/.local/share/code-server/extensions/ms-python.python-2025.16.0-universal/python_files/lib/jedilsp/jedi_language_server/notebook_utils.py", line 373, in wrapped
    result = f(notebook_server, notebook_params)
             ^^^^^^^^^^^^^^^^^^^^^^^^^^^^^^^^^^^
  File "/home/coder/.local/share/code-server/extensions/ms-python.python-2025.16.0-universal/python_files/lib/jedilsp/jedi_language_server/server.py", line 693, in code_action
    extract_variable_refactoring = jedi_script.extract_variable(
                                   ^^^^^^^^^^^^^^^^^^^^^^^^^^^^^
  File "/home/coder/.local/share/code-server/extensions/ms-python.python-2025.16.0-universal/python_files/lib/jedilsp/jedi/api/helpers.py", line 487, in wrapper
    return func(self, line, column, *args, **kwargs)
           ^^^^^^^^^^^^^^^^^^^^^^^^^^^^^^^^^^^^^^^^^
  File "/home/coder/.local/share/code-server/extensions/ms-python.python-2025.16.0-universal/python_files/lib/jedilsp/jedi/api/__init__.py", line 628, in extract_variable
    return extract_variable(
           ^^^^^^^^^^^^^^^^^
  File "/home/coder/.local/share/code-server/extensions/ms-python.python-2025.16.0-universal/python_files/lib/jedilsp/jedi/api/refactoring/extract.py", line 19, in extract_variable
    nodes = _find_nodes(module_node, pos, until_pos)
            ^^^^^^^^^^^^^^^^^^^^^^^^^^^^^^^^^^^^^^^^
  File "/home/coder/.local/share/code-server/extensions/ms-python.python-2025.16.0-universal/python_files/lib/jedilsp/jedi/api/refactoring/extract.py", line 87, in _find_nodes
    nodes = _remove_unwanted_expression_nodes(parent_node, pos, until_pos)
            ^^^^^^^^^^^^^^^^^^^^^^^^^^^^^^^^^^^^^^^^^^^^^^^^^^^^^^^^^^^^^^
  File "/home/coder/.local/share/code-server/extensions/ms-python.python-2025.16.0-universal/python_files/lib/jedilsp/jedi/api/refactoring/extract.py", line 196, in _remove_unwanted_expression_nodes
    nodes = nodes[start_index:end_index + 1]
                              ^^^^^^^^^
UnboundLocalError: cannot access local variable 'end_index' where it is not associated with a value

2025-11-05 01:32:27.866 [info] [Error - 1:32:27 AM] Request textDocument/codeAction failed.
2025-11-05 01:32:27.866 [info]   Message: UnboundLocalError: cannot access local variable 'end_index' where it is not associated with a value
  Code: -32603 
[object Object]
2025-11-05 01:32:28.147 [info] ERROR:pygls.protocol.json_rpc:Failed to handle request 325 textDocument/codeAction CodeActionParams(text_document=TextDocumentIdentifier(uri='file:///home/coder/oi.py'), range=10:7-10:7, context=CodeActionContext(diagnostics=[], only=None, trigger_kind=<CodeActionTriggerKind.Automatic: 2>), work_done_token=None, partial_result_token=None)
Traceback (most recent call last):
  File "/home/coder/.local/share/code-server/extensions/ms-python.python-2025.16.0-universal/python_files/lib/jedilsp/pygls/protocol/json_rpc.py", line 266, in _handle_request
    self._execute_request(msg_id, handler, params)
  File "/home/coder/.local/share/code-server/extensions/ms-python.python-2025.16.0-universal/python_files/lib/jedilsp/pygls/protocol/json_rpc.py", line 188, in _execute_request
    self._send_response(msg_id, handler(params))
                                ^^^^^^^^^^^^^^^
  File "/home/coder/.local/share/code-server/extensions/ms-python.python-2025.16.0-universal/python_files/lib/jedilsp/jedi_language_server/notebook_utils.py", line 373, in wrapped
    result = f(notebook_server, notebook_params)
             ^^^^^^^^^^^^^^^^^^^^^^^^^^^^^^^^^^^
  File "/home/coder/.local/share/code-server/extensions/ms-python.python-2025.16.0-universal/python_files/lib/jedilsp/jedi_language_server/server.py", line 693, in code_action
    extract_variable_refactoring = jedi_script.extract_variable(
                                   ^^^^^^^^^^^^^^^^^^^^^^^^^^^^^
  File "/home/coder/.local/share/code-server/extensions/ms-python.python-2025.16.0-universal/python_files/lib/jedilsp/jedi/api/helpers.py", line 487, in wrapper
    return func(self, line, column, *args, **kwargs)
           ^^^^^^^^^^^^^^^^^^^^^^^^^^^^^^^^^^^^^^^^^
  File "/home/coder/.local/share/code-server/extensions/ms-python.python-2025.16.0-universal/python_files/lib/jedilsp/jedi/api/__init__.py", line 628, in extract_variable
    return extract_variable(
           ^^^^^^^^^^^^^^^^^
  File "/home/coder/.local/share/code-server/extensions/ms-python.python-2025.16.0-universal/python_files/lib/jedilsp/jedi/api/refactoring/extract.py", line 19, in extract_variable
    nodes = _find_nodes(module_node, pos, until_pos)
            ^^^^^^^^^^^^^^^^^^^^^^^^^^^^^^^^^^^^^^^^
  File "/home/coder/.local/share/code-server/extensions/ms-python.python-2025.16.0-universal/python_files/lib/jedilsp/jedi/api/refactoring/extract.py", line 87, in _find_nodes
    nodes = _remove_unwanted_expression_nodes(parent_node, pos, until_pos)
            ^^^^^^^^^^^^^^^^^^^^^^^^^^^^^^^^^^^^^^^^^^^^^^^^^^^^^^^^^^^^^^
  File "/home/coder/.local/share/code-server/extensions/ms-python.python-2025.16.0-universal/python_files/lib/jedilsp/jedi/api/refactoring/extract.py", line 196, in _remove_unwanted_expression_nodes
    nodes = nodes[start_index:end_index + 1]
                              ^^^^^^^^^
UnboundLocalError: cannot access local variable 'end_index' where it is not associated with a value

2025-11-05 01:32:28.148 [info] [Error - 1:32:28 AM] Request textDocument/codeAction failed.
2025-11-05 01:32:28.148 [info]   Message: UnboundLocalError: cannot access local variable 'end_index' where it is not associated with a value
  Code: -32603 
[object Object]
2025-11-05 01:32:28.553 [info] ERROR:pygls.protocol.json_rpc:Failed to handle request 326 textDocument/codeAction CodeActionParams(text_document=TextDocumentIdentifier(uri='file:///home/coder/oi.py'), range=10:6-10:6, context=CodeActionContext(diagnostics=[], only=None, trigger_kind=<CodeActionTriggerKind.Automatic: 2>), work_done_token=None, partial_result_token=None)
Traceback (most recent call last):
  File "/home/coder/.local/share/code-server/extensions/ms-python.python-2025.16.0-universal/python_files/lib/jedilsp/pygls/protocol/json_rpc.py", line 266, in _handle_request
    self._execute_request(msg_id, handler, params)
  File "/home/coder/.local/share/code-server/extensions/ms-python.python-2025.16.0-universal/python_files/lib/jedilsp/pygls/protocol/json_rpc.py", line 188, in _execute_request
    self._send_response(msg_id, handler(params))
                                ^^^^^^^^^^^^^^^
  File "/home/coder/.local/share/code-server/extensions/ms-python.python-2025.16.0-universal/python_files/lib/jedilsp/jedi_language_server/notebook_utils.py", line 373, in wrapped
    result = f(notebook_server, notebook_params)
             ^^^^^^^^^^^^^^^^^^^^^^^^^^^^^^^^^^^
  File "/home/coder/.local/share/code-server/extensions/ms-python.python-2025.16.0-universal/python_files/lib/jedilsp/jedi_language_server/server.py", line 693, in code_action
    extract_variable_refactoring = jedi_script.extract_variable(
                                   ^^^^^^^^^^^^^^^^^^^^^^^^^^^^^
  File "/home/coder/.local/share/code-server/extensions/ms-python.python-2025.16.0-universal/python_files/lib/jedilsp/jedi/api/helpers.py", line 487, in wrapper
    return func(self, line, column, *args, **kwargs)
           ^^^^^^^^^^^^^^^^^^^^^^^^^^^^^^^^^^^^^^^^^
  File "/home/coder/.local/share/code-server/extensions/ms-python.python-2025.16.0-universal/python_files/lib/jedilsp/jedi/api/__init__.py", line 628, in extract_variable
    return extract_variable(
           ^^^^^^^^^^^^^^^^^
  File "/home/coder/.local/share/code-server/extensions/ms-python.python-2025.16.0-universal/python_files/lib/jedilsp/jedi/api/refactoring/extract.py", line 19, in extract_variable
    nodes = _find_nodes(module_node, pos, until_pos)
            ^^^^^^^^^^^^^^^^^^^^^^^^^^^^^^^^^^^^^^^^
  File "/home/coder/.local/share/code-server/extensions/ms-python.python-2025.16.0-universal/python_files/lib/jedilsp/jedi/api/refactoring/extract.py", line 87, in _find_nodes
    nodes = _remove_unwanted_expression_nodes(parent_node, pos, until_pos)
            ^^^^^^^^^^^^^^^^^^^^^^^^^^^^^^^^^^^^^^^^^^^^^^^^^^^^^^^^^^^^^^
  File "/home/coder/.local/share/code-server/extensions/ms-python.python-2025.16.0-universal/python_files/lib/jedilsp/jedi/api/refactoring/extract.py", line 196, in _remove_unwanted_expression_nodes
    nodes = nodes[start_index:end_index + 1]
                              ^^^^^^^^^
UnboundLocalError: cannot access local variable 'end_index' where it is not associated with a value

2025-11-05 01:32:28.554 [info] [Error - 1:32:28 AM] Request textDocument/codeAction failed.
2025-11-05 01:32:28.554 [info]   Message: UnboundLocalError: cannot access local variable 'end_index' where it is not associated with a value
  Code: -32603 
[object Object]
2025-11-05 01:32:35.879 [info] WARNING:pygls.protocol.json_rpc:Cancel notification for unknown message id "333"

2025-11-05 01:32:35.884 [info] WARNING:pygls.protocol.json_rpc:Cancel notification for unknown message id "334"

2025-11-05 01:32:39.699 [info] WARNING:pygls.protocol.json_rpc:Cancel notification for unknown message id "336"

2025-11-05 01:32:39.701 [info] WARNING:pygls.protocol.json_rpc:Cancel notification for unknown message id "338"

2025-11-05 01:32:39.704 [info] WARNING:pygls.protocol.json_rpc:Cancel notification for unknown message id "339"

2025-11-05 01:32:39.707 [info] WARNING:pygls.protocol.json_rpc:Cancel notification for unknown message id "340"

2025-11-05 01:32:39.709 [info] WARNING:pygls.protocol.json_rpc:Cancel notification for unknown message id "341"

2025-11-05 01:32:39.766 [info] WARNING:pygls.protocol.json_rpc:Cancel notification for unknown message id "337"

2025-11-05 01:32:39.766 [info] WARNING:pygls.protocol.json_rpc:Cancel notification for unknown message id "342"

2025-11-05 01:32:39.768 [info] WARNING:pygls.protocol.json_rpc:Cancel notification for unknown message id "335"

2025-11-05 01:32:39.772 [info] WARNING:pygls.protocol.json_rpc:Cancel notification for unknown message id "343"

2025-11-05 01:32:39.775 [info] WARNING:pygls.protocol.json_rpc:Cancel notification for unknown message id "345"

2025-11-05 01:32:39.780 [info] WARNING:pygls.protocol.json_rpc:Cancel notification for unknown message id "346"

2025-11-05 01:32:39.784 [info] WARNING:pygls.protocol.json_rpc:Cancel notification for unknown message id "347"

2025-11-05 01:32:47.171 [info] WARNING:pygls.protocol.json_rpc:Cancel notification for unknown message id "349"
WARNING:pygls.protocol.json_rpc:Cancel notification for unknown message id "348"

2025-11-05 01:32:47.173 [info] WARNING:pygls.protocol.json_rpc:Cancel notification for unknown message id "344"

2025-11-05 01:32:47.178 [info] WARNING:pygls.protocol.json_rpc:Cancel notification for unknown message id "350"

2025-11-05 01:32:47.185 [info] WARNING:pygls.protocol.json_rpc:Cancel notification for unknown message id "351"

2025-11-05 01:32:58.606 [info] WARNING:pygls.protocol.json_rpc:Cancel notification for unknown message id "362"

2025-11-05 01:33:02.585 [info] WARNING:pygls.protocol.json_rpc:Cancel notification for unknown message id "364"

2025-11-05 01:33:02.585 [info] WARNING:pygls.protocol.json_rpc:Cancel notification for unknown message id "363"

2025-11-05 01:33:02.697 [info] WARNING:pygls.protocol.json_rpc:Cancel notification for unknown message id "369"

2025-11-05 01:33:02.700 [info] WARNING:pygls.protocol.json_rpc:Cancel notification for unknown message id "370"

2025-11-05 01:33:02.776 [info] WARNING:pygls.protocol.json_rpc:Cancel notification for unknown message id "371"

2025-11-05 01:33:02.777 [info] WARNING:pygls.protocol.json_rpc:Cancel notification for unknown message id "365"

2025-11-05 01:33:02.778 [info] WARNING:pygls.protocol.json_rpc:Cancel notification for unknown message id "372"

2025-11-05 01:33:02.779 [info] WARNING:pygls.protocol.json_rpc:Cancel notification for unknown message id "366"

2025-11-05 01:33:08.066 [info] WARNING:pygls.protocol.json_rpc:Cancel notification for unknown message id "374"

2025-11-05 01:33:08.067 [info] WARNING:pygls.protocol.json_rpc:Cancel notification for unknown message id "373"

2025-11-05 01:33:08.086 [info] WARNING:pygls.protocol.json_rpc:Cancel notification for unknown message id "367"

2025-11-05 01:33:12.067 [info] WARNING:pygls.protocol.json_rpc:Cancel notification for unknown message id "375"

2025-11-05 01:33:12.068 [info] WARNING:pygls.protocol.json_rpc:Cancel notification for unknown message id "376"

2025-11-05 01:33:12.071 [info] WARNING:pygls.protocol.json_rpc:Cancel notification for unknown message id "377"

2025-11-05 01:33:15.596 [info] WARNING:pygls.protocol.json_rpc:Cancel notification for unknown message id "380"

2025-11-05 01:33:15.596 [info] WARNING:pygls.protocol.json_rpc:Cancel notification for unknown message id "379"

2025-11-05 01:33:15.598 [info] WARNING:pygls.protocol.json_rpc:Cancel notification for unknown message id "378"

2025-11-05 01:33:21.391 [info] WARNING:pygls.protocol.json_rpc:Cancel notification for unknown message id "384"

2025-11-05 01:33:21.404 [info] WARNING:pygls.protocol.json_rpc:Cancel notification for unknown message id "386"

2025-11-05 01:33:21.404 [info] WARNING:pygls.protocol.json_rpc:Cancel notification for unknown message id "381"

2025-11-05 01:33:21.405 [info] WARNING:pygls.protocol.json_rpc:Cancel notification for unknown message id "385"

2025-11-05 01:33:21.407 [info] WARNING:pygls.protocol.json_rpc:Cancel notification for unknown message id "382"

2025-11-05 01:33:25.066 [info] WARNING:pygls.protocol.json_rpc:Cancel notification for unknown message id "389"

2025-11-05 01:33:25.093 [info] WARNING:pygls.protocol.json_rpc:Cancel notification for unknown message id "390"

2025-11-05 01:33:25.094 [info] WARNING:pygls.protocol.json_rpc:Cancel notification for unknown message id "383"

2025-11-05 01:33:25.096 [info] WARNING:pygls.protocol.json_rpc:Cancel notification for unknown message id "387"

2025-11-05 01:33:29.269 [info] WARNING:pygls.protocol.json_rpc:Cancel notification for unknown message id "392"

2025-11-05 01:33:33.298 [info] WARNING:pygls.protocol.json_rpc:Cancel notification for unknown message id "393"

2025-11-05 01:33:33.308 [info] WARNING:pygls.protocol.json_rpc:Cancel notification for unknown message id "396"

2025-11-05 01:33:33.311 [info] WARNING:pygls.protocol.json_rpc:Cancel notification for unknown message id "397"

2025-11-05 01:33:33.390 [info] WARNING:pygls.protocol.json_rpc:Cancel notification for unknown message id "398"

2025-11-05 01:33:33.391 [info] WARNING:pygls.protocol.json_rpc:Cancel notification for unknown message id "394"

2025-11-05 01:33:33.411 [info] WARNING:pygls.protocol.json_rpc:Cancel notification for unknown message id "395"

2025-11-05 01:33:33.478 [info] WARNING:pygls.protocol.json_rpc:Cancel notification for unknown message id "400"

2025-11-05 01:33:33.480 [info] WARNING:pygls.protocol.json_rpc:Cancel notification for unknown message id "402"

2025-11-05 01:33:33.486 [info] WARNING:pygls.protocol.json_rpc:Cancel notification for unknown message id "401"

2025-11-05 01:33:33.569 [info] WARNING:pygls.protocol.json_rpc:Cancel notification for unknown message id "403"
WARNING:pygls.protocol.json_rpc:Cancel notification for unknown message id "405"

2025-11-05 01:33:33.578 [info] WARNING:pygls.protocol.json_rpc:Cancel notification for unknown message id "404"

2025-11-05 01:33:42.701 [info] ERROR:pygls.protocol.json_rpc:Failed to handle request 426 textDocument/codeAction CodeActionParams(text_document=TextDocumentIdentifier(uri='file:///home/coder/oi.py'), range=8:9-8:9, context=CodeActionContext(diagnostics=[], only=None, trigger_kind=<CodeActionTriggerKind.Automatic: 2>), work_done_token=None, partial_result_token=None)
Traceback (most recent call last):
  File "/home/coder/.local/share/code-server/extensions/ms-python.python-2025.16.0-universal/python_files/lib/jedilsp/pygls/protocol/json_rpc.py", line 266, in _handle_request
    self._execute_request(msg_id, handler, params)
  File "/home/coder/.local/share/code-server/extensions/ms-python.python-2025.16.0-universal/python_files/lib/jedilsp/pygls/protocol/json_rpc.py", line 188, in _execute_request
    self._send_response(msg_id, handler(params))
                                ^^^^^^^^^^^^^^^
  File "/home/coder/.local/share/code-server/extensions/ms-python.python-2025.16.0-universal/python_files/lib/jedilsp/jedi_language_server/notebook_utils.py", line 373, in wrapped
    result = f(notebook_server, notebook_params)
             ^^^^^^^^^^^^^^^^^^^^^^^^^^^^^^^^^^^
  File "/home/coder/.local/share/code-server/extensions/ms-python.python-2025.16.0-universal/python_files/lib/jedilsp/jedi_language_server/server.py", line 693, in code_action
    extract_variable_refactoring = jedi_script.extract_variable(
                                   ^^^^^^^^^^^^^^^^^^^^^^^^^^^^^
  File "/home/coder/.local/share/code-server/extensions/ms-python.python-2025.16.0-universal/python_files/lib/jedilsp/jedi/api/helpers.py", line 487, in wrapper
    return func(self, line, column, *args, **kwargs)
           ^^^^^^^^^^^^^^^^^^^^^^^^^^^^^^^^^^^^^^^^^
  File "/home/coder/.local/share/code-server/extensions/ms-python.python-2025.16.0-universal/python_files/lib/jedilsp/jedi/api/__init__.py", line 628, in extract_variable
    return extract_variable(
           ^^^^^^^^^^^^^^^^^
  File "/home/coder/.local/share/code-server/extensions/ms-python.python-2025.16.0-universal/python_files/lib/jedilsp/jedi/api/refactoring/extract.py", line 19, in extract_variable
    nodes = _find_nodes(module_node, pos, until_pos)
            ^^^^^^^^^^^^^^^^^^^^^^^^^^^^^^^^^^^^^^^^
  File "/home/coder/.local/share/code-server/extensions/ms-python.python-2025.16.0-universal/python_files/lib/jedilsp/jedi/api/refactoring/extract.py", line 87, in _find_nodes
    nodes = _remove_unwanted_expression_nodes(parent_node, pos, until_pos)
            ^^^^^^^^^^^^^^^^^^^^^^^^^^^^^^^^^^^^^^^^^^^^^^^^^^^^^^^^^^^^^^
  File "/home/coder/.local/share/code-server/extensions/ms-python.python-2025.16.0-universal/python_files/lib/jedilsp/jedi/api/refactoring/extract.py", line 198, in _remove_unwanted_expression_nodes
    nodes[0:1] = _remove_unwanted_expression_nodes(nodes[0], pos, until_pos)
                 ^^^^^^^^^^^^^^^^^^^^^^^^^^^^^^^^^^^^^^^^^^^^^^^^^^^^^^^^^^^
  File "/home/coder/.local/share/code-server/extensions/ms-python.python-2025.16.0-universal/python_files/lib/jedilsp/jedi/api/refactoring/extract.py", line 196, in _remove_unwanted_expression_nodes
    nodes = nodes[start_index:end_index + 1]
            ^^^^^
UnboundLocalError: cannot access local variable 'start_index' where it is not associated with a value

2025-11-05 01:33:42.706 [info] [Error - 1:33:42 AM] Request textDocument/codeAction failed.
2025-11-05 01:33:42.706 [info]   Message: UnboundLocalError: cannot access local variable 'start_index' where it is not associated with a value
  Code: -32603 
[object Object]
2025-11-05 01:34:17.149 [info] WARNING:pygls.protocol.json_rpc:Cancel notification for unknown message id "450"

2025-11-05 01:34:25.122 [info] WARNING:pygls.protocol.json_rpc:Cancel notification for unknown message id "456"

2025-11-05 01:36:13.401 [info] WARNING:pygls.protocol.json_rpc:Cancel notification for unknown message id "519"

2025-11-05 01:36:20.469 [info] WARNING:pygls.protocol.json_rpc:Cancel notification for unknown message id "523"

2025-11-05 01:36:20.483 [info] WARNING:pygls.protocol.json_rpc:Cancel notification for unknown message id "525"

2025-11-05 01:36:20.566 [info] WARNING:pygls.protocol.json_rpc:Cancel notification for unknown message id "526"

2025-11-05 01:36:20.566 [info] WARNING:pygls.protocol.json_rpc:Cancel notification for unknown message id "521"

2025-11-05 01:36:20.567 [info] WARNING:pygls.protocol.json_rpc:Cancel notification for unknown message id "524"

2025-11-05 01:36:20.569 [info] WARNING:pygls.protocol.json_rpc:Cancel notification for unknown message id "522"

2025-11-05 01:36:24.795 [info] WARNING:pygls.protocol.json_rpc:Cancel notification for unknown message id "528"

2025-11-05 01:36:24.796 [info] WARNING:pygls.protocol.json_rpc:Cancel notification for unknown message id "527"

2025-11-05 01:36:24.798 [info] WARNING:pygls.protocol.json_rpc:Cancel notification for unknown message id "529"

2025-11-05 01:36:24.806 [info] WARNING:pygls.protocol.json_rpc:Cancel notification for unknown message id "532"

2025-11-05 01:36:24.807 [info] WARNING:pygls.protocol.json_rpc:Cancel notification for unknown message id "530"

2025-11-05 01:36:24.810 [info] WARNING:pygls.protocol.json_rpc:Cancel notification for unknown message id "533"

2025-11-05 01:36:24.811 [info] WARNING:pygls.protocol.json_rpc:Cancel notification for unknown message id "531"

2025-11-05 01:36:24.876 [info] WARNING:pygls.protocol.json_rpc:Cancel notification for unknown message id "536"

2025-11-05 01:36:24.881 [info] WARNING:pygls.protocol.json_rpc:Cancel notification for unknown message id "534"
WARNING:pygls.protocol.json_rpc:Cancel notification for unknown message id "537"

2025-11-05 01:36:24.881 [info] WARNING:pygls.protocol.json_rpc:Cancel notification for unknown message id "535"

2025-11-05 01:36:29.082 [info] WARNING:pygls.protocol.json_rpc:Cancel notification for unknown message id "539"

2025-11-05 01:36:29.082 [info] WARNING:pygls.protocol.json_rpc:Cancel notification for unknown message id "538"

2025-11-05 01:36:34.075 [info] WARNING:pygls.protocol.json_rpc:Cancel notification for unknown message id "540"

2025-11-05 01:36:34.085 [info] WARNING:pygls.protocol.json_rpc:Cancel notification for unknown message id "541"

2025-11-05 01:36:34.096 [info] WARNING:pygls.protocol.json_rpc:Cancel notification for unknown message id "544"

2025-11-05 01:36:34.165 [info] WARNING:pygls.protocol.json_rpc:Cancel notification for unknown message id "545"

2025-11-05 01:36:34.169 [info] WARNING:pygls.protocol.json_rpc:Cancel notification for unknown message id "546"

2025-11-05 01:36:34.174 [info] WARNING:pygls.protocol.json_rpc:Cancel notification for unknown message id "547"

2025-11-05 01:36:35.179 [info] WARNING:pygls.protocol.json_rpc:Cancel notification for unknown message id "550"

