2025-11-05 14:17:26.319 [info] [main] Log level: Info
2025-11-05 14:17:26.319 [info] [main] Validating found git in: "git"
2025-11-05 14:17:26.319 [info] [main] Using git "2.39.5" from "git"
2025-11-05 14:17:26.319 [info] [Model][doInitialScan] Initial repository scan started
2025-11-05 14:17:26.319 [info] > git rev-parse --show-toplevel [482ms]
2025-11-05 14:17:26.319 [info] fatal: not a git repository (or any of the parent directories): .git
2025-11-05 14:17:26.319 [info] > git rev-parse --show-toplevel [9ms]
2025-11-05 14:17:26.319 [info] fatal: not a git repository (or any of the parent directories): .git
2025-11-05 14:17:26.319 [info] > git rev-parse --show-toplevel [5ms]
2025-11-05 14:17:26.319 [info] fatal: not a git repository (or any of the parent directories): .git
2025-11-05 14:17:26.319 [info] > git rev-parse --show-toplevel [80ms]
2025-11-05 14:17:26.319 [info] fatal: not a git repository (or any of the parent directories): .git
2025-11-05 14:17:26.319 [info] > git rev-parse --show-toplevel [2ms]
2025-11-05 14:17:26.319 [info] fatal: not a git repository (or any of the parent directories): .git
2025-11-05 14:17:26.319 [info] > git rev-parse --show-toplevel [2ms]
2025-11-05 14:17:26.319 [info] fatal: not a git repository (or any of the parent directories): .git
2025-11-05 14:17:26.319 [info] > git rev-parse --show-toplevel [2ms]
2025-11-05 14:17:26.319 [info] fatal: not a git repository (or any parent up to mount point /home/coder)
Stopping at filesystem boundary (GIT_DISCOVERY_ACROSS_FILESYSTEM not set).
2025-11-05 14:17:26.319 [info] [Model][doInitialScan] Initial repository scan completed - repositories (0), closed repositories (0), parent repositories (0), unsafe repositories (0)
2025-11-05 14:17:39.902 [info] > git rev-parse --show-toplevel [4ms]
2025-11-05 14:17:39.902 [info] fatal: not a git repository (or any of the parent directories): .git
