2025-11-04 01:09:10.178 [info] [main] Log level: Info
2025-11-04 01:09:10.178 [info] [main] Validating found git in: "git"
2025-11-04 01:09:10.178 [info] [main] Using git "2.39.5" from "git"
2025-11-04 01:09:10.178 [info] [Model][doInitialScan] Initial repository scan started
2025-11-04 01:09:10.178 [info] > git rev-parse --show-toplevel [1100ms]
2025-11-04 01:09:10.178 [info] fatal: not a git repository (or any of the parent directories): .git
2025-11-04 01:09:10.178 [info] > git rev-parse --show-toplevel [102ms]
2025-11-04 01:09:10.178 [info] fatal: not a git repository (or any of the parent directories): .git
2025-11-04 01:09:10.178 [info] > git rev-parse --show-toplevel [4ms]
2025-11-04 01:09:10.178 [info] fatal: not a git repository (or any of the parent directories): .git
2025-11-04 01:09:10.178 [info] > git rev-parse --show-toplevel [20ms]
2025-11-04 01:09:10.178 [info] fatal: not a git repository (or any of the parent directories): .git
2025-11-04 01:09:10.178 [info] > git rev-parse --show-toplevel [10ms]
2025-11-04 01:09:10.178 [info] fatal: not a git repository (or any of the parent directories): .git
2025-11-04 01:09:10.178 [info] > git rev-parse --show-toplevel [3ms]
2025-11-04 01:09:10.178 [info] fatal: not a git repository (or any of the parent directories): .git
2025-11-04 01:09:10.178 [info] > git rev-parse --show-toplevel [109ms]
2025-11-04 01:09:10.178 [info] fatal: not a git repository (or any parent up to mount point /home/coder)
Stopping at filesystem boundary (GIT_DISCOVERY_ACROSS_FILESYSTEM not set).
2025-11-04 01:09:10.178 [info] [Model][doInitialScan] Initial repository scan completed - repositories (0), closed repositories (0), parent repositories (0), unsafe repositories (0)
2025-11-04 01:09:10.477 [info] > git rev-parse --show-toplevel [6ms]
2025-11-04 01:09:10.477 [info] fatal: not a git repository (or any of the parent directories): .git
2025-11-04 01:10:08.613 [info] > git rev-parse --show-toplevel [3ms]
2025-11-04 01:10:08.613 [info] fatal: not a git repository (or any of the parent directories): .git
2025-11-04 01:10:09.290 [info] > git rev-parse --show-toplevel [5ms]
2025-11-04 01:10:09.290 [info] fatal: not a git repository (or any of the parent directories): .git
2025-11-04 01:10:17.895 [info] > git rev-parse --show-toplevel [4ms]
2025-11-04 01:10:17.895 [info] fatal: not a git repository (or any of the parent directories): .git
2025-11-04 01:10:25.558 [info] > git rev-parse --show-toplevel [4ms]
2025-11-04 01:10:25.558 [info] fatal: not a git repository (or any of the parent directories): .git
2025-11-04 01:10:29.195 [info] > git rev-parse --show-toplevel [16ms]
2025-11-04 01:10:29.195 [info] fatal: not a git repository (or any of the parent directories): .git
2025-11-04 01:10:46.675 [info] > git rev-parse --show-toplevel [3ms]
2025-11-04 01:10:46.675 [info] fatal: not a git repository (or any of the parent directories): .git
2025-11-04 01:11:00.613 [info] > git rev-parse --show-toplevel [1ms]
2025-11-04 01:11:00.613 [info] fatal: not a git repository (or any of the parent directories): .git
2025-11-04 01:11:10.965 [info] > git rev-parse --show-toplevel [5ms]
2025-11-04 01:11:10.965 [info] fatal: not a git repository (or any of the parent directories): .git
2025-11-04 01:20:47.803 [info] > git rev-parse --show-toplevel [23ms]
2025-11-04 01:20:47.804 [info] fatal: not a git repository (or any of the parent directories): .git
2025-11-04 01:20:54.329 [info] > git rev-parse --show-toplevel [3ms]
2025-11-04 01:20:54.329 [info] fatal: not a git repository (or any of the parent directories): .git
2025-11-04 01:21:00.016 [info] > git rev-parse --show-toplevel [2ms]
2025-11-04 01:21:00.016 [info] fatal: not a git repository (or any of the parent directories): .git
2025-11-04 01:21:01.744 [info] > git rev-parse --show-toplevel [5ms]
2025-11-04 01:21:01.744 [info] fatal: not a git repository (or any of the parent directories): .git
2025-11-04 01:21:04.446 [info] > git rev-parse --show-toplevel [2ms]
2025-11-04 01:21:04.446 [info] fatal: not a git repository (or any of the parent directories): .git
2025-11-04 01:21:07.787 [info] > git rev-parse --show-toplevel [6ms]
2025-11-04 01:21:07.787 [info] fatal: not a git repository (or any of the parent directories): .git
2025-11-04 01:21:30.627 [info] > git rev-parse --show-toplevel [4ms]
2025-11-04 01:21:30.627 [info] fatal: not a git repository (or any of the parent directories): .git
2025-11-04 01:33:43.095 [info] > git rev-parse --show-toplevel [4ms]
2025-11-04 01:33:43.096 [info] fatal: not a git repository (or any of the parent directories): .git
2025-11-04 01:58:08.504 [info] > git rev-parse --show-toplevel [12ms]
2025-11-04 01:58:08.505 [info] fatal: not a git repository (or any of the parent directories): .git
2025-11-04 01:58:15.894 [info] > git rev-parse --show-toplevel [3ms]
2025-11-04 01:58:15.894 [info] fatal: not a git repository (or any of the parent directories): .git
2025-11-04 01:58:29.340 [info] > git rev-parse --show-toplevel [4ms]
2025-11-04 01:58:29.340 [info] fatal: not a git repository (or any of the parent directories): .git
2025-11-04 01:58:32.982 [info] > git rev-parse --show-toplevel [2ms]
2025-11-04 01:58:32.982 [info] fatal: not a git repository (or any of the parent directories): .git
2025-11-04 01:58:43.295 [info] > git rev-parse --show-toplevel [5ms]
2025-11-04 01:58:43.295 [info] fatal: not a git repository (or any of the parent directories): .git
2025-11-04 02:04:33.997 [info] > git rev-parse --show-toplevel [6ms]
2025-11-04 02:04:33.998 [info] fatal: not a git repository (or any of the parent directories): .git
2025-11-04 02:04:50.676 [info] > git rev-parse --show-toplevel [5ms]
2025-11-04 02:04:50.676 [info] fatal: not a git repository (or any of the parent directories): .git
2025-11-04 02:04:51.580 [info] > git rev-parse --show-toplevel [5ms]
2025-11-04 02:04:51.580 [info] fatal: not a git repository (or any of the parent directories): .git
2025-11-04 02:15:21.512 [info] > git rev-parse --show-toplevel [60ms]
2025-11-04 02:15:21.513 [info] fatal: not a git repository (or any of the parent directories): .git
2025-11-04 02:15:27.478 [info] > git rev-parse --show-toplevel [89ms]
2025-11-04 02:15:27.478 [info] fatal: not a git repository (or any of the parent directories): .git
2025-11-04 02:16:37.397 [info] > git rev-parse --show-toplevel [84ms]
2025-11-04 02:16:37.397 [info] fatal: not a git repository (or any of the parent directories): .git
2025-11-04 02:16:53.567 [info] > git rev-parse --show-toplevel [113ms]
2025-11-04 02:16:53.568 [info] fatal: not a git repository (or any of the parent directories): .git
