2025-11-03 23:36:30.872 [info] [main] Log level: Info
2025-11-03 23:36:30.873 [info] [main] Validating found git in: "git"
2025-11-03 23:36:30.873 [info] [main] Using git "2.39.5" from "git"
2025-11-03 23:36:30.873 [info] [Model][doInitialScan] Initial repository scan started
2025-11-03 23:36:30.873 [info] > git rev-parse --show-toplevel [74ms]
2025-11-03 23:36:30.873 [info] fatal: not a git repository (or any of the parent directories): .git
2025-11-03 23:36:30.873 [info] > git rev-parse --show-toplevel [112ms]
2025-11-03 23:36:30.873 [info] fatal: not a git repository (or any of the parent directories): .git
2025-11-03 23:36:30.873 [info] > git rev-parse --show-toplevel [109ms]
2025-11-03 23:36:30.873 [info] fatal: not a git repository (or any of the parent directories): .git
2025-11-03 23:36:30.873 [info] > git rev-parse --show-toplevel [93ms]
2025-11-03 23:36:30.873 [info] fatal: not a git repository (or any of the parent directories): .git
2025-11-03 23:36:30.873 [info] > git rev-parse --show-toplevel [2ms]
2025-11-03 23:36:30.873 [info] fatal: not a git repository (or any of the parent directories): .git
2025-11-03 23:36:30.873 [info] > git rev-parse --show-toplevel [85ms]
2025-11-03 23:36:30.873 [info] fatal: not a git repository (or any of the parent directories): .git
2025-11-03 23:36:30.873 [info] > git rev-parse --show-toplevel [96ms]
2025-11-03 23:36:30.873 [info] fatal: not a git repository (or any parent up to mount point /home/coder)
Stopping at filesystem boundary (GIT_DISCOVERY_ACROSS_FILESYSTEM not set).
2025-11-03 23:36:30.873 [info] [Model][doInitialScan] Initial repository scan completed - repositories (0), closed repositories (0), parent repositories (0), unsafe repositories (0)
2025-11-03 23:36:37.973 [info] > git rev-parse --show-toplevel [390ms]
2025-11-03 23:36:37.974 [info] fatal: not a git repository (or any of the parent directories): .git
