2025-11-08 03:25:20.875 [info] [main] Log level: Info
2025-11-08 03:25:20.875 [info] [main] Validating found git in: "git"
2025-11-08 03:25:20.875 [info] [main] Using git "2.39.5" from "git"
2025-11-08 03:25:20.875 [info] [Model][doInitialScan] Initial repository scan started
2025-11-08 03:25:20.875 [info] > git rev-parse --show-toplevel [1008ms]
2025-11-08 03:25:20.875 [info] fatal: not a git repository (or any of the parent directories): .git
2025-11-08 03:25:20.875 [info] > git rev-parse --show-toplevel [4ms]
2025-11-08 03:25:20.875 [info] fatal: not a git repository (or any of the parent directories): .git
2025-11-08 03:25:20.875 [info] > git rev-parse --show-toplevel [9ms]
2025-11-08 03:25:20.875 [info] fatal: not a git repository (or any of the parent directories): .git
2025-11-08 03:25:20.875 [info] > git rev-parse --show-toplevel [19ms]
2025-11-08 03:25:20.875 [info] fatal: not a git repository (or any of the parent directories): .git
2025-11-08 03:25:20.875 [info] > git rev-parse --show-toplevel [3ms]
2025-11-08 03:25:20.875 [info] fatal: not a git repository (or any of the parent directories): .git
2025-11-08 03:25:20.968 [info] > git rev-parse --show-toplevel [83ms]
2025-11-08 03:25:20.968 [info] fatal: not a git repository (or any of the parent directories): .git
2025-11-08 03:25:20.981 [info] > git rev-parse --show-toplevel [5ms]
2025-11-08 03:25:20.981 [info] fatal: not a git repository (or any parent up to mount point /home/coder)
Stopping at filesystem boundary (GIT_DISCOVERY_ACROSS_FILESYSTEM not set).
2025-11-08 03:25:21.094 [info] [Model][doInitialScan] Initial repository scan completed - repositories (0), closed repositories (0), parent repositories (0), unsafe repositories (0)
2025-11-08 03:25:21.482 [info] > git rev-parse --show-toplevel [5ms]
2025-11-08 03:25:21.482 [info] fatal: not a git repository (or any of the parent directories): .git
2025-11-08 04:24:42.584 [info] > git rev-parse --show-toplevel [371ms]
2025-11-08 04:24:42.585 [info] fatal: not a git repository (or any of the parent directories): .git
2025-11-08 04:24:46.096 [info] > git rev-parse --show-toplevel [207ms]
2025-11-08 04:24:46.097 [info] fatal: not a git repository (or any of the parent directories): .git
