2025-11-05 01:04:07.167 [info] [main] Log level: Info
2025-11-05 01:04:07.167 [info] [main] Validating found git in: "git"
2025-11-05 01:04:07.167 [info] [main] Using git "2.39.5" from "git"
2025-11-05 01:04:07.167 [info] [Model][doInitialScan] Initial repository scan started
2025-11-05 01:04:07.167 [info] > git rev-parse --show-toplevel [891ms]
2025-11-05 01:04:07.167 [info] fatal: not a git repository (or any of the parent directories): .git
2025-11-05 01:04:07.167 [info] > git rev-parse --show-toplevel [192ms]
2025-11-05 01:04:07.167 [info] fatal: not a git repository (or any of the parent directories): .git
2025-11-05 01:04:07.167 [info] > git rev-parse --show-toplevel [102ms]
2025-11-05 01:04:07.167 [info] fatal: not a git repository (or any of the parent directories): .git
2025-11-05 01:04:07.167 [info] > git rev-parse --show-toplevel [3ms]
2025-11-05 01:04:07.167 [info] fatal: not a git repository (or any of the parent directories): .git
2025-11-05 01:04:07.167 [info] > git rev-parse --show-toplevel [7ms]
2025-11-05 01:04:07.167 [info] fatal: not a git repository (or any of the parent directories): .git
2025-11-05 01:04:07.167 [info] > git rev-parse --show-toplevel [103ms]
2025-11-05 01:04:07.167 [info] fatal: not a git repository (or any of the parent directories): .git
2025-11-05 01:04:07.167 [info] > git rev-parse --show-toplevel [3ms]
2025-11-05 01:04:07.167 [info] fatal: not a git repository (or any parent up to mount point /home/coder)
Stopping at filesystem boundary (GIT_DISCOVERY_ACROSS_FILESYSTEM not set).
2025-11-05 01:04:07.167 [info] [Model][doInitialScan] Initial repository scan completed - repositories (0), closed repositories (0), parent repositories (0), unsafe repositories (0)
2025-11-05 01:04:07.875 [info] > git rev-parse --show-toplevel [88ms]
2025-11-05 01:04:07.875 [info] fatal: not a git repository (or any of the parent directories): .git
2025-11-05 01:13:37.775 [info] > git rev-parse --show-toplevel [3ms]
2025-11-05 01:13:37.776 [info] fatal: not a git repository (or any of the parent directories): .git
