2025-11-05 01:37:21.781 [info] [main] Log level: Info
2025-11-05 01:37:21.781 [info] [main] Validating found git in: "git"
2025-11-05 01:37:21.781 [info] [main] Using git "2.39.5" from "git"
2025-11-05 01:37:21.781 [info] [Model][doInitialScan] Initial repository scan started
2025-11-05 01:37:21.781 [info] > git rev-parse --show-toplevel [1206ms]
2025-11-05 01:37:21.781 [info] fatal: not a git repository (or any of the parent directories): .git
2025-11-05 01:37:21.781 [info] > git rev-parse --show-toplevel [6ms]
2025-11-05 01:37:21.781 [info] fatal: not a git repository (or any of the parent directories): .git
2025-11-05 01:37:21.781 [info] > git rev-parse --show-toplevel [8ms]
2025-11-05 01:37:21.781 [info] fatal: not a git repository (or any of the parent directories): .git
2025-11-05 01:37:21.781 [info] > git rev-parse --show-toplevel [91ms]
2025-11-05 01:37:21.781 [info] fatal: not a git repository (or any of the parent directories): .git
2025-11-05 01:37:21.781 [info] > git rev-parse --show-toplevel [91ms]
2025-11-05 01:37:21.781 [info] fatal: not a git repository (or any of the parent directories): .git
2025-11-05 01:37:21.784 [info] > git rev-parse --show-toplevel [9ms]
2025-11-05 01:37:21.784 [info] fatal: not a git repository (or any of the parent directories): .git
2025-11-05 01:37:21.875 [info] > git rev-parse --show-toplevel [85ms]
2025-11-05 01:37:21.875 [info] fatal: not a git repository (or any parent up to mount point /home/coder)
Stopping at filesystem boundary (GIT_DISCOVERY_ACROSS_FILESYSTEM not set).
2025-11-05 01:37:21.966 [info] [Model][doInitialScan] Initial repository scan completed - repositories (0), closed repositories (0), parent repositories (0), unsafe repositories (0)
2025-11-05 01:37:22.091 [info] > git rev-parse --show-toplevel [7ms]
2025-11-05 01:37:22.091 [info] fatal: not a git repository (or any of the parent directories): .git
2025-11-05 01:43:13.723 [info] > git rev-parse --show-toplevel [6ms]
2025-11-05 01:43:13.724 [info] fatal: not a git repository (or any of the parent directories): .git
2025-11-05 01:43:37.505 [info] > git rev-parse --show-toplevel [1ms]
2025-11-05 01:43:37.505 [info] fatal: not a git repository (or any of the parent directories): .git
2025-11-05 01:44:09.035 [info] > git rev-parse --show-toplevel [3ms]
2025-11-05 01:44:09.035 [info] fatal: not a git repository (or any of the parent directories): .git
2025-11-05 01:44:28.581 [info] > git rev-parse --show-toplevel [7ms]
2025-11-05 01:44:28.581 [info] fatal: not a git repository (or any of the parent directories): .git
2025-11-05 01:45:04.031 [info] > git rev-parse --show-toplevel [4ms]
2025-11-05 01:45:04.033 [info] fatal: not a git repository (or any of the parent directories): .git
2025-11-05 01:45:17.654 [info] > git rev-parse --show-toplevel [5ms]
2025-11-05 01:45:17.654 [info] fatal: not a git repository (or any of the parent directories): .git
2025-11-05 02:26:54.489 [info] > git rev-parse --show-toplevel [90ms]
2025-11-05 02:26:54.490 [info] fatal: not a git repository (or any of the parent directories): .git
2025-11-05 02:31:46.485 [info] > git rev-parse --show-toplevel [6ms]
2025-11-05 02:31:46.485 [info] fatal: not a git repository (or any of the parent directories): .git
2025-11-05 02:32:49.893 [info] > git rev-parse --show-toplevel [3ms]
2025-11-05 02:32:49.893 [info] fatal: not a git repository (or any of the parent directories): .git
2025-11-05 02:32:59.508 [info] > git rev-parse --show-toplevel [6ms]
2025-11-05 02:32:59.508 [info] fatal: not a git repository (or any of the parent directories): .git
2025-11-05 02:33:00.383 [info] > git rev-parse --show-toplevel [2ms]
2025-11-05 02:33:00.383 [info] fatal: not a git repository (or any of the parent directories): .git
2025-11-05 02:33:03.707 [info] > git rev-parse --show-toplevel [4ms]
2025-11-05 02:33:03.707 [info] fatal: not a git repository (or any of the parent directories): .git
2025-11-05 02:33:05.384 [info] > git rev-parse --show-toplevel [2ms]
2025-11-05 02:33:05.384 [info] fatal: not a git repository (or any of the parent directories): .git
2025-11-05 02:59:06.883 [info] > git rev-parse --show-toplevel [16ms]
2025-11-05 02:59:06.884 [info] fatal: not a git repository (or any of the parent directories): .git
2025-11-05 02:59:09.144 [info] > git rev-parse --show-toplevel [2ms]
2025-11-05 02:59:09.144 [info] fatal: not a git repository (or any of the parent directories): .git
2025-11-05 02:59:09.923 [info] > git rev-parse --show-toplevel [3ms]
2025-11-05 02:59:09.923 [info] fatal: not a git repository (or any of the parent directories): .git
2025-11-05 02:59:10.278 [info] > git rev-parse --show-toplevel [2ms]
2025-11-05 02:59:10.278 [info] fatal: not a git repository (or any of the parent directories): .git
