2025-11-08 04:31:52.178 [info] [main] Log level: Info
2025-11-08 04:31:52.178 [info] [main] Validating found git in: "git"
2025-11-08 04:31:52.178 [info] [main] Using git "2.39.5" from "git"
2025-11-08 04:31:52.178 [info] [Model][doInitialScan] Initial repository scan started
2025-11-08 04:31:52.178 [info] > git rev-parse --show-toplevel [1593ms]
2025-11-08 04:31:52.178 [info] fatal: not a git repository (or any of the parent directories): .git
2025-11-08 04:31:52.178 [info] > git rev-parse --show-toplevel [306ms]
2025-11-08 04:31:52.178 [info] fatal: not a git repository (or any of the parent directories): .git
2025-11-08 04:31:52.178 [info] > git rev-parse --show-toplevel [6ms]
2025-11-08 04:31:52.178 [info] fatal: not a git repository (or any of the parent directories): .git
2025-11-08 04:31:52.178 [info] > git rev-parse --show-toplevel [6ms]
2025-11-08 04:31:52.178 [info] fatal: not a git repository (or any of the parent directories): .git
2025-11-08 04:31:52.191 [info] > git rev-parse --show-toplevel [109ms]
2025-11-08 04:31:52.191 [info] fatal: not a git repository (or any of the parent directories): .git
2025-11-08 04:31:52.286 [info] > git rev-parse --show-toplevel [17ms]
2025-11-08 04:31:52.286 [info] fatal: not a git repository (or any of the parent directories): .git
2025-11-08 04:31:52.369 [info] > git rev-parse --show-toplevel [77ms]
2025-11-08 04:31:52.369 [info] fatal: not a git repository (or any parent up to mount point /home/coder)
Stopping at filesystem boundary (GIT_DISCOVERY_ACROSS_FILESYSTEM not set).
2025-11-08 04:31:52.375 [info] [Model][doInitialScan] Initial repository scan completed - repositories (0), closed repositories (0), parent repositories (0), unsafe repositories (0)
2025-11-08 04:31:52.573 [info] > git rev-parse --show-toplevel [82ms]
2025-11-08 04:31:52.573 [info] fatal: not a git repository (or any of the parent directories): .git
