2025-11-06 00:46:08.284 [info] [main] Log level: Info
2025-11-06 00:46:08.284 [info] [main] Validating found git in: "git"
2025-11-06 00:46:08.284 [info] [main] Using git "2.39.5" from "git"
2025-11-06 00:46:08.284 [info] [Model][doInitialScan] Initial repository scan started
2025-11-06 00:46:08.284 [info] > git rev-parse --show-toplevel [1281ms]
2025-11-06 00:46:08.284 [info] fatal: not a git repository (or any of the parent directories): .git
2025-11-06 00:46:08.284 [info] > git rev-parse --show-toplevel [10ms]
2025-11-06 00:46:08.284 [info] fatal: not a git repository (or any of the parent directories): .git
2025-11-06 00:46:08.284 [info] > git rev-parse --show-toplevel [103ms]
2025-11-06 00:46:08.284 [info] fatal: not a git repository (or any of the parent directories): .git
2025-11-06 00:46:08.284 [info] > git rev-parse --show-toplevel [4ms]
2025-11-06 00:46:08.284 [info] fatal: not a git repository (or any of the parent directories): .git
2025-11-06 00:46:08.284 [info] > git rev-parse --show-toplevel [5ms]
2025-11-06 00:46:08.284 [info] fatal: not a git repository (or any of the parent directories): .git
2025-11-06 00:46:08.284 [info] > git rev-parse --show-toplevel [105ms]
2025-11-06 00:46:08.284 [info] fatal: not a git repository (or any of the parent directories): .git
2025-11-06 00:46:08.284 [info] > git rev-parse --show-toplevel [5ms]
2025-11-06 00:46:08.284 [info] fatal: not a git repository (or any parent up to mount point /home/coder)
Stopping at filesystem boundary (GIT_DISCOVERY_ACROSS_FILESYSTEM not set).
2025-11-06 00:46:08.284 [info] [Model][doInitialScan] Initial repository scan completed - repositories (0), closed repositories (0), parent repositories (0), unsafe repositories (0)
2025-11-06 00:46:08.686 [info] > git rev-parse --show-toplevel [2ms]
2025-11-06 00:46:08.686 [info] fatal: not a git repository (or any of the parent directories): .git
