2025-11-07 01:06:08.884 [info] [main] Log level: Info
2025-11-07 01:06:08.884 [info] [main] Validating found git in: "git"
2025-11-07 01:06:08.884 [info] [main] Using git "2.39.5" from "git"
2025-11-07 01:06:08.884 [info] [Model][doInitialScan] Initial repository scan started
2025-11-07 01:06:08.884 [info] > git rev-parse --show-toplevel [190ms]
2025-11-07 01:06:08.884 [info] fatal: not a git repository (or any of the parent directories): .git
2025-11-07 01:06:08.884 [info] > git rev-parse --show-toplevel [501ms]
2025-11-07 01:06:08.884 [info] fatal: not a git repository (or any of the parent directories): .git
2025-11-07 01:06:08.884 [info] > git rev-parse --show-toplevel [95ms]
2025-11-07 01:06:08.884 [info] fatal: not a git repository (or any of the parent directories): .git
2025-11-07 01:06:08.884 [info] > git rev-parse --show-toplevel [100ms]
2025-11-07 01:06:08.884 [info] fatal: not a git repository (or any of the parent directories): .git
2025-11-07 01:06:08.884 [info] > git rev-parse --show-toplevel [308ms]
2025-11-07 01:06:08.884 [info] fatal: not a git repository (or any of the parent directories): .git
2025-11-07 01:06:08.884 [info] > git rev-parse --show-toplevel [10ms]
2025-11-07 01:06:08.884 [info] fatal: not a git repository (or any of the parent directories): .git
2025-11-07 01:06:08.884 [info] > git rev-parse --show-toplevel [1ms]
2025-11-07 01:06:08.884 [info] fatal: not a git repository (or any parent up to mount point /home/coder)
Stopping at filesystem boundary (GIT_DISCOVERY_ACROSS_FILESYSTEM not set).
2025-11-07 01:06:08.884 [info] [Model][doInitialScan] Initial repository scan completed - repositories (0), closed repositories (0), parent repositories (0), unsafe repositories (0)
2025-11-07 01:06:10.995 [info] > git rev-parse --show-toplevel [4ms]
2025-11-07 01:06:10.995 [info] fatal: not a git repository (or any of the parent directories): .git
2025-11-07 01:52:09.450 [info] > git rev-parse --show-toplevel [9ms]
2025-11-07 01:52:09.451 [info] fatal: not a git repository (or any of the parent directories): .git
2025-11-07 01:53:15.553 [info] > git rev-parse --show-toplevel [2ms]
2025-11-07 01:53:15.553 [info] fatal: not a git repository (or any of the parent directories): .git
2025-11-07 02:08:04.633 [info] > git rev-parse --show-toplevel [6ms]
2025-11-07 02:08:04.633 [info] fatal: not a git repository (or any of the parent directories): .git
2025-11-07 02:08:26.030 [info] > git rev-parse --show-toplevel [6ms]
2025-11-07 02:08:26.030 [info] fatal: not a git repository (or any of the parent directories): .git
2025-11-07 02:10:24.846 [info] > git rev-parse --show-toplevel [3ms]
2025-11-07 02:10:24.846 [info] fatal: not a git repository (or any of the parent directories): .git
2025-11-07 02:10:32.110 [info] > git rev-parse --show-toplevel [4ms]
2025-11-07 02:10:32.110 [info] fatal: not a git repository (or any of the parent directories): .git
2025-11-07 02:13:44.278 [info] > git rev-parse --show-toplevel [6ms]
2025-11-07 02:13:44.279 [info] fatal: not a git repository (or any of the parent directories): .git
2025-11-07 02:14:10.188 [info] > git rev-parse --show-toplevel [5ms]
2025-11-07 02:14:10.188 [info] fatal: not a git repository (or any of the parent directories): .git
2025-11-07 02:19:02.848 [info] > git rev-parse --show-toplevel [3ms]
2025-11-07 02:19:02.849 [info] fatal: not a git repository (or any of the parent directories): .git
2025-11-07 02:19:04.892 [info] > git rev-parse --show-toplevel [107ms]
2025-11-07 02:19:04.892 [info] fatal: not a git repository (or any of the parent directories): .git
2025-11-07 02:21:25.586 [info] > git rev-parse --show-toplevel [7ms]
2025-11-07 02:21:25.586 [info] fatal: not a git repository (or any of the parent directories): .git
2025-11-07 02:22:04.474 [info] > git rev-parse --show-toplevel [205ms]
2025-11-07 02:22:04.484 [info] fatal: not a git repository (or any of the parent directories): .git
2025-11-07 02:42:12.589 [info] > git rev-parse --show-toplevel [55ms]
2025-11-07 02:42:12.590 [info] fatal: not a git repository (or any of the parent directories): .git
2025-11-07 02:42:13.088 [info] > git rev-parse --show-toplevel [5ms]
2025-11-07 02:42:13.088 [info] fatal: not a git repository (or any of the parent directories): .git
