2025-10-31 21:01:19.482 [info] [main] Log level: Info
2025-10-31 21:01:19.485 [info] [main] Validating found git in: "git"
2025-10-31 21:01:19.485 [info] [main] Using git "2.39.5" from "git"
2025-10-31 21:01:19.485 [info] [Model][doInitialScan] Initial repository scan started
2025-10-31 21:01:19.485 [info] > git rev-parse --show-toplevel [906ms]
2025-10-31 21:01:19.485 [info] fatal: not a git repository (or any of the parent directories): .git
2025-10-31 21:01:19.485 [info] > git rev-parse --show-toplevel [81ms]
2025-10-31 21:01:19.485 [info] fatal: not a git repository (or any of the parent directories): .git
2025-10-31 21:01:19.485 [info] > git rev-parse --show-toplevel [88ms]
2025-10-31 21:01:19.485 [info] fatal: not a git repository (or any of the parent directories): .git
2025-10-31 21:01:19.485 [info] > git rev-parse --show-toplevel [4ms]
2025-10-31 21:01:19.485 [info] fatal: not a git repository (or any of the parent directories): .git
2025-10-31 21:01:19.485 [info] > git rev-parse --show-toplevel [2ms]
2025-10-31 21:01:19.485 [info] fatal: not a git repository (or any of the parent directories): .git
2025-10-31 21:01:19.485 [info] > git rev-parse --show-toplevel [113ms]
2025-10-31 21:01:19.485 [info] fatal: not a git repository (or any of the parent directories): .git
2025-10-31 21:01:19.485 [info] > git rev-parse --show-toplevel [77ms]
2025-10-31 21:01:19.485 [info] fatal: not a git repository (or any parent up to mount point /home/coder)
Stopping at filesystem boundary (GIT_DISCOVERY_ACROSS_FILESYSTEM not set).
2025-10-31 21:01:19.485 [info] [Model][doInitialScan] Initial repository scan completed - repositories (0), closed repositories (0), parent repositories (0), unsafe repositories (0)
2025-10-31 21:01:19.879 [info] > git rev-parse --show-toplevel [1ms]
2025-10-31 21:01:19.879 [info] fatal: not a git repository (or any of the parent directories): .git
