2025-11-04 02:27:13.191 [warning] Dir "/home/coder/.pixi/envs" is not watchable (directory does not exist)
2025-11-04 02:27:16.271 [info] Skipping ActivatedEnv Detection:  process.env.VSCODE_CLI !== '1'
2025-11-04 02:27:16.274 [info] Python interpreter path: ./.venv/bin/python
2025-11-04 02:27:17.076 [info] > pyenv which python
2025-11-04 02:27:17.076 [info] cwd: .
2025-11-04 02:27:21.592 [info] Starting Jedi language server for coder.
2025-11-04 02:27:40.572 [info] Send text to terminal: source /home/coder/.venv/bin/activate
2025-11-04 02:27:40.788 [info] CreateEnv Trigger - Skipping for /home/coder/0.py
2025-11-04 02:27:41.576 [info] Send text to terminal: /home/coder/.venv/bin/python /home/coder/0.py
2025-11-04 02:32:07.823 [info] Discover tests for workspace name: coder - uri: /home/coder/0.py
2025-11-04 02:32:10.452 [info] Discover tests for workspace name: coder - uri: /home/coder/0.py
2025-11-04 02:32:14.441 [info] Discover tests for workspace name: coder - uri: /home/coder/0.py
2025-11-04 02:32:19.617 [info] Discover tests for workspace name: coder - uri: /home/coder/0.py
2025-11-04 02:32:31.771 [info] Discover tests for workspace name: coder - uri: /home/coder/0.py
2025-11-04 02:32:36.924 [info] Discover tests for workspace name: coder - uri: /home/coder/0.py
2025-11-04 02:32:41.170 [info] Discover tests for workspace name: coder - uri: /home/coder/0.py
2025-11-04 02:33:13.190 [info] Discover tests for workspace name: coder - uri: /home/coder/0.py
2025-11-04 02:33:14.578 [info] Discover tests for workspace name: coder - uri: /home/coder/0.py
2025-11-04 02:33:18.072 [info] Discover tests for workspace name: coder - uri: /home/coder/0.py
2025-11-04 02:33:20.520 [info] Discover tests for workspace name: coder - uri: /home/coder/0.py
2025-11-04 02:33:28.247 [info] Discover tests for workspace name: coder - uri: /home/coder/0.py
2025-11-04 02:33:31.387 [info] Discover tests for workspace name: coder - uri: /home/coder/0.py
2025-11-04 02:33:34.833 [info] Discover tests for workspace name: coder - uri: /home/coder/0.py
2025-11-04 02:33:37.889 [info] Discover tests for workspace name: coder - uri: /home/coder/0.py
2025-11-04 02:33:42.711 [info] Discover tests for workspace name: coder - uri: /home/coder/0.py
2025-11-04 02:33:43.845 [info] Discover tests for workspace name: coder - uri: /home/coder/0.py
2025-11-04 02:33:46.141 [info] Discover tests for workspace name: coder - uri: /home/coder/0.py
2025-11-04 02:34:19.482 [info] Discover tests for workspace name: coder - uri: /home/coder/write.py
