2025-11-05 01:37:13.575 [info] Extension host with pid 4743 started
2025-11-05 01:37:13.587 [info] Lock '/home/coder/.local/share/code-server/User/workspaceStorage/1cebbed7/vscode.lock': Lock acquired.
2025-11-05 01:37:14.481 [info] ExtensionService#_doActivateExtension ms-python.python, startup: false, activationEvent: 'onLanguage:python', root cause: ms-python.debugpy
2025-11-05 01:37:14.483 [info] ExtensionService#_doActivateExtension ms-python.vscode-python-envs, startup: false, activationEvent: 'onLanguage:python'
2025-11-05 01:37:14.483 [info] ExtensionService#_doActivateExtension vscode.emmet, startup: false, activationEvent: 'onLanguage'
2025-11-05 01:37:17.372 [info] ExtensionService#_doActivateExtension vscode.git-base, startup: true, activationEvent: '*', root cause: vscode.git
2025-11-05 01:37:17.486 [info] ExtensionService#_doActivateExtension vscode.terminal-suggest, startup: false, activationEvent: 'onTerminalShellIntegration:*'
2025-11-05 01:37:18.577 [info] ExtensionService#_doActivateExtension vscode.git, startup: true, activationEvent: '*'
2025-11-05 01:37:18.577 [info] ExtensionService#_doActivateExtension vscode.github, startup: true, activationEvent: '*'
2025-11-05 01:37:23.175 [info] ExtensionService#_doActivateExtension ms-python.debugpy, startup: false, activationEvent: 'onLanguage:python'
2025-11-05 01:37:23.572 [info] Eager extensions activated
2025-11-05 01:37:23.572 [info] ExtensionService#_doActivateExtension vscode.debug-auto-launch, startup: false, activationEvent: 'onStartupFinished'
2025-11-05 01:37:23.573 [info] ExtensionService#_doActivateExtension vscode.merge-conflict, startup: false, activationEvent: 'onStartupFinished'
2025-11-05 01:37:54.269 [info] ExtensionService#_doActivateExtension vscode.npm, startup: false, activationEvent: 'onTerminalQuickFixRequest:ms-vscode.npm-command'
2025-11-05 01:38:01.238 [info] ExtensionService#_doActivateExtension vscode.configuration-editing, startup: false, activationEvent: 'onLanguage:json'
2025-11-05 01:38:01.238 [info] ExtensionService#_doActivateExtension vscode.extension-editing, startup: false, activationEvent: 'onLanguage:json'
2025-11-05 01:38:01.238 [info] ExtensionService#_doActivateExtension vscode.json-language-features, startup: false, activationEvent: 'onLanguage:json'
2025-11-05 03:01:37.081 [info] Extension host terminating: received terminate message from renderer
2025-11-05 03:01:37.089 [info] Lock '/home/coder/.local/share/code-server/User/workspaceStorage/1cebbed7/vscode.lock': Marking the lockfile as scheduled to be released in 6000 ms.
2025-11-05 03:01:38.079 [error] TypeError: Cannot read properties of undefined (reading 'subscriptions')
	at Object.X [as deactivate] (/home/coder/.local/share/code-server/extensions/ms-python.vscode-python-envs-1.10.0-universal/dist/extension.js:2:668378)
	at lJ.eb (file:///usr/lib/code-server/lib/vscode/out/vs/workbench/api/node/extensionHostProcess.js:116:11836)
	at file:///usr/lib/code-server/lib/vscode/out/vs/workbench/api/node/extensionHostProcess.js:116:9986
	at Array.map (<anonymous>)
	at lJ.$ (file:///usr/lib/code-server/lib/vscode/out/vs/workbench/api/node/extensionHostProcess.js:116:9974)
	at lJ.terminate (file:///usr/lib/code-server/lib/vscode/out/vs/workbench/api/node/extensionHostProcess.js:116:10217)
	at R3.terminate (file:///usr/lib/code-server/lib/vscode/out/vs/workbench/api/node/extensionHostProcess.js:118:914)
	at ys (file:///usr/lib/code-server/lib/vscode/out/vs/workbench/api/node/extensionHostProcess.js:391:10411)
	at od.value (file:///usr/lib/code-server/lib/vscode/out/vs/workbench/api/node/extensionHostProcess.js:391:8562)
	at $.C (file:///usr/lib/code-server/lib/vscode/out/vs/workbench/api/node/extensionHostProcess.js:27:2373)
	at $.fire (file:///usr/lib/code-server/lib/vscode/out/vs/workbench/api/node/extensionHostProcess.js:27:2591)
	at wo.fire (file:///usr/lib/code-server/lib/vscode/out/vs/workbench/api/node/extensionHostProcess.js:29:9458)
	at iv.A (file:///usr/lib/code-server/lib/vscode/out/vs/workbench/api/node/extensionHostProcess.js:29:12574)
	at od.value (file:///usr/lib/code-server/lib/vscode/out/vs/workbench/api/node/extensionHostProcess.js:29:11975)
	at $.C (file:///usr/lib/code-server/lib/vscode/out/vs/workbench/api/node/extensionHostProcess.js:27:2373)
	at $.fire (file:///usr/lib/code-server/lib/vscode/out/vs/workbench/api/node/extensionHostProcess.js:27:2591)
	at yE.acceptChunk (file:///usr/lib/code-server/lib/vscode/out/vs/workbench/api/node/extensionHostProcess.js:29:7941)
	at od.value (file:///usr/lib/code-server/lib/vscode/out/vs/workbench/api/node/extensionHostProcess.js:29:7227)
	at $.C (file:///usr/lib/code-server/lib/vscode/out/vs/workbench/api/node/extensionHostProcess.js:27:2373)
	at $.fire (file:///usr/lib/code-server/lib/vscode/out/vs/workbench/api/node/extensionHostProcess.js:27:2591)
	at gN.z (file:///usr/lib/code-server/lib/vscode/out/vs/workbench/api/node/extensionHostProcess.js:29:21724)
2025-11-05 03:01:38.284 [info] Extension host with pid 4743 exiting with code 0
