2025-11-09 00:46:52.573 [info] [main] Log level: Info
2025-11-09 00:46:52.573 [info] [main] Validating found git in: "git"
2025-11-09 00:46:52.573 [info] [main] Using git "2.39.5" from "git"
2025-11-09 00:46:52.573 [info] [Model][doInitialScan] Initial repository scan started
2025-11-09 00:46:52.573 [info] > git rev-parse --show-toplevel [69ms]
2025-11-09 00:46:52.573 [info] fatal: not a git repository (or any of the parent directories): .git
2025-11-09 00:46:52.573 [info] > git rev-parse --show-toplevel [3ms]
2025-11-09 00:46:52.573 [info] fatal: not a git repository (or any of the parent directories): .git
2025-11-09 00:46:52.573 [info] > git rev-parse --show-toplevel [3ms]
2025-11-09 00:46:52.573 [info] fatal: not a git repository (or any of the parent directories): .git
2025-11-09 00:46:52.573 [info] > git rev-parse --show-toplevel [88ms]
2025-11-09 00:46:52.573 [info] fatal: not a git repository (or any of the parent directories): .git
2025-11-09 00:46:52.573 [info] > git rev-parse --show-toplevel [1ms]
2025-11-09 00:46:52.574 [info] fatal: not a git repository (or any of the parent directories): .git
2025-11-09 00:46:52.574 [info] > git rev-parse --show-toplevel [4ms]
2025-11-09 00:46:52.574 [info] fatal: not a git repository (or any of the parent directories): .git
2025-11-09 00:46:52.574 [info] > git rev-parse --show-toplevel [10ms]
2025-11-09 00:46:52.574 [info] fatal: not a git repository (or any of the parent directories): .git
2025-11-09 00:46:52.574 [info] > git rev-parse --show-toplevel [78ms]
2025-11-09 00:46:52.574 [info] fatal: not a git repository (or any parent up to mount point /home/coder)
Stopping at filesystem boundary (GIT_DISCOVERY_ACROSS_FILESYSTEM not set).
2025-11-09 00:46:52.574 [info] [Model][doInitialScan] Initial repository scan completed - repositories (0), closed repositories (0), parent repositories (0), unsafe repositories (0)
2025-11-09 03:12:37.909 [info] > git rev-parse --show-toplevel [73ms]
2025-11-09 03:12:37.912 [info] fatal: not a git repository (or any of the parent directories): .git
2025-11-09 03:12:51.890 [info] > git rev-parse --show-toplevel [112ms]
2025-11-09 03:12:51.890 [info] fatal: not a git repository (or any of the parent directories): .git
2025-11-09 03:12:59.181 [info] > git rev-parse --show-toplevel [508ms]
2025-11-09 03:12:59.181 [info] fatal: not a git repository (or any of the parent directories): .git
