2025-11-05 13:51:09.687 [info] [main] Log level: Info
2025-11-05 13:51:09.687 [info] [main] Validating found git in: "git"
2025-11-05 13:51:09.687 [info] [main] Using git "2.39.5" from "git"
2025-11-05 13:51:09.687 [info] [Model][doInitialScan] Initial repository scan started
2025-11-05 13:51:09.687 [info] > git rev-parse --show-toplevel [1001ms]
2025-11-05 13:51:09.687 [info] fatal: not a git repository (or any of the parent directories): .git
2025-11-05 13:51:09.687 [info] > git rev-parse --show-toplevel [88ms]
2025-11-05 13:51:09.687 [info] fatal: not a git repository (or any of the parent directories): .git
2025-11-05 13:51:09.687 [info] > git rev-parse --show-toplevel [104ms]
2025-11-05 13:51:09.687 [info] fatal: not a git repository (or any of the parent directories): .git
2025-11-05 13:51:09.687 [info] > git rev-parse --show-toplevel [11ms]
2025-11-05 13:51:09.687 [info] fatal: not a git repository (or any of the parent directories): .git
2025-11-05 13:51:09.785 [info] > git rev-parse --show-toplevel [14ms]
2025-11-05 13:51:09.785 [info] fatal: not a git repository (or any of the parent directories): .git
2025-11-05 13:51:09.891 [info] > git rev-parse --show-toplevel [22ms]
2025-11-05 13:51:09.891 [info] fatal: not a git repository (or any of the parent directories): .git
2025-11-05 13:51:09.975 [info] > git rev-parse --show-toplevel [5ms]
2025-11-05 13:51:09.975 [info] fatal: not a git repository (or any parent up to mount point /home/coder)
Stopping at filesystem boundary (GIT_DISCOVERY_ACROSS_FILESYSTEM not set).
2025-11-05 13:51:09.980 [info] [Model][doInitialScan] Initial repository scan completed - repositories (0), closed repositories (0), parent repositories (0), unsafe repositories (0)
2025-11-05 13:51:10.090 [info] > git rev-parse --show-toplevel [5ms]
2025-11-05 13:51:10.091 [info] fatal: not a git repository (or any of the parent directories): .git
