2025-11-08 02:05:43.580 [info] [main] Log level: Info
2025-11-08 02:05:43.580 [info] [main] Validating found git in: "git"
2025-11-08 02:05:43.580 [info] [main] Using git "2.39.5" from "git"
2025-11-08 02:05:43.580 [info] [Model][doInitialScan] Initial repository scan started
2025-11-08 02:05:43.580 [info] > git rev-parse --show-toplevel [1000ms]
2025-11-08 02:05:43.580 [info] fatal: not a git repository (or any of the parent directories): .git
2025-11-08 02:05:43.580 [info] > git rev-parse --show-toplevel [75ms]
2025-11-08 02:05:43.580 [info] fatal: not a git repository (or any of the parent directories): .git
2025-11-08 02:05:43.580 [info] > git rev-parse --show-toplevel [74ms]
2025-11-08 02:05:43.580 [info] fatal: not a git repository (or any of the parent directories): .git
2025-11-08 02:05:43.580 [info] > git rev-parse --show-toplevel [4ms]
2025-11-08 02:05:43.580 [info] fatal: not a git repository (or any of the parent directories): .git
2025-11-08 02:05:43.580 [info] > git rev-parse --show-toplevel [10ms]
2025-11-08 02:05:43.580 [info] fatal: not a git repository (or any of the parent directories): .git
2025-11-08 02:05:43.580 [info] > git rev-parse --show-toplevel [103ms]
2025-11-08 02:05:43.580 [info] fatal: not a git repository (or any of the parent directories): .git
2025-11-08 02:05:43.580 [info] > git rev-parse --show-toplevel [83ms]
2025-11-08 02:05:43.580 [info] fatal: not a git repository (or any parent up to mount point /home/coder)
Stopping at filesystem boundary (GIT_DISCOVERY_ACROSS_FILESYSTEM not set).
2025-11-08 02:05:43.580 [info] [Model][doInitialScan] Initial repository scan completed - repositories (0), closed repositories (0), parent repositories (0), unsafe repositories (0)
2025-11-08 02:05:43.792 [info] > git rev-parse --show-toplevel [8ms]
2025-11-08 02:05:43.792 [info] fatal: not a git repository (or any of the parent directories): .git
2025-11-08 02:14:19.013 [info] > git rev-parse --show-toplevel [4ms]
2025-11-08 02:14:19.016 [info] fatal: not a git repository (or any of the parent directories): .git
2025-11-08 02:14:37.263 [info] > git rev-parse --show-toplevel [2ms]
2025-11-08 02:14:37.263 [info] fatal: not a git repository (or any of the parent directories): .git
