2025-11-05 17:32:09.376 [info] [main] Log level: Info
2025-11-05 17:32:09.376 [info] [main] Validating found git in: "git"
2025-11-05 17:32:09.376 [info] [main] Using git "2.39.5" from "git"
2025-11-05 17:32:09.376 [info] [Model][doInitialScan] Initial repository scan started
2025-11-05 17:32:09.376 [info] > git rev-parse --show-toplevel [990ms]
2025-11-05 17:32:09.376 [info] fatal: not a git repository (or any of the parent directories): .git
2025-11-05 17:32:09.376 [info] > git rev-parse --show-toplevel [183ms]
2025-11-05 17:32:09.376 [info] fatal: not a git repository (or any of the parent directories): .git
2025-11-05 17:32:09.376 [info] > git rev-parse --show-toplevel [9ms]
2025-11-05 17:32:09.376 [info] fatal: not a git repository (or any of the parent directories): .git
2025-11-05 17:32:09.376 [info] > git rev-parse --show-toplevel [99ms]
2025-11-05 17:32:09.376 [info] fatal: not a git repository (or any of the parent directories): .git
2025-11-05 17:32:09.376 [info] > git rev-parse --show-toplevel [3ms]
2025-11-05 17:32:09.376 [info] fatal: not a git repository (or any of the parent directories): .git
2025-11-05 17:32:09.376 [info] > git rev-parse --show-toplevel [217ms]
2025-11-05 17:32:09.381 [info] fatal: not a git repository (or any of the parent directories): .git
2025-11-05 17:32:09.383 [info] > git rev-parse --show-toplevel [9ms]
2025-11-05 17:32:09.383 [info] fatal: not a git repository (or any parent up to mount point /home/coder)
Stopping at filesystem boundary (GIT_DISCOVERY_ACROSS_FILESYSTEM not set).
2025-11-05 17:32:09.400 [info] [Model][doInitialScan] Initial repository scan completed - repositories (0), closed repositories (0), parent repositories (0), unsafe repositories (0)
2025-11-05 17:32:09.694 [info] > git rev-parse --show-toplevel [13ms]
2025-11-05 17:32:09.694 [info] fatal: not a git repository (or any of the parent directories): .git
