2025-11-05 03:02:08.887 [info] [main] Log level: Info
2025-11-05 03:02:08.887 [info] [main] Validating found git in: "git"
2025-11-05 03:02:08.887 [info] [main] Using git "2.39.5" from "git"
2025-11-05 03:02:08.887 [info] [Model][doInitialScan] Initial repository scan started
2025-11-05 03:02:08.887 [info] > git rev-parse --show-toplevel [1121ms]
2025-11-05 03:02:08.887 [info] fatal: not a git repository (or any of the parent directories): .git
2025-11-05 03:02:08.887 [info] > git rev-parse --show-toplevel [18ms]
2025-11-05 03:02:08.887 [info] fatal: not a git repository (or any of the parent directories): .git
2025-11-05 03:02:08.887 [info] > git rev-parse --show-toplevel [87ms]
2025-11-05 03:02:08.887 [info] fatal: not a git repository (or any of the parent directories): .git
2025-11-05 03:02:08.889 [info] > git rev-parse --show-toplevel [3ms]
2025-11-05 03:02:08.889 [info] fatal: not a git repository (or any of the parent directories): .git
2025-11-05 03:02:08.968 [info] > git rev-parse --show-toplevel [3ms]
2025-11-05 03:02:08.969 [info] fatal: not a git repository (or any of the parent directories): .git
2025-11-05 03:02:09.070 [info] > git rev-parse --show-toplevel [93ms]
2025-11-05 03:02:09.072 [info] fatal: not a git repository (or any of the parent directories): .git
2025-11-05 03:02:09.167 [info] > git rev-parse --show-toplevel [62ms]
2025-11-05 03:02:09.167 [info] fatal: not a git repository (or any parent up to mount point /home/coder)
Stopping at filesystem boundary (GIT_DISCOVERY_ACROSS_FILESYSTEM not set).
2025-11-05 03:02:09.191 [info] [Model][doInitialScan] Initial repository scan completed - repositories (0), closed repositories (0), parent repositories (0), unsafe repositories (0)
2025-11-05 03:02:09.279 [info] > git rev-parse --show-toplevel [81ms]
2025-11-05 03:02:09.280 [info] fatal: not a git repository (or any of the parent directories): .git
