2025-11-07 23:42:16.668 [info] Extension host with pid 20629 started
2025-11-07 23:42:16.689 [info] Lock '/home/coder/.local/share/code-server/User/workspaceStorage/1cebbed7/vscode.lock': Lock acquired.
2025-11-07 23:42:18.486 [info] ExtensionService#_doActivateExtension vscode.git-base, startup: true, activationEvent: '*', root cause: vscode.git
2025-11-07 23:42:18.989 [info] ExtensionService#_doActivateExtension ms-python.python, startup: true, activationEvent: 'workspaceContains:.venv'
2025-11-07 23:42:25.179 [info] ExtensionService#_doActivateExtension ms-python.vscode-python-envs, startup: false, activationEvent: 'onLanguage:python'
2025-11-07 23:42:25.189 [info] ExtensionService#_doActivateExtension vscode.emmet, startup: false, activationEvent: 'onLanguage'
2025-11-07 23:42:27.977 [info] Not activating extension 'ms-python.python': Timed out while searching for 'workspaceContains' pattern **/pylock.*.toml
2025-11-07 23:42:28.573 [info] ExtensionService#_doActivateExtension vscode.git, startup: true, activationEvent: '*'
2025-11-07 23:42:28.574 [info] ExtensionService#_doActivateExtension vscode.github, startup: true, activationEvent: '*'
2025-11-07 23:42:29.784 [info] ExtensionService#_doActivateExtension vscode.debug-auto-launch, startup: false, activationEvent: 'onStartupFinished'
2025-11-07 23:42:29.784 [info] ExtensionService#_doActivateExtension vscode.merge-conflict, startup: false, activationEvent: 'onStartupFinished'
2025-11-07 23:42:43.108 [info] ExtensionService#_doActivateExtension vscode.terminal-suggest, startup: false, activationEvent: 'onTerminalShellIntegration:*'
2025-11-07 23:42:45.088 [info] ExtensionService#_doActivateExtension ms-python.debugpy, startup: false, activationEvent: 'onLanguage:python'
2025-11-07 23:42:46.081 [info] Eager extensions activated
2025-11-08 00:25:06.792 [error] [ms-python.python] provider FAILED
2025-11-08 00:25:06.793 [error] Error: SystemError: AST constructor recursion depth mismatch (before=87, after=20)
	at ae (/home/coder/.local/share/code-server/extensions/ms-python.python-2025.16.0-universal/out/client/extension.js:2:2018252)
	at oe (/home/coder/.local/share/code-server/extensions/ms-python.python-2025.16.0-universal/out/client/extension.js:2:2016212)
	at Immediate.<anonymous> (/home/coder/.local/share/code-server/extensions/ms-python.python-2025.16.0-universal/out/client/extension.js:2:2012506)
	at process.processImmediate (node:internal/timers:485:21)
2025-11-08 00:32:36.207 [error] [ms-python.python] provider FAILED
2025-11-08 00:32:36.207 [error] Error: UnboundLocalError: cannot access local variable 'start_index' where it is not associated with a value
	at ae (/home/coder/.local/share/code-server/extensions/ms-python.python-2025.16.0-universal/out/client/extension.js:2:2018252)
	at oe (/home/coder/.local/share/code-server/extensions/ms-python.python-2025.16.0-universal/out/client/extension.js:2:2016212)
	at Immediate.<anonymous> (/home/coder/.local/share/code-server/extensions/ms-python.python-2025.16.0-universal/out/client/extension.js:2:2012506)
	at process.processImmediate (node:internal/timers:485:21)
2025-11-08 00:32:36.880 [error] [ms-python.python] provider FAILED
2025-11-08 00:32:36.880 [error] Error: UnboundLocalError: cannot access local variable 'start_index' where it is not associated with a value
	at ae (/home/coder/.local/share/code-server/extensions/ms-python.python-2025.16.0-universal/out/client/extension.js:2:2018252)
	at oe (/home/coder/.local/share/code-server/extensions/ms-python.python-2025.16.0-universal/out/client/extension.js:2:2016212)
	at Immediate.<anonymous> (/home/coder/.local/share/code-server/extensions/ms-python.python-2025.16.0-universal/out/client/extension.js:2:2012506)
	at process.processImmediate (node:internal/timers:485:21)
2025-11-08 00:32:37.696 [error] [ms-python.python] provider FAILED
2025-11-08 00:32:37.696 [error] Error: UnboundLocalError: cannot access local variable 'start_index' where it is not associated with a value
	at ae (/home/coder/.local/share/code-server/extensions/ms-python.python-2025.16.0-universal/out/client/extension.js:2:2018252)
	at oe (/home/coder/.local/share/code-server/extensions/ms-python.python-2025.16.0-universal/out/client/extension.js:2:2016212)
	at Immediate.<anonymous> (/home/coder/.local/share/code-server/extensions/ms-python.python-2025.16.0-universal/out/client/extension.js:2:2012506)
	at process.processImmediate (node:internal/timers:485:21)
2025-11-08 00:32:39.885 [error] [ms-python.python] provider FAILED
2025-11-08 00:32:39.886 [error] Error: UnboundLocalError: cannot access local variable 'start_index' where it is not associated with a value
	at ae (/home/coder/.local/share/code-server/extensions/ms-python.python-2025.16.0-universal/out/client/extension.js:2:2018252)
	at oe (/home/coder/.local/share/code-server/extensions/ms-python.python-2025.16.0-universal/out/client/extension.js:2:2016212)
	at Immediate.<anonymous> (/home/coder/.local/share/code-server/extensions/ms-python.python-2025.16.0-universal/out/client/extension.js:2:2012506)
	at process.processImmediate (node:internal/timers:485:21)
2025-11-08 00:32:40.300 [error] [ms-python.python] provider FAILED
2025-11-08 00:32:40.300 [error] Error: UnboundLocalError: cannot access local variable 'start_index' where it is not associated with a value
	at ae (/home/coder/.local/share/code-server/extensions/ms-python.python-2025.16.0-universal/out/client/extension.js:2:2018252)
	at oe (/home/coder/.local/share/code-server/extensions/ms-python.python-2025.16.0-universal/out/client/extension.js:2:2016212)
	at Immediate.<anonymous> (/home/coder/.local/share/code-server/extensions/ms-python.python-2025.16.0-universal/out/client/extension.js:2:2012506)
	at process.processImmediate (node:internal/timers:485:21)
2025-11-08 00:32:41.461 [error] [ms-python.python] provider FAILED
2025-11-08 00:32:41.461 [error] Error: UnboundLocalError: cannot access local variable 'start_index' where it is not associated with a value
	at ae (/home/coder/.local/share/code-server/extensions/ms-python.python-2025.16.0-universal/out/client/extension.js:2:2018252)
	at oe (/home/coder/.local/share/code-server/extensions/ms-python.python-2025.16.0-universal/out/client/extension.js:2:2016212)
	at Immediate.<anonymous> (/home/coder/.local/share/code-server/extensions/ms-python.python-2025.16.0-universal/out/client/extension.js:2:2012506)
	at process.processImmediate (node:internal/timers:485:21)
2025-11-08 00:32:43.020 [error] [ms-python.python] provider FAILED
2025-11-08 00:32:43.020 [error] Error: UnboundLocalError: cannot access local variable 'start_index' where it is not associated with a value
	at ae (/home/coder/.local/share/code-server/extensions/ms-python.python-2025.16.0-universal/out/client/extension.js:2:2018252)
	at oe (/home/coder/.local/share/code-server/extensions/ms-python.python-2025.16.0-universal/out/client/extension.js:2:2016212)
	at Immediate.<anonymous> (/home/coder/.local/share/code-server/extensions/ms-python.python-2025.16.0-universal/out/client/extension.js:2:2012506)
	at process.processImmediate (node:internal/timers:485:21)
2025-11-08 00:34:37.103 [error] [ms-python.python] provider FAILED
2025-11-08 00:34:37.103 [error] Error: UnboundLocalError: cannot access local variable 'start_index' where it is not associated with a value
	at ae (/home/coder/.local/share/code-server/extensions/ms-python.python-2025.16.0-universal/out/client/extension.js:2:2018252)
	at oe (/home/coder/.local/share/code-server/extensions/ms-python.python-2025.16.0-universal/out/client/extension.js:2:2016212)
	at Immediate.<anonymous> (/home/coder/.local/share/code-server/extensions/ms-python.python-2025.16.0-universal/out/client/extension.js:2:2012506)
	at process.processImmediate (node:internal/timers:485:21)
2025-11-08 01:14:29.389 [info] ExtensionService#_doActivateExtension vscode.npm, startup: false, activationEvent: 'onTerminalQuickFixRequest:ms-vscode.npm-command'
2025-11-08 01:14:36.285 [info] ExtensionService#_doActivateExtension vscode.configuration-editing, startup: false, activationEvent: 'onLanguage:json'
2025-11-08 01:14:36.285 [info] ExtensionService#_doActivateExtension vscode.extension-editing, startup: false, activationEvent: 'onLanguage:json'
2025-11-08 01:14:36.285 [info] ExtensionService#_doActivateExtension vscode.json-language-features, startup: false, activationEvent: 'onLanguage:json'
2025-11-08 01:16:45.672 [error] [ms-python.python] provider FAILED
2025-11-08 01:16:45.674 [error] Error: UnboundLocalError: cannot access local variable 'start_index' where it is not associated with a value
	at ae (/home/coder/.local/share/code-server/extensions/ms-python.python-2025.16.0-universal/out/client/extension.js:2:2018252)
	at oe (/home/coder/.local/share/code-server/extensions/ms-python.python-2025.16.0-universal/out/client/extension.js:2:2016212)
	at Immediate.<anonymous> (/home/coder/.local/share/code-server/extensions/ms-python.python-2025.16.0-universal/out/client/extension.js:2:2012506)
	at process.processImmediate (node:internal/timers:485:21)
2025-11-08 01:16:46.804 [error] [ms-python.python] provider FAILED
2025-11-08 01:16:46.805 [error] Error: UnboundLocalError: cannot access local variable 'start_index' where it is not associated with a value
	at ae (/home/coder/.local/share/code-server/extensions/ms-python.python-2025.16.0-universal/out/client/extension.js:2:2018252)
	at oe (/home/coder/.local/share/code-server/extensions/ms-python.python-2025.16.0-universal/out/client/extension.js:2:2016212)
	at Immediate.<anonymous> (/home/coder/.local/share/code-server/extensions/ms-python.python-2025.16.0-universal/out/client/extension.js:2:2012506)
	at process.processImmediate (node:internal/timers:485:21)
2025-11-08 01:16:57.795 [error] [ms-python.python] provider FAILED
2025-11-08 01:16:57.796 [error] Error: UnboundLocalError: cannot access local variable 'start_index' where it is not associated with a value
	at ae (/home/coder/.local/share/code-server/extensions/ms-python.python-2025.16.0-universal/out/client/extension.js:2:2018252)
	at oe (/home/coder/.local/share/code-server/extensions/ms-python.python-2025.16.0-universal/out/client/extension.js:2:2016212)
	at Immediate.<anonymous> (/home/coder/.local/share/code-server/extensions/ms-python.python-2025.16.0-universal/out/client/extension.js:2:2012506)
	at process.processImmediate (node:internal/timers:485:21)
