2025-11-07 01:06:04.268 [warning] Dir "/home/coder/.pixi/envs" is not watchable (directory does not exist)
2025-11-07 01:06:12.476 [info] Skipping ActivatedEnv Detection:  process.env.VSCODE_CLI !== '1'
2025-11-07 01:06:12.572 [info] Python interpreter path: ./.venv/bin/python
2025-11-07 01:06:13.070 [info] > pyenv which python
2025-11-07 01:06:13.070 [info] cwd: .
2025-11-07 01:06:16.791 [info] Starting Jedi language server for coder.
2025-11-07 01:06:21.645 [info] Discover tests for workspace name: coder - uri: /home/coder/oi.py
2025-11-07 01:06:51.219 [info] Discover tests for workspace name: coder - uri: /home/coder/oi.py
2025-11-07 01:06:54.500 [info] Discover tests for workspace name: coder - uri: /home/coder/oi.py
2025-11-07 01:06:56.288 [info] Discover tests for workspace name: coder - uri: /home/coder/oi.py
2025-11-07 01:07:17.197 [info] Discover tests for workspace name: coder - uri: /home/coder/oi.py
2025-11-07 01:07:20.420 [info] Discover tests for workspace name: coder - uri: /home/coder/oi.py
2025-11-07 01:07:25.976 [info] Discover tests for workspace name: coder - uri: /home/coder/oi.py
2025-11-07 01:07:44.445 [info] Discover tests for workspace name: coder - uri: /home/coder/oi.py
2025-11-07 01:07:47.505 [info] Discover tests for workspace name: coder - uri: /home/coder/oi.py
2025-11-07 01:07:53.967 [info] Discover tests for workspace name: coder - uri: /home/coder/oi.py
2025-11-07 01:08:18.990 [info] Discover tests for workspace name: coder - uri: /home/coder/oi.py
2025-11-07 01:08:25.526 [info] Discover tests for workspace name: coder - uri: /home/coder/oi.py
2025-11-07 01:08:35.527 [info] Discover tests for workspace name: coder - uri: /home/coder/oi.py
2025-11-07 01:08:38.033 [info] Discover tests for workspace name: coder - uri: /home/coder/oi.py
2025-11-07 01:08:39.673 [info] Discover tests for workspace name: coder - uri: /home/coder/oi.py
2025-11-07 01:08:41.657 [info] Discover tests for workspace name: coder - uri: /home/coder/oi.py
2025-11-07 01:08:42.761 [info] Discover tests for workspace name: coder - uri: /home/coder/oi.py
2025-11-07 01:12:00.475 [info] Discover tests for workspace name: coder - uri: /home/coder/oi.py
2025-11-07 01:12:02.064 [info] Discover tests for workspace name: coder - uri: /home/coder/oi.py
2025-11-07 01:12:04.861 [info] Discover tests for workspace name: coder - uri: /home/coder/oi.py
2025-11-07 01:12:32.754 [info] Discover tests for workspace name: coder - uri: /home/coder/oi.py
2025-11-07 01:12:35.420 [info] Discover tests for workspace name: coder - uri: /home/coder/oi.py
2025-11-07 01:12:40.343 [info] Discover tests for workspace name: coder - uri: /home/coder/oi.py
2025-11-07 01:12:49.467 [info] Discover tests for workspace name: coder - uri: /home/coder/oi.py
2025-11-07 01:12:51.318 [info] Discover tests for workspace name: coder - uri: /home/coder/oi.py
2025-11-07 01:12:55.219 [info] Discover tests for workspace name: coder - uri: /home/coder/oi.py
2025-11-07 01:13:00.861 [info] Discover tests for workspace name: coder - uri: /home/coder/oi.py
2025-11-07 01:13:02.528 [info] Discover tests for workspace name: coder - uri: /home/coder/oi.py
2025-11-07 01:13:13.489 [info] Discover tests for workspace name: coder - uri: /home/coder/oi.py
2025-11-07 01:14:27.234 [info] Discover tests for workspace name: coder - uri: /home/coder/oi.py
2025-11-07 01:14:29.478 [info] Discover tests for workspace name: coder - uri: /home/coder/oi.py
2025-11-07 01:14:33.816 [info] Discover tests for workspace name: coder - uri: /home/coder/oi.py
2025-11-07 01:15:28.394 [info] Discover tests for workspace name: coder - uri: /home/coder/oi.py
2025-11-07 01:15:51.592 [info] Discover tests for workspace name: coder - uri: /home/coder/oi.py
2025-11-07 01:15:55.374 [info] Discover tests for workspace name: coder - uri: /home/coder/oi.py
2025-11-07 01:15:57.913 [info] Discover tests for workspace name: coder - uri: /home/coder/oi.py
2025-11-07 01:16:11.271 [info] Discover tests for workspace name: coder - uri: /home/coder/oi.py
2025-11-07 01:16:19.052 [info] Discover tests for workspace name: coder - uri: /home/coder/oi.py
2025-11-07 01:16:21.789 [info] Discover tests for workspace name: coder - uri: /home/coder/oi.py
2025-11-07 01:16:26.351 [info] Discover tests for workspace name: coder - uri: /home/coder/oi.py
2025-11-07 01:16:29.167 [info] Discover tests for workspace name: coder - uri: /home/coder/oi.py
2025-11-07 01:16:32.406 [info] Discover tests for workspace name: coder - uri: /home/coder/oi.py
2025-11-07 01:16:36.941 [info] Discover tests for workspace name: coder - uri: /home/coder/oi.py
2025-11-07 01:17:03.067 [info] Discover tests for workspace name: coder - uri: /home/coder/oi.py
2025-11-07 01:17:08.564 [info] Discover tests for workspace name: coder - uri: /home/coder/oi.py
2025-11-07 01:17:15.653 [info] Discover tests for workspace name: coder - uri: /home/coder/oi.py
2025-11-07 01:17:18.783 [info] Discover tests for workspace name: coder - uri: /home/coder/oi.py
2025-11-07 01:17:22.996 [info] Discover tests for workspace name: coder - uri: /home/coder/oi.py
2025-11-07 01:17:24.832 [info] Discover tests for workspace name: coder - uri: /home/coder/oi.py
2025-11-07 01:17:35.007 [info] Discover tests for workspace name: coder - uri: /home/coder/oi.py
2025-11-07 01:18:02.349 [info] Discover tests for workspace name: coder - uri: /home/coder/oi.py
2025-11-07 01:18:04.728 [info] Discover tests for workspace name: coder - uri: /home/coder/oi.py
2025-11-07 01:18:07.984 [info] Discover tests for workspace name: coder - uri: /home/coder/oi.py
2025-11-07 01:19:28.477 [info] Discover tests for workspace name: coder - uri: /home/coder/oi.py
2025-11-07 01:19:30.823 [info] Discover tests for workspace name: coder - uri: /home/coder/oi.py
2025-11-07 01:19:32.133 [info] Discover tests for workspace name: coder - uri: /home/coder/oi.py
2025-11-07 01:19:38.573 [info] Discover tests for workspace name: coder - uri: /home/coder/oi.py
2025-11-07 01:19:55.270 [info] Discover tests for workspace name: coder - uri: /home/coder/oi.py
2025-11-07 01:20:02.622 [info] Discover tests for workspace name: coder - uri: /home/coder/oi.py
2025-11-07 01:20:15.441 [info] Discover tests for workspace name: coder - uri: /home/coder/oi.py
2025-11-07 01:22:12.689 [info] Discover tests for workspace name: coder - uri: /home/coder/oi.py
2025-11-07 01:22:48.376 [info] Discover tests for workspace name: coder - uri: /home/coder/oi.py
2025-11-07 01:23:25.669 [info] Discover tests for workspace name: coder - uri: /home/coder/oi.py
2025-11-07 01:23:27.508 [info] Discover tests for workspace name: coder - uri: /home/coder/oi.py
2025-11-07 01:23:29.745 [info] Discover tests for workspace name: coder - uri: /home/coder/oi.py
2025-11-07 01:23:32.511 [info] Discover tests for workspace name: coder - uri: /home/coder/oi.py
2025-11-07 01:23:36.987 [info] Discover tests for workspace name: coder - uri: /home/coder/oi.py
2025-11-07 01:23:55.502 [info] Discover tests for workspace name: coder - uri: /home/coder/oi.py
2025-11-07 01:23:58.167 [info] Discover tests for workspace name: coder - uri: /home/coder/oi.py
2025-11-07 01:24:22.430 [info] Discover tests for workspace name: coder - uri: /home/coder/oi.py
2025-11-07 01:24:43.849 [info] Discover tests for workspace name: coder - uri: /home/coder/oi.py
2025-11-07 01:24:48.065 [info] Discover tests for workspace name: coder - uri: /home/coder/oi.py
2025-11-07 01:24:56.608 [info] Discover tests for workspace name: coder - uri: /home/coder/oi.py
2025-11-07 01:25:26.367 [info] Discover tests for workspace name: coder - uri: /home/coder/oi.py
2025-11-07 01:25:28.732 [info] Discover tests for workspace name: coder - uri: /home/coder/oi.py
2025-11-07 01:25:45.453 [info] Discover tests for workspace name: coder - uri: /home/coder/oi.py
2025-11-07 01:25:49.078 [info] Discover tests for workspace name: coder - uri: /home/coder/oi.py
2025-11-07 01:25:52.118 [info] Discover tests for workspace name: coder - uri: /home/coder/oi.py
2025-11-07 01:25:54.177 [info] Discover tests for workspace name: coder - uri: /home/coder/oi.py
2025-11-07 01:25:56.140 [info] Discover tests for workspace name: coder - uri: /home/coder/oi.py
2025-11-07 01:25:58.864 [info] Discover tests for workspace name: coder - uri: /home/coder/oi.py
2025-11-07 01:26:07.512 [info] Discover tests for workspace name: coder - uri: /home/coder/oi.py
2025-11-07 01:26:36.470 [info] Discover tests for workspace name: coder - uri: /home/coder/oi.py
2025-11-07 01:26:43.867 [info] Discover tests for workspace name: coder - uri: /home/coder/oi.py
2025-11-07 01:27:05.012 [info] Discover tests for workspace name: coder - uri: /home/coder/oi.py
2025-11-07 01:27:14.533 [info] Discover tests for workspace name: coder - uri: /home/coder/oi.py
2025-11-07 01:27:18.558 [info] Discover tests for workspace name: coder - uri: /home/coder/oi.py
2025-11-07 01:27:20.001 [info] Discover tests for workspace name: coder - uri: /home/coder/oi.py
2025-11-07 01:27:24.551 [info] Discover tests for workspace name: coder - uri: /home/coder/oi.py
2025-11-07 01:27:25.956 [info] Discover tests for workspace name: coder - uri: /home/coder/oi.py
2025-11-07 01:27:32.571 [info] Discover tests for workspace name: coder - uri: /home/coder/oi.py
2025-11-07 01:27:41.481 [info] Discover tests for workspace name: coder - uri: /home/coder/oi.py
2025-11-07 01:27:43.317 [info] Discover tests for workspace name: coder - uri: /home/coder/oi.py
2025-11-07 01:27:55.646 [info] Discover tests for workspace name: coder - uri: /home/coder/oi.py
2025-11-07 01:28:00.075 [info] Discover tests for workspace name: coder - uri: /home/coder/oi.py
2025-11-07 01:28:07.864 [info] Discover tests for workspace name: coder - uri: /home/coder/oi.py
2025-11-07 01:28:09.110 [info] Discover tests for workspace name: coder - uri: /home/coder/oi.py
2025-11-07 01:28:11.313 [info] Discover tests for workspace name: coder - uri: /home/coder/oi.py
2025-11-07 01:28:13.123 [info] Discover tests for workspace name: coder - uri: /home/coder/oi.py
2025-11-07 01:28:18.391 [info] Discover tests for workspace name: coder - uri: /home/coder/oi.py
2025-11-07 01:28:22.699 [info] Discover tests for workspace name: coder - uri: /home/coder/oi.py
2025-11-07 01:28:25.153 [info] Send text to terminal: source /home/coder/.venv/bin/activate
2025-11-07 01:28:25.567 [info] CreateEnv Trigger - Skipping for /home/coder/oi.py
2025-11-07 01:28:35.662 [info] Discover tests for workspace name: coder - uri: /home/coder/oi.py
2025-11-07 01:28:37.288 [info] Discover tests for workspace name: coder - uri: /home/coder/oi.py
2025-11-07 01:42:55.712 [info] Discover tests for workspace name: coder - uri: /home/coder/oi.py
2025-11-07 01:43:04.353 [info] Discover tests for workspace name: coder - uri: /home/coder/oi.py
2025-11-07 01:43:10.667 [info] Discover tests for workspace name: coder - uri: /home/coder/oi.py
2025-11-07 01:43:12.123 [info] Discover tests for workspace name: coder - uri: /home/coder/oi.py
2025-11-07 01:43:14.015 [info] Discover tests for workspace name: coder - uri: /home/coder/oi.py
2025-11-07 01:43:16.668 [info] Discover tests for workspace name: coder - uri: /home/coder/oi.py
2025-11-07 01:43:19.650 [info] Discover tests for workspace name: coder - uri: /home/coder/oi.py
2025-11-07 01:43:22.217 [info] Discover tests for workspace name: coder - uri: /home/coder/oi.py
2025-11-07 01:43:28.666 [info] Discover tests for workspace name: coder - uri: /home/coder/oi.py
2025-11-07 01:43:30.679 [info] Discover tests for workspace name: coder - uri: /home/coder/oi.py
2025-11-07 01:43:32.367 [info] Discover tests for workspace name: coder - uri: /home/coder/oi.py
2025-11-07 01:43:37.295 [info] Discover tests for workspace name: coder - uri: /home/coder/oi.py
2025-11-07 01:43:39.681 [info] Discover tests for workspace name: coder - uri: /home/coder/oi.py
2025-11-07 01:43:45.788 [info] Discover tests for workspace name: coder - uri: /home/coder/oi.py
2025-11-07 01:43:49.317 [info] Discover tests for workspace name: coder - uri: /home/coder/oi.py
2025-11-07 01:43:50.739 [info] Discover tests for workspace name: coder - uri: /home/coder/oi.py
2025-11-07 01:43:52.227 [info] Discover tests for workspace name: coder - uri: /home/coder/oi.py
2025-11-07 01:43:54.478 [info] Discover tests for workspace name: coder - uri: /home/coder/oi.py
2025-11-07 01:43:56.238 [info] Discover tests for workspace name: coder - uri: /home/coder/oi.py
2025-11-07 01:44:03.647 [info] Discover tests for workspace name: coder - uri: /home/coder/oi.py
2025-11-07 01:44:06.434 [info] Discover tests for workspace name: coder - uri: /home/coder/oi.py
2025-11-07 01:44:08.374 [info] Discover tests for workspace name: coder - uri: /home/coder/oi.py
2025-11-07 01:44:11.784 [info] Discover tests for workspace name: coder - uri: /home/coder/oi.py
2025-11-07 01:44:13.498 [info] Discover tests for workspace name: coder - uri: /home/coder/oi.py
2025-11-07 01:44:15.728 [info] Discover tests for workspace name: coder - uri: /home/coder/oi.py
2025-11-07 01:44:18.191 [info] Discover tests for workspace name: coder - uri: /home/coder/oi.py
2025-11-07 01:44:20.255 [info] Discover tests for workspace name: coder - uri: /home/coder/oi.py
2025-11-07 01:44:26.450 [info] Discover tests for workspace name: coder - uri: /home/coder/oi.py
2025-11-07 01:44:29.722 [info] Discover tests for workspace name: coder - uri: /home/coder/oi.py
2025-11-07 01:44:34.284 [info] Discover tests for workspace name: coder - uri: /home/coder/oi.py
2025-11-07 01:44:35.770 [info] Discover tests for workspace name: coder - uri: /home/coder/oi.py
2025-11-07 01:44:42.747 [info] Discover tests for workspace name: coder - uri: /home/coder/oi.py
2025-11-07 01:44:47.805 [info] Discover tests for workspace name: coder - uri: /home/coder/oi.py
2025-11-07 01:44:52.472 [info] Discover tests for workspace name: coder - uri: /home/coder/oi.py
2025-11-07 01:44:56.151 [info] Discover tests for workspace name: coder - uri: /home/coder/oi.py
2025-11-07 01:46:08.121 [info] Discover tests for workspace name: coder - uri: /home/coder/oi.py
2025-11-07 01:46:10.554 [info] Discover tests for workspace name: coder - uri: /home/coder/oi.py
2025-11-07 01:46:21.905 [info] Discover tests for workspace name: coder - uri: /home/coder/oi.py
2025-11-07 01:46:25.341 [info] Discover tests for workspace name: coder - uri: /home/coder/oi.py
2025-11-07 01:46:31.056 [info] Discover tests for workspace name: coder - uri: /home/coder/oi.py
2025-11-07 01:46:34.387 [info] Discover tests for workspace name: coder - uri: /home/coder/oi.py
2025-11-07 01:46:45.874 [info] Discover tests for workspace name: coder - uri: /home/coder/oi.py
2025-11-07 01:47:47.535 [info] Discover tests for workspace name: coder - uri: /home/coder/oi.py
2025-11-07 01:51:23.146 [info] Discover tests for workspace name: coder - uri: /home/coder/oi.py
2025-11-07 01:51:26.479 [info] Discover tests for workspace name: coder - uri: /home/coder/oi.py
2025-11-07 01:51:27.905 [info] Discover tests for workspace name: coder - uri: /home/coder/oi.py
2025-11-07 01:53:26.239 [info] Discover tests for workspace name: coder - uri: /home/coder/oi.py
2025-11-07 01:53:28.860 [info] Discover tests for workspace name: coder - uri: /home/coder/oi.py
2025-11-07 01:53:34.663 [info] Discover tests for workspace name: coder - uri: /home/coder/oi.py
2025-11-07 01:54:16.432 [info] Discover tests for workspace name: coder - uri: /home/coder/oi.py
2025-11-07 01:54:20.679 [info] Discover tests for workspace name: coder - uri: /home/coder/oi.py
2025-11-07 01:54:24.384 [info] Discover tests for workspace name: coder - uri: /home/coder/oi.py
2025-11-07 01:54:26.293 [info] Discover tests for workspace name: coder - uri: /home/coder/oi.py
2025-11-07 01:55:22.874 [info] Discover tests for workspace name: coder - uri: /home/coder/oi.py
2025-11-07 01:55:26.104 [info] Discover tests for workspace name: coder - uri: /home/coder/oi.py
2025-11-07 01:56:20.948 [info] Discover tests for workspace name: coder - uri: /home/coder/oi.py
2025-11-07 01:56:22.905 [info] Discover tests for workspace name: coder - uri: /home/coder/oi.py
2025-11-07 01:56:28.403 [info] Discover tests for workspace name: coder - uri: /home/coder/oi.py
2025-11-07 01:56:37.106 [info] Discover tests for workspace name: coder - uri: /home/coder/oi.py
2025-11-07 01:56:39.142 [info] Discover tests for workspace name: coder - uri: /home/coder/oi.py
2025-11-07 01:56:50.901 [info] Discover tests for workspace name: coder - uri: /home/coder/oi.py
2025-11-07 01:56:53.414 [info] Discover tests for workspace name: coder - uri: /home/coder/oi.py
2025-11-07 01:56:55.553 [info] Discover tests for workspace name: coder - uri: /home/coder/oi.py
2025-11-07 01:56:57.470 [info] Discover tests for workspace name: coder - uri: /home/coder/oi.py
2025-11-07 01:56:58.779 [info] Discover tests for workspace name: coder - uri: /home/coder/oi.py
2025-11-07 01:57:15.575 [info] Discover tests for workspace name: coder - uri: /home/coder/oi.py
2025-11-07 01:57:21.576 [info] Discover tests for workspace name: coder - uri: /home/coder/oi.py
2025-11-07 02:05:12.911 [info] Discover tests for workspace name: coder - uri: /home/coder/oi.py
2025-11-07 02:05:14.294 [info] Discover tests for workspace name: coder - uri: /home/coder/oi.py
2025-11-07 02:08:42.766 [info] Discover tests for workspace name: coder - uri: /home/coder/oi.py
2025-11-07 02:08:46.221 [info] Discover tests for workspace name: coder - uri: /home/coder/oi.py
2025-11-07 02:10:01.343 [info] Discover tests for workspace name: coder - uri: /home/coder/oi.py
2025-11-07 02:10:07.713 [info] Discover tests for workspace name: coder - uri: /home/coder/oi.py
2025-11-07 02:10:09.268 [info] Discover tests for workspace name: coder - uri: /home/coder/oi.py
2025-11-07 02:10:11.324 [info] Discover tests for workspace name: coder - uri: /home/coder/oi.py
2025-11-07 02:10:14.974 [info] Discover tests for workspace name: coder - uri: /home/coder/oi.py
2025-11-07 02:10:22.828 [info] Discover tests for workspace name: coder - uri: /home/coder/oi.py
2025-11-07 02:10:38.866 [info] Discover tests for workspace name: coder - uri: /home/coder/oi.py
2025-11-07 02:11:07.666 [info] Discover tests for workspace name: coder - uri: /home/coder/oi.py
2025-11-07 02:11:09.719 [info] Discover tests for workspace name: coder - uri: /home/coder/oi.py
2025-11-07 02:11:11.197 [info] Discover tests for workspace name: coder - uri: /home/coder/oi.py
2025-11-07 02:11:12.514 [info] Discover tests for workspace name: coder - uri: /home/coder/oi.py
2025-11-07 02:11:17.590 [info] Discover tests for workspace name: coder - uri: /home/coder/oi.py
2025-11-07 02:11:22.164 [info] Discover tests for workspace name: coder - uri: /home/coder/oi.py
2025-11-07 02:15:14.453 [info] Discover tests for workspace name: coder - uri: /home/coder/oi.py
2025-11-07 02:15:16.477 [info] Discover tests for workspace name: coder - uri: /home/coder/oi.py
2025-11-07 02:15:18.846 [info] Discover tests for workspace name: coder - uri: /home/coder/oi.py
2025-11-07 02:15:26.062 [info] Discover tests for workspace name: coder - uri: /home/coder/oi.py
2025-11-07 02:16:00.067 [info] Discover tests for workspace name: coder - uri: /home/coder/oi.py
2025-11-07 02:16:06.632 [info] Discover tests for workspace name: coder - uri: /home/coder/oi.py
2025-11-07 02:16:07.990 [info] Discover tests for workspace name: coder - uri: /home/coder/oi.py
2025-11-07 02:16:10.308 [info] Discover tests for workspace name: coder - uri: /home/coder/oi.py
2025-11-07 02:16:13.523 [info] Discover tests for workspace name: coder - uri: /home/coder/oi.py
2025-11-07 02:19:58.074 [info] Discover tests for workspace name: coder - uri: /home/coder/oi.py
2025-11-07 02:20:00.267 [info] Discover tests for workspace name: coder - uri: /home/coder/oi.py
2025-11-07 02:22:08.272 [info] Discover tests for workspace name: coder - uri: /home/coder/oi.py
2025-11-07 02:24:39.972 [info] Discover tests for workspace name: coder - uri: /home/coder/oi.py
2025-11-07 02:26:29.503 [info] Discover tests for workspace name: coder - uri: /home/coder/oi.py
2025-11-07 02:26:31.966 [info] Discover tests for workspace name: coder - uri: /home/coder/oi.py
2025-11-07 02:26:36.658 [info] Discover tests for workspace name: coder - uri: /home/coder/oi.py
2025-11-07 02:26:40.852 [info] Discover tests for workspace name: coder - uri: /home/coder/oi.py
2025-11-07 02:27:06.358 [info] Discover tests for workspace name: coder - uri: /home/coder/oi.py
2025-11-07 02:37:07.989 [info] Discover tests for workspace name: coder - uri: /home/coder/oi.py
2025-11-07 02:37:09.421 [info] Discover tests for workspace name: coder - uri: /home/coder/oi.py
2025-11-07 02:37:11.927 [info] Discover tests for workspace name: coder - uri: /home/coder/oi.py
2025-11-07 02:37:13.838 [info] Discover tests for workspace name: coder - uri: /home/coder/oi.py
2025-11-07 02:37:15.314 [info] Discover tests for workspace name: coder - uri: /home/coder/oi.py
2025-11-07 02:37:16.848 [info] Discover tests for workspace name: coder - uri: /home/coder/oi.py
2025-11-07 02:37:37.917 [info] Discover tests for workspace name: coder - uri: /home/coder/oi.py
2025-11-07 02:37:39.104 [info] Discover tests for workspace name: coder - uri: /home/coder/oi.py
2025-11-07 02:37:40.503 [info] Discover tests for workspace name: coder - uri: /home/coder/oi.py
2025-11-07 02:37:42.808 [info] Discover tests for workspace name: coder - uri: /home/coder/oi.py
2025-11-07 02:37:57.273 [info] Discover tests for workspace name: coder - uri: /home/coder/oi.py
2025-11-07 02:38:03.033 [info] Discover tests for workspace name: coder - uri: /home/coder/oi.py
2025-11-07 02:38:06.395 [info] Discover tests for workspace name: coder - uri: /home/coder/oi.py
2025-11-07 02:38:27.659 [info] Discover tests for workspace name: coder - uri: /home/coder/oi.py
2025-11-07 02:38:31.593 [info] Discover tests for workspace name: coder - uri: /home/coder/oi.py
2025-11-07 02:38:39.312 [info] Discover tests for workspace name: coder - uri: /home/coder/oi.py
2025-11-07 02:38:41.010 [info] Discover tests for workspace name: coder - uri: /home/coder/oi.py
2025-11-07 02:38:46.913 [info] Discover tests for workspace name: coder - uri: /home/coder/oi.py
2025-11-07 02:38:57.541 [info] Discover tests for workspace name: coder - uri: /home/coder/oi.py
2025-11-07 02:39:01.676 [info] Discover tests for workspace name: coder - uri: /home/coder/oi.py
2025-11-07 02:39:03.219 [info] Discover tests for workspace name: coder - uri: /home/coder/oi.py
2025-11-07 02:39:05.227 [info] Discover tests for workspace name: coder - uri: /home/coder/oi.py
2025-11-07 02:39:22.383 [info] Discover tests for workspace name: coder - uri: /home/coder/oi.py
2025-11-07 02:39:33.587 [info] Discover tests for workspace name: coder - uri: /home/coder/oi.py
2025-11-07 02:39:34.983 [info] Discover tests for workspace name: coder - uri: /home/coder/oi.py
2025-11-07 02:39:40.314 [info] Discover tests for workspace name: coder - uri: /home/coder/oi.py
2025-11-07 02:40:01.044 [info] Discover tests for workspace name: coder - uri: /home/coder/oi.py
2025-11-07 02:41:32.454 [info] Discover tests for workspace name: coder - uri: /home/coder/oi.py
2025-11-07 02:41:36.351 [info] Discover tests for workspace name: coder - uri: /home/coder/oi.py
2025-11-07 02:41:40.938 [info] Discover tests for workspace name: coder - uri: /home/coder/oi.py
2025-11-07 02:42:03.472 [info] Discover tests for workspace name: coder - uri: /home/coder/oi.py
2025-11-07 02:42:29.136 [info] Discover tests for workspace name: coder - uri: /home/coder/oi.py
2025-11-07 02:42:33.126 [info] Discover tests for workspace name: coder - uri: /home/coder/oi.py
2025-11-07 02:42:34.676 [info] Discover tests for workspace name: coder - uri: /home/coder/oi.py
2025-11-07 02:42:44.567 [info] Discover tests for workspace name: coder - uri: /home/coder/oi.py
2025-11-07 02:42:49.015 [info] Discover tests for workspace name: coder - uri: /home/coder/oi.py
2025-11-07 02:42:51.456 [info] Discover tests for workspace name: coder - uri: /home/coder/oi.py
2025-11-07 02:43:05.125 [info] Discover tests for workspace name: coder - uri: /home/coder/oi.py
2025-11-07 02:43:07.287 [info] Discover tests for workspace name: coder - uri: /home/coder/oi.py
2025-11-07 02:43:30.097 [info] Discover tests for workspace name: coder - uri: /home/coder/oi.py
2025-11-07 02:43:31.334 [info] Discover tests for workspace name: coder - uri: /home/coder/oi.py
2025-11-07 02:43:34.705 [info] Discover tests for workspace name: coder - uri: /home/coder/oi.py
2025-11-07 02:43:36.256 [info] Discover tests for workspace name: coder - uri: /home/coder/oi.py
2025-11-07 02:44:28.481 [info] Discover tests for workspace name: coder - uri: /home/coder/oi.py
2025-11-07 02:44:30.763 [info] Discover tests for workspace name: coder - uri: /home/coder/oi.py
2025-11-07 02:44:38.011 [info] Discover tests for workspace name: coder - uri: /home/coder/oi.py
2025-11-07 02:44:39.286 [info] Discover tests for workspace name: coder - uri: /home/coder/oi.py
2025-11-07 02:45:05.392 [info] Discover tests for workspace name: coder - uri: /home/coder/oi.py
2025-11-07 02:45:09.706 [info] Discover tests for workspace name: coder - uri: /home/coder/oi.py
2025-11-07 02:45:11.908 [info] Discover tests for workspace name: coder - uri: /home/coder/oi.py
