2025-11-06 01:58:29.176 [info] [main] Log level: Info
2025-11-06 01:58:29.176 [info] [main] Validating found git in: "git"
2025-11-06 01:58:29.176 [info] [main] Using git "2.39.5" from "git"
2025-11-06 01:58:29.176 [info] [Model][doInitialScan] Initial repository scan started
2025-11-06 01:58:29.176 [info] > git rev-parse --show-toplevel [1198ms]
2025-11-06 01:58:29.176 [info] fatal: not a git repository (or any of the parent directories): .git
2025-11-06 01:58:29.176 [info] > git rev-parse --show-toplevel [99ms]
2025-11-06 01:58:29.176 [info] fatal: not a git repository (or any of the parent directories): .git
2025-11-06 01:58:29.176 [info] > git rev-parse --show-toplevel [86ms]
2025-11-06 01:58:29.176 [info] fatal: not a git repository (or any of the parent directories): .git
2025-11-06 01:58:29.176 [info] > git rev-parse --show-toplevel [6ms]
2025-11-06 01:58:29.176 [info] fatal: not a git repository (or any of the parent directories): .git
2025-11-06 01:58:29.176 [info] > git rev-parse --show-toplevel [17ms]
2025-11-06 01:58:29.176 [info] fatal: not a git repository (or any of the parent directories): .git
2025-11-06 01:58:29.176 [info] > git rev-parse --show-toplevel [191ms]
2025-11-06 01:58:29.176 [info] fatal: not a git repository (or any of the parent directories): .git
2025-11-06 01:58:29.266 [info] > git rev-parse --show-toplevel [81ms]
2025-11-06 01:58:29.266 [info] fatal: not a git repository (or any parent up to mount point /home/coder)
Stopping at filesystem boundary (GIT_DISCOVERY_ACROSS_FILESYSTEM not set).
2025-11-06 01:58:29.290 [info] [Model][doInitialScan] Initial repository scan completed - repositories (0), closed repositories (0), parent repositories (0), unsafe repositories (0)
2025-11-06 01:58:29.486 [info] > git rev-parse --show-toplevel [8ms]
2025-11-06 01:58:29.486 [info] fatal: not a git repository (or any of the parent directories): .git
2025-11-06 02:36:29.879 [info] > git rev-parse --show-toplevel [24ms]
2025-11-06 02:36:29.894 [info] fatal: not a git repository (or any of the parent directories): .git
2025-11-06 02:36:53.732 [info] > git rev-parse --show-toplevel [3ms]
2025-11-06 02:36:53.732 [info] fatal: not a git repository (or any of the parent directories): .git
